[2025-03-10T02:36:44.940+0000] {processor.py:161} INFO - Started process (PID=61) to work on /opt/airflow/dags/dbt_built.py
[2025-03-10T02:36:44.941+0000] {processor.py:830} INFO - Processing file /opt/airflow/dags/dbt_built.py for tasks to queue
[2025-03-10T02:36:44.948+0000] {logging_mixin.py:188} INFO - [2025-03-10T02:36:44.947+0000] {dagbag.py:540} INFO - Filling up the DagBag from /opt/airflow/dags/dbt_built.py
[2025-03-10T02:36:45.023+0000] {processor.py:840} INFO - DAG(s) 'dbt_build' retrieved from /opt/airflow/dags/dbt_built.py
[2025-03-10T02:36:45.585+0000] {logging_mixin.py:188} INFO - [2025-03-10T02:36:45.584+0000] {override.py:1829} INFO - Created Permission View: can read on DAG:dbt_build
[2025-03-10T02:36:45.652+0000] {logging_mixin.py:188} INFO - [2025-03-10T02:36:45.651+0000] {override.py:1829} INFO - Created Permission View: can delete on DAG:dbt_build
[2025-03-10T02:36:45.831+0000] {logging_mixin.py:188} INFO - [2025-03-10T02:36:45.823+0000] {override.py:1829} INFO - Created Permission View: can edit on DAG:dbt_build
[2025-03-10T02:36:45.838+0000] {logging_mixin.py:188} INFO - [2025-03-10T02:36:45.838+0000] {dag.py:3096} INFO - Sync 1 DAGs
[2025-03-10T02:36:45.912+0000] {logging_mixin.py:188} INFO - [2025-03-10T02:36:45.911+0000] {dag.py:3118} INFO - Creating ORM DAG for dbt_build
[2025-03-10T02:36:45.949+0000] {logging_mixin.py:188} INFO - [2025-03-10T02:36:45.949+0000] {dag.py:3954} INFO - Setting next_dagrun for dbt_build to 2025-03-09 23:00:00+00:00, run_after=2025-03-10 23:00:00+00:00
[2025-03-10T02:36:46.056+0000] {processor.py:183} INFO - Processing /opt/airflow/dags/dbt_built.py took 1.125 seconds
[2025-03-10T02:37:16.891+0000] {processor.py:161} INFO - Started process (PID=68) to work on /opt/airflow/dags/dbt_built.py
[2025-03-10T02:37:16.893+0000] {processor.py:830} INFO - Processing file /opt/airflow/dags/dbt_built.py for tasks to queue
[2025-03-10T02:37:16.918+0000] {logging_mixin.py:188} INFO - [2025-03-10T02:37:16.915+0000] {dagbag.py:540} INFO - Filling up the DagBag from /opt/airflow/dags/dbt_built.py
[2025-03-10T02:37:17.138+0000] {processor.py:840} INFO - DAG(s) 'dbt_build' retrieved from /opt/airflow/dags/dbt_built.py
[2025-03-10T02:37:17.378+0000] {logging_mixin.py:188} INFO - [2025-03-10T02:37:17.377+0000] {dag.py:3096} INFO - Sync 1 DAGs
[2025-03-10T02:37:17.459+0000] {logging_mixin.py:188} INFO - [2025-03-10T02:37:17.458+0000] {dag.py:3954} INFO - Setting next_dagrun for dbt_build to 2025-03-09 23:00:00+00:00, run_after=2025-03-10 23:00:00+00:00
[2025-03-10T02:37:17.830+0000] {processor.py:183} INFO - Processing /opt/airflow/dags/dbt_built.py took 0.972 seconds
[2025-03-10T02:37:48.718+0000] {processor.py:161} INFO - Started process (PID=75) to work on /opt/airflow/dags/dbt_built.py
[2025-03-10T02:37:48.721+0000] {processor.py:830} INFO - Processing file /opt/airflow/dags/dbt_built.py for tasks to queue
[2025-03-10T02:37:48.727+0000] {logging_mixin.py:188} INFO - [2025-03-10T02:37:48.726+0000] {dagbag.py:540} INFO - Filling up the DagBag from /opt/airflow/dags/dbt_built.py
[2025-03-10T02:37:48.761+0000] {processor.py:840} INFO - DAG(s) 'dbt_build' retrieved from /opt/airflow/dags/dbt_built.py
[2025-03-10T02:37:48.815+0000] {logging_mixin.py:188} INFO - [2025-03-10T02:37:48.814+0000] {dag.py:3096} INFO - Sync 1 DAGs
[2025-03-10T02:37:48.857+0000] {logging_mixin.py:188} INFO - [2025-03-10T02:37:48.856+0000] {dag.py:3954} INFO - Setting next_dagrun for dbt_build to 2025-03-09 23:00:00+00:00, run_after=2025-03-10 23:00:00+00:00
[2025-03-10T02:37:49.006+0000] {processor.py:183} INFO - Processing /opt/airflow/dags/dbt_built.py took 0.406 seconds
[2025-03-10T02:38:19.147+0000] {processor.py:161} INFO - Started process (PID=82) to work on /opt/airflow/dags/dbt_built.py
[2025-03-10T02:38:19.635+0000] {processor.py:830} INFO - Processing file /opt/airflow/dags/dbt_built.py for tasks to queue
[2025-03-10T02:38:19.637+0000] {logging_mixin.py:188} INFO - [2025-03-10T02:38:19.637+0000] {dagbag.py:540} INFO - Filling up the DagBag from /opt/airflow/dags/dbt_built.py
[2025-03-10T02:38:19.688+0000] {processor.py:840} INFO - DAG(s) 'dbt_build' retrieved from /opt/airflow/dags/dbt_built.py
[2025-03-10T02:38:19.789+0000] {logging_mixin.py:188} INFO - [2025-03-10T02:38:19.789+0000] {dag.py:3096} INFO - Sync 1 DAGs
[2025-03-10T02:38:19.932+0000] {logging_mixin.py:188} INFO - [2025-03-10T02:38:19.932+0000] {dag.py:3954} INFO - Setting next_dagrun for dbt_build to 2025-03-09 23:00:00+00:00, run_after=2025-03-10 23:00:00+00:00
[2025-03-10T02:38:20.981+0000] {processor.py:183} INFO - Processing /opt/airflow/dags/dbt_built.py took 1.844 seconds
[2025-03-10T02:38:51.153+0000] {processor.py:161} INFO - Started process (PID=89) to work on /opt/airflow/dags/dbt_built.py
[2025-03-10T02:38:51.158+0000] {processor.py:830} INFO - Processing file /opt/airflow/dags/dbt_built.py for tasks to queue
[2025-03-10T02:38:51.164+0000] {logging_mixin.py:188} INFO - [2025-03-10T02:38:51.164+0000] {dagbag.py:540} INFO - Filling up the DagBag from /opt/airflow/dags/dbt_built.py
[2025-03-10T02:38:51.223+0000] {processor.py:840} INFO - DAG(s) 'dbt_build' retrieved from /opt/airflow/dags/dbt_built.py
[2025-03-10T02:38:51.273+0000] {logging_mixin.py:188} INFO - [2025-03-10T02:38:51.272+0000] {dag.py:3096} INFO - Sync 1 DAGs
[2025-03-10T02:38:51.380+0000] {logging_mixin.py:188} INFO - [2025-03-10T02:38:51.380+0000] {dag.py:3954} INFO - Setting next_dagrun for dbt_build to 2025-03-09 23:00:00+00:00, run_after=2025-03-10 23:00:00+00:00
[2025-03-10T02:38:51.549+0000] {processor.py:183} INFO - Processing /opt/airflow/dags/dbt_built.py took 0.403 seconds
[2025-03-10T02:39:21.975+0000] {processor.py:161} INFO - Started process (PID=95) to work on /opt/airflow/dags/dbt_built.py
[2025-03-10T02:39:21.977+0000] {processor.py:830} INFO - Processing file /opt/airflow/dags/dbt_built.py for tasks to queue
[2025-03-10T02:39:21.987+0000] {logging_mixin.py:188} INFO - [2025-03-10T02:39:21.987+0000] {dagbag.py:540} INFO - Filling up the DagBag from /opt/airflow/dags/dbt_built.py
[2025-03-10T02:39:22.061+0000] {processor.py:840} INFO - DAG(s) 'dbt_build' retrieved from /opt/airflow/dags/dbt_built.py
[2025-03-10T02:39:22.116+0000] {logging_mixin.py:188} INFO - [2025-03-10T02:39:22.112+0000] {dag.py:3096} INFO - Sync 1 DAGs
[2025-03-10T02:39:22.175+0000] {logging_mixin.py:188} INFO - [2025-03-10T02:39:22.175+0000] {dag.py:3954} INFO - Setting next_dagrun for dbt_build to 2025-03-09 23:00:00+00:00, run_after=2025-03-10 23:00:00+00:00
[2025-03-10T02:39:22.260+0000] {processor.py:183} INFO - Processing /opt/airflow/dags/dbt_built.py took 0.310 seconds
[2025-03-10T02:39:52.493+0000] {processor.py:161} INFO - Started process (PID=102) to work on /opt/airflow/dags/dbt_built.py
[2025-03-10T02:39:52.499+0000] {processor.py:830} INFO - Processing file /opt/airflow/dags/dbt_built.py for tasks to queue
[2025-03-10T02:39:52.503+0000] {logging_mixin.py:188} INFO - [2025-03-10T02:39:52.503+0000] {dagbag.py:540} INFO - Filling up the DagBag from /opt/airflow/dags/dbt_built.py
[2025-03-10T02:39:52.550+0000] {processor.py:840} INFO - DAG(s) 'dbt_build' retrieved from /opt/airflow/dags/dbt_built.py
[2025-03-10T02:39:52.646+0000] {logging_mixin.py:188} INFO - [2025-03-10T02:39:52.646+0000] {dag.py:3096} INFO - Sync 1 DAGs
[2025-03-10T02:39:52.778+0000] {logging_mixin.py:188} INFO - [2025-03-10T02:39:52.778+0000] {dag.py:3954} INFO - Setting next_dagrun for dbt_build to 2025-03-09 23:00:00+00:00, run_after=2025-03-10 23:00:00+00:00
[2025-03-10T02:39:52.861+0000] {processor.py:183} INFO - Processing /opt/airflow/dags/dbt_built.py took 0.375 seconds
[2025-03-10T02:40:08.295+0000] {processor.py:161} INFO - Started process (PID=109) to work on /opt/airflow/dags/dbt_built.py
[2025-03-10T02:40:08.325+0000] {processor.py:830} INFO - Processing file /opt/airflow/dags/dbt_built.py for tasks to queue
[2025-03-10T02:40:08.334+0000] {logging_mixin.py:188} INFO - [2025-03-10T02:40:08.333+0000] {dagbag.py:540} INFO - Filling up the DagBag from /opt/airflow/dags/dbt_built.py
[2025-03-10T02:40:08.850+0000] {processor.py:840} INFO - DAG(s) 'dbt_build' retrieved from /opt/airflow/dags/dbt_built.py
[2025-03-10T02:40:09.527+0000] {logging_mixin.py:188} INFO - [2025-03-10T02:40:09.527+0000] {dag.py:3096} INFO - Sync 1 DAGs
[2025-03-10T02:40:09.661+0000] {logging_mixin.py:188} INFO - [2025-03-10T02:40:09.660+0000] {dag.py:3954} INFO - Setting next_dagrun for dbt_build to 2025-03-09 02:00:00+00:00, run_after=2025-03-10 02:00:00+00:00
[2025-03-10T02:40:10.044+0000] {processor.py:183} INFO - Processing /opt/airflow/dags/dbt_built.py took 1.814 seconds
[2025-03-10T02:40:41.453+0000] {processor.py:161} INFO - Started process (PID=115) to work on /opt/airflow/dags/dbt_built.py
[2025-03-10T02:40:41.455+0000] {processor.py:830} INFO - Processing file /opt/airflow/dags/dbt_built.py for tasks to queue
[2025-03-10T02:40:41.458+0000] {logging_mixin.py:188} INFO - [2025-03-10T02:40:41.458+0000] {dagbag.py:540} INFO - Filling up the DagBag from /opt/airflow/dags/dbt_built.py
[2025-03-10T02:40:41.736+0000] {processor.py:840} INFO - DAG(s) 'dbt_build' retrieved from /opt/airflow/dags/dbt_built.py
[2025-03-10T02:40:41.879+0000] {logging_mixin.py:188} INFO - [2025-03-10T02:40:41.877+0000] {dag.py:3096} INFO - Sync 1 DAGs
[2025-03-10T02:40:41.961+0000] {logging_mixin.py:188} INFO - [2025-03-10T02:40:41.960+0000] {dag.py:3954} INFO - Setting next_dagrun for dbt_build to 2025-03-10 02:00:00+00:00, run_after=2025-03-11 02:00:00+00:00
[2025-03-10T02:40:42.090+0000] {processor.py:183} INFO - Processing /opt/airflow/dags/dbt_built.py took 0.660 seconds
[2025-03-10T02:41:12.762+0000] {processor.py:161} INFO - Started process (PID=123) to work on /opt/airflow/dags/dbt_built.py
[2025-03-10T02:41:12.763+0000] {processor.py:830} INFO - Processing file /opt/airflow/dags/dbt_built.py for tasks to queue
[2025-03-10T02:41:12.765+0000] {logging_mixin.py:188} INFO - [2025-03-10T02:41:12.764+0000] {dagbag.py:540} INFO - Filling up the DagBag from /opt/airflow/dags/dbt_built.py
[2025-03-10T02:41:12.799+0000] {processor.py:840} INFO - DAG(s) 'dbt_build' retrieved from /opt/airflow/dags/dbt_built.py
[2025-03-10T02:41:12.843+0000] {logging_mixin.py:188} INFO - [2025-03-10T02:41:12.843+0000] {dag.py:3096} INFO - Sync 1 DAGs
[2025-03-10T02:41:12.931+0000] {logging_mixin.py:188} INFO - [2025-03-10T02:41:12.930+0000] {dag.py:3954} INFO - Setting next_dagrun for dbt_build to 2025-03-10 02:00:00+00:00, run_after=2025-03-11 02:00:00+00:00
[2025-03-10T02:41:13.062+0000] {processor.py:183} INFO - Processing /opt/airflow/dags/dbt_built.py took 0.308 seconds
[2025-03-10T02:41:43.449+0000] {processor.py:161} INFO - Started process (PID=130) to work on /opt/airflow/dags/dbt_built.py
[2025-03-10T02:41:43.451+0000] {processor.py:830} INFO - Processing file /opt/airflow/dags/dbt_built.py for tasks to queue
[2025-03-10T02:41:43.454+0000] {logging_mixin.py:188} INFO - [2025-03-10T02:41:43.454+0000] {dagbag.py:540} INFO - Filling up the DagBag from /opt/airflow/dags/dbt_built.py
[2025-03-10T02:41:43.486+0000] {processor.py:840} INFO - DAG(s) 'dbt_build' retrieved from /opt/airflow/dags/dbt_built.py
[2025-03-10T02:41:43.561+0000] {logging_mixin.py:188} INFO - [2025-03-10T02:41:43.560+0000] {dag.py:3096} INFO - Sync 1 DAGs
[2025-03-10T02:41:43.633+0000] {logging_mixin.py:188} INFO - [2025-03-10T02:41:43.633+0000] {dag.py:3954} INFO - Setting next_dagrun for dbt_build to 2025-03-10 02:00:00+00:00, run_after=2025-03-11 02:00:00+00:00
[2025-03-10T02:41:43.775+0000] {processor.py:183} INFO - Processing /opt/airflow/dags/dbt_built.py took 0.339 seconds
