[2025-03-10T14:52:17.051+0000] {processor.py:161} INFO - Started process (PID=692) to work on /opt/airflow/dags/trigger_dbt_build.py
[2025-03-10T14:52:17.060+0000] {processor.py:830} INFO - Processing file /opt/airflow/dags/trigger_dbt_build.py for tasks to queue
[2025-03-10T14:52:17.093+0000] {logging_mixin.py:188} INFO - [2025-03-10T14:52:17.092+0000] {dagbag.py:540} INFO - Filling up the DagBag from /opt/airflow/dags/trigger_dbt_build.py
[2025-03-10T14:52:17.167+0000] {processor.py:840} INFO - DAG(s) 'trigger_dbt_build' retrieved from /opt/airflow/dags/trigger_dbt_build.py
[2025-03-10T14:52:18.668+0000] {logging_mixin.py:188} INFO - [2025-03-10T14:52:18.666+0000] {override.py:1829} INFO - Created Permission View: can delete on DAG:trigger_dbt_build
[2025-03-10T14:52:18.776+0000] {logging_mixin.py:188} INFO - [2025-03-10T14:52:18.775+0000] {override.py:1829} INFO - Created Permission View: can edit on DAG:trigger_dbt_build
[2025-03-10T14:52:18.842+0000] {logging_mixin.py:188} INFO - [2025-03-10T14:52:18.841+0000] {override.py:1829} INFO - Created Permission View: can read on DAG:trigger_dbt_build
[2025-03-10T14:52:18.843+0000] {logging_mixin.py:188} INFO - [2025-03-10T14:52:18.843+0000] {dag.py:3096} INFO - Sync 1 DAGs
[2025-03-10T14:52:18.866+0000] {logging_mixin.py:188} INFO - [2025-03-10T14:52:18.865+0000] {dag.py:3118} INFO - Creating ORM DAG for trigger_dbt_build
[2025-03-10T14:52:18.903+0000] {logging_mixin.py:188} INFO - [2025-03-10T14:52:18.903+0000] {dag.py:3954} INFO - Setting next_dagrun for trigger_dbt_build to 2025-03-09 00:00:00+00:00, run_after=2025-03-10 00:00:00+00:00
[2025-03-10T14:52:19.109+0000] {processor.py:183} INFO - Processing /opt/airflow/dags/trigger_dbt_build.py took 2.063 seconds
[2025-03-10T14:52:49.613+0000] {processor.py:161} INFO - Started process (PID=700) to work on /opt/airflow/dags/trigger_dbt_build.py
[2025-03-10T14:52:49.614+0000] {processor.py:830} INFO - Processing file /opt/airflow/dags/trigger_dbt_build.py for tasks to queue
[2025-03-10T14:52:49.616+0000] {logging_mixin.py:188} INFO - [2025-03-10T14:52:49.615+0000] {dagbag.py:540} INFO - Filling up the DagBag from /opt/airflow/dags/trigger_dbt_build.py
[2025-03-10T14:52:49.635+0000] {processor.py:840} INFO - DAG(s) 'trigger_dbt_build' retrieved from /opt/airflow/dags/trigger_dbt_build.py
[2025-03-10T14:52:49.658+0000] {logging_mixin.py:188} INFO - [2025-03-10T14:52:49.658+0000] {dag.py:3096} INFO - Sync 1 DAGs
[2025-03-10T14:52:49.685+0000] {logging_mixin.py:188} INFO - [2025-03-10T14:52:49.685+0000] {dag.py:3954} INFO - Setting next_dagrun for trigger_dbt_build to 2025-03-09 00:00:00+00:00, run_after=2025-03-10 00:00:00+00:00
[2025-03-10T14:52:49.742+0000] {processor.py:183} INFO - Processing /opt/airflow/dags/trigger_dbt_build.py took 0.136 seconds
[2025-03-10T14:53:20.123+0000] {processor.py:161} INFO - Started process (PID=708) to work on /opt/airflow/dags/trigger_dbt_build.py
[2025-03-10T14:53:20.125+0000] {processor.py:830} INFO - Processing file /opt/airflow/dags/trigger_dbt_build.py for tasks to queue
[2025-03-10T14:53:20.129+0000] {logging_mixin.py:188} INFO - [2025-03-10T14:53:20.128+0000] {dagbag.py:540} INFO - Filling up the DagBag from /opt/airflow/dags/trigger_dbt_build.py
[2025-03-10T14:53:20.204+0000] {processor.py:840} INFO - DAG(s) 'trigger_dbt_build' retrieved from /opt/airflow/dags/trigger_dbt_build.py
[2025-03-10T14:53:20.256+0000] {logging_mixin.py:188} INFO - [2025-03-10T14:53:20.256+0000] {dag.py:3096} INFO - Sync 1 DAGs
[2025-03-10T14:53:20.304+0000] {logging_mixin.py:188} INFO - [2025-03-10T14:53:20.304+0000] {dag.py:3954} INFO - Setting next_dagrun for trigger_dbt_build to 2025-03-09 00:00:00+00:00, run_after=2025-03-10 00:00:00+00:00
[2025-03-10T14:53:20.411+0000] {processor.py:183} INFO - Processing /opt/airflow/dags/trigger_dbt_build.py took 0.296 seconds
[2025-03-10T14:53:51.457+0000] {processor.py:161} INFO - Started process (PID=716) to work on /opt/airflow/dags/trigger_dbt_build.py
[2025-03-10T14:53:51.472+0000] {processor.py:830} INFO - Processing file /opt/airflow/dags/trigger_dbt_build.py for tasks to queue
[2025-03-10T14:53:51.476+0000] {logging_mixin.py:188} INFO - [2025-03-10T14:53:51.475+0000] {dagbag.py:540} INFO - Filling up the DagBag from /opt/airflow/dags/trigger_dbt_build.py
[2025-03-10T14:53:51.548+0000] {processor.py:840} INFO - DAG(s) 'trigger_dbt_build' retrieved from /opt/airflow/dags/trigger_dbt_build.py
[2025-03-10T14:53:51.636+0000] {logging_mixin.py:188} INFO - [2025-03-10T14:53:51.635+0000] {dag.py:3096} INFO - Sync 1 DAGs
[2025-03-10T14:53:51.670+0000] {logging_mixin.py:188} INFO - [2025-03-10T14:53:51.670+0000] {dag.py:3954} INFO - Setting next_dagrun for trigger_dbt_build to 2025-03-09 00:00:00+00:00, run_after=2025-03-10 00:00:00+00:00
[2025-03-10T14:53:51.799+0000] {processor.py:183} INFO - Processing /opt/airflow/dags/trigger_dbt_build.py took 0.350 seconds
[2025-03-10T14:54:22.156+0000] {processor.py:161} INFO - Started process (PID=723) to work on /opt/airflow/dags/trigger_dbt_build.py
[2025-03-10T14:54:22.158+0000] {processor.py:830} INFO - Processing file /opt/airflow/dags/trigger_dbt_build.py for tasks to queue
[2025-03-10T14:54:22.164+0000] {logging_mixin.py:188} INFO - [2025-03-10T14:54:22.164+0000] {dagbag.py:540} INFO - Filling up the DagBag from /opt/airflow/dags/trigger_dbt_build.py
[2025-03-10T14:54:22.244+0000] {processor.py:840} INFO - DAG(s) 'trigger_dbt_build' retrieved from /opt/airflow/dags/trigger_dbt_build.py
[2025-03-10T14:54:22.295+0000] {logging_mixin.py:188} INFO - [2025-03-10T14:54:22.294+0000] {dag.py:3096} INFO - Sync 1 DAGs
[2025-03-10T14:54:22.341+0000] {logging_mixin.py:188} INFO - [2025-03-10T14:54:22.341+0000] {dag.py:3954} INFO - Setting next_dagrun for trigger_dbt_build to 2025-03-09 00:00:00+00:00, run_after=2025-03-10 00:00:00+00:00
[2025-03-10T14:54:23.010+0000] {processor.py:183} INFO - Processing /opt/airflow/dags/trigger_dbt_build.py took 0.863 seconds
[2025-03-10T14:54:53.445+0000] {processor.py:161} INFO - Started process (PID=731) to work on /opt/airflow/dags/trigger_dbt_build.py
[2025-03-10T14:54:53.446+0000] {processor.py:830} INFO - Processing file /opt/airflow/dags/trigger_dbt_build.py for tasks to queue
[2025-03-10T14:54:53.449+0000] {logging_mixin.py:188} INFO - [2025-03-10T14:54:53.449+0000] {dagbag.py:540} INFO - Filling up the DagBag from /opt/airflow/dags/trigger_dbt_build.py
[2025-03-10T14:54:53.486+0000] {processor.py:840} INFO - DAG(s) 'trigger_dbt_build' retrieved from /opt/airflow/dags/trigger_dbt_build.py
[2025-03-10T14:54:53.566+0000] {logging_mixin.py:188} INFO - [2025-03-10T14:54:53.566+0000] {dag.py:3096} INFO - Sync 1 DAGs
[2025-03-10T14:54:53.669+0000] {logging_mixin.py:188} INFO - [2025-03-10T14:54:53.669+0000] {dag.py:3954} INFO - Setting next_dagrun for trigger_dbt_build to 2025-03-09 00:00:00+00:00, run_after=2025-03-10 00:00:00+00:00
[2025-03-10T14:54:53.758+0000] {processor.py:183} INFO - Processing /opt/airflow/dags/trigger_dbt_build.py took 0.321 seconds
[2025-03-10T14:55:24.455+0000] {processor.py:161} INFO - Started process (PID=740) to work on /opt/airflow/dags/trigger_dbt_build.py
[2025-03-10T14:55:24.457+0000] {processor.py:830} INFO - Processing file /opt/airflow/dags/trigger_dbt_build.py for tasks to queue
[2025-03-10T14:55:24.459+0000] {logging_mixin.py:188} INFO - [2025-03-10T14:55:24.459+0000] {dagbag.py:540} INFO - Filling up the DagBag from /opt/airflow/dags/trigger_dbt_build.py
[2025-03-10T14:55:24.491+0000] {processor.py:840} INFO - DAG(s) 'trigger_dbt_build' retrieved from /opt/airflow/dags/trigger_dbt_build.py
[2025-03-10T14:55:24.584+0000] {logging_mixin.py:188} INFO - [2025-03-10T14:55:24.584+0000] {dag.py:3096} INFO - Sync 1 DAGs
[2025-03-10T14:55:24.739+0000] {logging_mixin.py:188} INFO - [2025-03-10T14:55:24.738+0000] {dag.py:3954} INFO - Setting next_dagrun for trigger_dbt_build to 2025-03-09 00:00:00+00:00, run_after=2025-03-10 00:00:00+00:00
[2025-03-10T14:55:24.971+0000] {processor.py:183} INFO - Processing /opt/airflow/dags/trigger_dbt_build.py took 0.525 seconds
[2025-03-10T14:55:55.552+0000] {processor.py:161} INFO - Started process (PID=748) to work on /opt/airflow/dags/trigger_dbt_build.py
[2025-03-10T14:55:55.553+0000] {processor.py:830} INFO - Processing file /opt/airflow/dags/trigger_dbt_build.py for tasks to queue
[2025-03-10T14:55:55.556+0000] {logging_mixin.py:188} INFO - [2025-03-10T14:55:55.555+0000] {dagbag.py:540} INFO - Filling up the DagBag from /opt/airflow/dags/trigger_dbt_build.py
[2025-03-10T14:55:55.650+0000] {processor.py:840} INFO - DAG(s) 'trigger_dbt_build' retrieved from /opt/airflow/dags/trigger_dbt_build.py
[2025-03-10T14:55:55.764+0000] {logging_mixin.py:188} INFO - [2025-03-10T14:55:55.764+0000] {dag.py:3096} INFO - Sync 1 DAGs
[2025-03-10T14:55:55.983+0000] {logging_mixin.py:188} INFO - [2025-03-10T14:55:55.977+0000] {dag.py:3954} INFO - Setting next_dagrun for trigger_dbt_build to 2025-03-09 00:00:00+00:00, run_after=2025-03-10 00:00:00+00:00
[2025-03-10T14:55:56.092+0000] {processor.py:183} INFO - Processing /opt/airflow/dags/trigger_dbt_build.py took 0.546 seconds
[2025-03-10T14:56:26.238+0000] {processor.py:161} INFO - Started process (PID=757) to work on /opt/airflow/dags/trigger_dbt_build.py
[2025-03-10T14:56:26.240+0000] {processor.py:830} INFO - Processing file /opt/airflow/dags/trigger_dbt_build.py for tasks to queue
[2025-03-10T14:56:26.243+0000] {logging_mixin.py:188} INFO - [2025-03-10T14:56:26.243+0000] {dagbag.py:540} INFO - Filling up the DagBag from /opt/airflow/dags/trigger_dbt_build.py
[2025-03-10T14:56:26.344+0000] {processor.py:840} INFO - DAG(s) 'trigger_dbt_build' retrieved from /opt/airflow/dags/trigger_dbt_build.py
[2025-03-10T14:56:26.432+0000] {logging_mixin.py:188} INFO - [2025-03-10T14:56:26.432+0000] {dag.py:3096} INFO - Sync 1 DAGs
[2025-03-10T14:56:26.520+0000] {logging_mixin.py:188} INFO - [2025-03-10T14:56:26.519+0000] {dag.py:3954} INFO - Setting next_dagrun for trigger_dbt_build to 2025-03-09 00:00:00+00:00, run_after=2025-03-10 00:00:00+00:00
[2025-03-10T14:56:26.599+0000] {processor.py:183} INFO - Processing /opt/airflow/dags/trigger_dbt_build.py took 0.372 seconds
[2025-03-10T14:56:57.342+0000] {processor.py:161} INFO - Started process (PID=765) to work on /opt/airflow/dags/trigger_dbt_build.py
[2025-03-10T14:56:57.349+0000] {processor.py:830} INFO - Processing file /opt/airflow/dags/trigger_dbt_build.py for tasks to queue
[2025-03-10T14:56:57.390+0000] {logging_mixin.py:188} INFO - [2025-03-10T14:56:57.369+0000] {dagbag.py:540} INFO - Filling up the DagBag from /opt/airflow/dags/trigger_dbt_build.py
[2025-03-10T14:56:57.446+0000] {processor.py:840} INFO - DAG(s) 'trigger_dbt_build' retrieved from /opt/airflow/dags/trigger_dbt_build.py
[2025-03-10T14:56:57.481+0000] {logging_mixin.py:188} INFO - [2025-03-10T14:56:57.479+0000] {dag.py:3096} INFO - Sync 1 DAGs
[2025-03-10T14:56:57.524+0000] {logging_mixin.py:188} INFO - [2025-03-10T14:56:57.524+0000] {dag.py:3954} INFO - Setting next_dagrun for trigger_dbt_build to 2025-03-09 00:00:00+00:00, run_after=2025-03-10 00:00:00+00:00
[2025-03-10T14:56:57.613+0000] {processor.py:183} INFO - Processing /opt/airflow/dags/trigger_dbt_build.py took 0.278 seconds
[2025-03-10T14:57:28.295+0000] {processor.py:161} INFO - Started process (PID=773) to work on /opt/airflow/dags/trigger_dbt_build.py
[2025-03-10T14:57:28.297+0000] {processor.py:830} INFO - Processing file /opt/airflow/dags/trigger_dbt_build.py for tasks to queue
[2025-03-10T14:57:28.302+0000] {logging_mixin.py:188} INFO - [2025-03-10T14:57:28.299+0000] {dagbag.py:540} INFO - Filling up the DagBag from /opt/airflow/dags/trigger_dbt_build.py
[2025-03-10T14:57:28.347+0000] {processor.py:840} INFO - DAG(s) 'trigger_dbt_build' retrieved from /opt/airflow/dags/trigger_dbt_build.py
[2025-03-10T14:57:28.426+0000] {logging_mixin.py:188} INFO - [2025-03-10T14:57:28.425+0000] {dag.py:3096} INFO - Sync 1 DAGs
[2025-03-10T14:57:28.473+0000] {logging_mixin.py:188} INFO - [2025-03-10T14:57:28.472+0000] {dag.py:3954} INFO - Setting next_dagrun for trigger_dbt_build to 2025-03-09 00:00:00+00:00, run_after=2025-03-10 00:00:00+00:00
[2025-03-10T14:57:28.585+0000] {processor.py:183} INFO - Processing /opt/airflow/dags/trigger_dbt_build.py took 0.304 seconds
[2025-03-10T14:57:59.108+0000] {processor.py:161} INFO - Started process (PID=781) to work on /opt/airflow/dags/trigger_dbt_build.py
[2025-03-10T14:57:59.110+0000] {processor.py:830} INFO - Processing file /opt/airflow/dags/trigger_dbt_build.py for tasks to queue
[2025-03-10T14:57:59.114+0000] {logging_mixin.py:188} INFO - [2025-03-10T14:57:59.114+0000] {dagbag.py:540} INFO - Filling up the DagBag from /opt/airflow/dags/trigger_dbt_build.py
[2025-03-10T14:57:59.151+0000] {processor.py:840} INFO - DAG(s) 'trigger_dbt_build' retrieved from /opt/airflow/dags/trigger_dbt_build.py
[2025-03-10T14:57:59.181+0000] {logging_mixin.py:188} INFO - [2025-03-10T14:57:59.181+0000] {dag.py:3096} INFO - Sync 1 DAGs
[2025-03-10T14:57:59.260+0000] {logging_mixin.py:188} INFO - [2025-03-10T14:57:59.260+0000] {dag.py:3954} INFO - Setting next_dagrun for trigger_dbt_build to 2025-03-09 00:00:00+00:00, run_after=2025-03-10 00:00:00+00:00
[2025-03-10T14:57:59.335+0000] {processor.py:183} INFO - Processing /opt/airflow/dags/trigger_dbt_build.py took 0.241 seconds
[2025-03-10T14:58:30.049+0000] {processor.py:161} INFO - Started process (PID=788) to work on /opt/airflow/dags/trigger_dbt_build.py
[2025-03-10T14:58:30.050+0000] {processor.py:830} INFO - Processing file /opt/airflow/dags/trigger_dbt_build.py for tasks to queue
[2025-03-10T14:58:30.078+0000] {logging_mixin.py:188} INFO - [2025-03-10T14:58:30.062+0000] {dagbag.py:540} INFO - Filling up the DagBag from /opt/airflow/dags/trigger_dbt_build.py
[2025-03-10T14:58:30.138+0000] {processor.py:840} INFO - DAG(s) 'trigger_dbt_build' retrieved from /opt/airflow/dags/trigger_dbt_build.py
[2025-03-10T14:58:30.187+0000] {logging_mixin.py:188} INFO - [2025-03-10T14:58:30.187+0000] {dag.py:3096} INFO - Sync 1 DAGs
[2025-03-10T14:58:30.252+0000] {logging_mixin.py:188} INFO - [2025-03-10T14:58:30.251+0000] {dag.py:3954} INFO - Setting next_dagrun for trigger_dbt_build to 2025-03-09 00:00:00+00:00, run_after=2025-03-10 00:00:00+00:00
[2025-03-10T14:58:30.369+0000] {processor.py:183} INFO - Processing /opt/airflow/dags/trigger_dbt_build.py took 0.334 seconds
[2025-03-10T14:59:00.982+0000] {processor.py:161} INFO - Started process (PID=796) to work on /opt/airflow/dags/trigger_dbt_build.py
[2025-03-10T14:59:00.983+0000] {processor.py:830} INFO - Processing file /opt/airflow/dags/trigger_dbt_build.py for tasks to queue
[2025-03-10T14:59:00.986+0000] {logging_mixin.py:188} INFO - [2025-03-10T14:59:00.986+0000] {dagbag.py:540} INFO - Filling up the DagBag from /opt/airflow/dags/trigger_dbt_build.py
[2025-03-10T14:59:01.028+0000] {processor.py:840} INFO - DAG(s) 'trigger_dbt_build' retrieved from /opt/airflow/dags/trigger_dbt_build.py
[2025-03-10T14:59:01.161+0000] {logging_mixin.py:188} INFO - [2025-03-10T14:59:01.155+0000] {dag.py:3096} INFO - Sync 1 DAGs
[2025-03-10T14:59:01.381+0000] {logging_mixin.py:188} INFO - [2025-03-10T14:59:01.381+0000] {dag.py:3954} INFO - Setting next_dagrun for trigger_dbt_build to 2025-03-09 00:00:00+00:00, run_after=2025-03-10 00:00:00+00:00
[2025-03-10T14:59:01.509+0000] {processor.py:183} INFO - Processing /opt/airflow/dags/trigger_dbt_build.py took 0.534 seconds
[2025-03-10T14:59:31.685+0000] {processor.py:161} INFO - Started process (PID=804) to work on /opt/airflow/dags/trigger_dbt_build.py
[2025-03-10T14:59:31.686+0000] {processor.py:830} INFO - Processing file /opt/airflow/dags/trigger_dbt_build.py for tasks to queue
[2025-03-10T14:59:31.689+0000] {logging_mixin.py:188} INFO - [2025-03-10T14:59:31.689+0000] {dagbag.py:540} INFO - Filling up the DagBag from /opt/airflow/dags/trigger_dbt_build.py
[2025-03-10T14:59:31.752+0000] {processor.py:840} INFO - DAG(s) 'trigger_dbt_build' retrieved from /opt/airflow/dags/trigger_dbt_build.py
[2025-03-10T14:59:31.786+0000] {logging_mixin.py:188} INFO - [2025-03-10T14:59:31.785+0000] {dag.py:3096} INFO - Sync 1 DAGs
[2025-03-10T14:59:31.821+0000] {logging_mixin.py:188} INFO - [2025-03-10T14:59:31.821+0000] {dag.py:3954} INFO - Setting next_dagrun for trigger_dbt_build to 2025-03-09 00:00:00+00:00, run_after=2025-03-10 00:00:00+00:00
[2025-03-10T14:59:31.901+0000] {processor.py:183} INFO - Processing /opt/airflow/dags/trigger_dbt_build.py took 0.228 seconds
[2025-03-10T15:00:02.549+0000] {processor.py:161} INFO - Started process (PID=812) to work on /opt/airflow/dags/trigger_dbt_build.py
[2025-03-10T15:00:02.550+0000] {processor.py:830} INFO - Processing file /opt/airflow/dags/trigger_dbt_build.py for tasks to queue
[2025-03-10T15:00:02.553+0000] {logging_mixin.py:188} INFO - [2025-03-10T15:00:02.553+0000] {dagbag.py:540} INFO - Filling up the DagBag from /opt/airflow/dags/trigger_dbt_build.py
[2025-03-10T15:00:02.579+0000] {processor.py:840} INFO - DAG(s) 'trigger_dbt_build' retrieved from /opt/airflow/dags/trigger_dbt_build.py
[2025-03-10T15:00:02.694+0000] {logging_mixin.py:188} INFO - [2025-03-10T15:00:02.694+0000] {dag.py:3096} INFO - Sync 1 DAGs
[2025-03-10T15:00:02.795+0000] {logging_mixin.py:188} INFO - [2025-03-10T15:00:02.794+0000] {dag.py:3954} INFO - Setting next_dagrun for trigger_dbt_build to 2025-03-09 00:00:00+00:00, run_after=2025-03-10 00:00:00+00:00
[2025-03-10T15:00:02.912+0000] {processor.py:183} INFO - Processing /opt/airflow/dags/trigger_dbt_build.py took 0.372 seconds
[2025-03-10T15:00:33.673+0000] {processor.py:161} INFO - Started process (PID=820) to work on /opt/airflow/dags/trigger_dbt_build.py
[2025-03-10T15:00:33.674+0000] {processor.py:830} INFO - Processing file /opt/airflow/dags/trigger_dbt_build.py for tasks to queue
[2025-03-10T15:00:33.677+0000] {logging_mixin.py:188} INFO - [2025-03-10T15:00:33.676+0000] {dagbag.py:540} INFO - Filling up the DagBag from /opt/airflow/dags/trigger_dbt_build.py
[2025-03-10T15:00:33.711+0000] {processor.py:840} INFO - DAG(s) 'trigger_dbt_build' retrieved from /opt/airflow/dags/trigger_dbt_build.py
[2025-03-10T15:00:33.758+0000] {logging_mixin.py:188} INFO - [2025-03-10T15:00:33.758+0000] {dag.py:3096} INFO - Sync 1 DAGs
[2025-03-10T15:00:33.867+0000] {logging_mixin.py:188} INFO - [2025-03-10T15:00:33.866+0000] {dag.py:3954} INFO - Setting next_dagrun for trigger_dbt_build to 2025-03-09 00:00:00+00:00, run_after=2025-03-10 00:00:00+00:00
[2025-03-10T15:00:34.041+0000] {processor.py:183} INFO - Processing /opt/airflow/dags/trigger_dbt_build.py took 0.377 seconds
[2025-03-10T15:01:04.972+0000] {processor.py:161} INFO - Started process (PID=829) to work on /opt/airflow/dags/trigger_dbt_build.py
[2025-03-10T15:01:04.974+0000] {processor.py:830} INFO - Processing file /opt/airflow/dags/trigger_dbt_build.py for tasks to queue
[2025-03-10T15:01:04.977+0000] {logging_mixin.py:188} INFO - [2025-03-10T15:01:04.977+0000] {dagbag.py:540} INFO - Filling up the DagBag from /opt/airflow/dags/trigger_dbt_build.py
[2025-03-10T15:01:05.031+0000] {processor.py:840} INFO - DAG(s) 'trigger_dbt_build' retrieved from /opt/airflow/dags/trigger_dbt_build.py
[2025-03-10T15:01:05.096+0000] {logging_mixin.py:188} INFO - [2025-03-10T15:01:05.095+0000] {dag.py:3096} INFO - Sync 1 DAGs
[2025-03-10T15:01:05.219+0000] {logging_mixin.py:188} INFO - [2025-03-10T15:01:05.218+0000] {dag.py:3954} INFO - Setting next_dagrun for trigger_dbt_build to 2025-03-09 00:00:00+00:00, run_after=2025-03-10 00:00:00+00:00
[2025-03-10T15:01:05.314+0000] {processor.py:183} INFO - Processing /opt/airflow/dags/trigger_dbt_build.py took 0.353 seconds
[2025-03-10T15:01:35.981+0000] {processor.py:161} INFO - Started process (PID=837) to work on /opt/airflow/dags/trigger_dbt_build.py
[2025-03-10T15:01:35.982+0000] {processor.py:830} INFO - Processing file /opt/airflow/dags/trigger_dbt_build.py for tasks to queue
[2025-03-10T15:01:35.985+0000] {logging_mixin.py:188} INFO - [2025-03-10T15:01:35.985+0000] {dagbag.py:540} INFO - Filling up the DagBag from /opt/airflow/dags/trigger_dbt_build.py
[2025-03-10T15:01:36.036+0000] {processor.py:840} INFO - DAG(s) 'trigger_dbt_build' retrieved from /opt/airflow/dags/trigger_dbt_build.py
[2025-03-10T15:01:36.112+0000] {logging_mixin.py:188} INFO - [2025-03-10T15:01:36.112+0000] {dag.py:3096} INFO - Sync 1 DAGs
[2025-03-10T15:01:36.173+0000] {logging_mixin.py:188} INFO - [2025-03-10T15:01:36.173+0000] {dag.py:3954} INFO - Setting next_dagrun for trigger_dbt_build to 2025-03-09 00:00:00+00:00, run_after=2025-03-10 00:00:00+00:00
[2025-03-10T15:01:36.426+0000] {processor.py:183} INFO - Processing /opt/airflow/dags/trigger_dbt_build.py took 0.454 seconds
[2025-03-10T15:02:06.587+0000] {processor.py:161} INFO - Started process (PID=844) to work on /opt/airflow/dags/trigger_dbt_build.py
[2025-03-10T15:02:06.588+0000] {processor.py:830} INFO - Processing file /opt/airflow/dags/trigger_dbt_build.py for tasks to queue
[2025-03-10T15:02:06.591+0000] {logging_mixin.py:188} INFO - [2025-03-10T15:02:06.590+0000] {dagbag.py:540} INFO - Filling up the DagBag from /opt/airflow/dags/trigger_dbt_build.py
[2025-03-10T15:02:06.636+0000] {processor.py:840} INFO - DAG(s) 'trigger_dbt_build' retrieved from /opt/airflow/dags/trigger_dbt_build.py
[2025-03-10T15:02:06.715+0000] {logging_mixin.py:188} INFO - [2025-03-10T15:02:06.714+0000] {dag.py:3096} INFO - Sync 1 DAGs
[2025-03-10T15:02:06.775+0000] {logging_mixin.py:188} INFO - [2025-03-10T15:02:06.775+0000] {dag.py:3954} INFO - Setting next_dagrun for trigger_dbt_build to 2025-03-09 00:00:00+00:00, run_after=2025-03-10 00:00:00+00:00
[2025-03-10T15:02:06.863+0000] {processor.py:183} INFO - Processing /opt/airflow/dags/trigger_dbt_build.py took 0.287 seconds
