[2025-03-08T21:01:33.789+0000] {local_task_job_runner.py:120} INFO - ::group::Pre task execution logs
[2025-03-08T21:01:34.004+0000] {taskinstance.py:2073} INFO - Dependencies all met for dep_context=non-requeueable deps ti=<TaskInstance: dbt_build.dbt_build manual__2025-03-08T21:00:55.862448+00:00 [queued]>
[2025-03-08T21:01:34.159+0000] {taskinstance.py:2073} INFO - Dependencies all met for dep_context=requeueable deps ti=<TaskInstance: dbt_build.dbt_build manual__2025-03-08T21:00:55.862448+00:00 [queued]>
[2025-03-08T21:01:34.190+0000] {taskinstance.py:2303} INFO - Starting attempt 1 of 4
[2025-03-08T21:01:34.524+0000] {taskinstance.py:2327} INFO - Executing <Task(BashOperator): dbt_build> on 2025-03-08 21:00:55.862448+00:00
[2025-03-08T21:01:34.561+0000] {warnings.py:110} WARNING - /home/***/.local/lib/python3.12/site-packages/***/task/task_runner/standard_task_runner.py:61: DeprecationWarning: This process (pid=367) is multi-threaded, use of fork() may lead to deadlocks in the child.
  pid = os.fork()

[2025-03-08T21:01:34.592+0000] {standard_task_runner.py:63} INFO - Started process 368 to run task
[2025-03-08T21:01:34.583+0000] {standard_task_runner.py:90} INFO - Running: ['***', 'tasks', 'run', 'dbt_build', 'dbt_build', 'manual__2025-03-08T21:00:55.862448+00:00', '--job-id', '7', '--raw', '--subdir', 'DAGS_FOLDER/dbt_build.py', '--cfg-path', '/tmp/tmp9s7s4ipc']
[2025-03-08T21:01:34.688+0000] {standard_task_runner.py:91} INFO - Job 7: Subtask dbt_build
[2025-03-08T21:01:35.013+0000] {task_command.py:426} INFO - Running <TaskInstance: dbt_build.dbt_build manual__2025-03-08T21:00:55.862448+00:00 [running]> on host a27315f65634
[2025-03-08T21:01:35.588+0000] {taskinstance.py:2644} INFO - Exporting env vars: AIRFLOW_CTX_DAG_OWNER='***' AIRFLOW_CTX_DAG_ID='dbt_build' AIRFLOW_CTX_TASK_ID='dbt_build' AIRFLOW_CTX_EXECUTION_DATE='2025-03-08T21:00:55.862448+00:00' AIRFLOW_CTX_TRY_NUMBER='1' AIRFLOW_CTX_DAG_RUN_ID='manual__2025-03-08T21:00:55.862448+00:00'
[2025-03-08T21:01:35.590+0000] {taskinstance.py:430} INFO - ::endgroup::
[2025-03-08T21:01:35.698+0000] {subprocess.py:63} INFO - Tmp dir root location: /tmp
[2025-03-08T21:01:35.699+0000] {subprocess.py:75} INFO - Running command: ['/usr/bin/bash', '-c', 'cd /opt/dbt && dbt build --target prod']
[2025-03-08T21:01:35.748+0000] {subprocess.py:86} INFO - Output:
[2025-03-08T21:01:43.272+0000] {subprocess.py:93} INFO - [0m21:01:43  Running with dbt=1.8.7
[2025-03-08T21:01:44.676+0000] {subprocess.py:93} INFO - [0m21:01:44  Registered adapter: sqlserver=1.8.7
[2025-03-08T21:01:46.183+0000] {subprocess.py:93} INFO - [0m21:01:46  Unable to do partial parsing because config vars, config profile, or config target have changed
[2025-03-08T21:01:46.233+0000] {subprocess.py:93} INFO - [0m21:01:46  Unable to do partial parsing because profile has changed
[2025-03-08T21:02:02.312+0000] {subprocess.py:93} INFO - [0m21:02:02  Found 23 models, 3 snapshots, 31 data tests, 1 seed, 10 sources, 619 macros
[2025-03-08T21:02:02.364+0000] {subprocess.py:93} INFO - [0m21:02:02
[2025-03-08T21:02:03.905+0000] {subprocess.py:93} INFO - [0m21:02:03  Concurrency: 8 threads (target='prod')
[2025-03-08T21:02:03.907+0000] {subprocess.py:93} INFO - [0m21:02:03
[2025-03-08T21:02:03.974+0000] {subprocess.py:93} INFO - [0m21:02:03  1 of 58 START sql view model analytics.stg_test ................................ [RUN]
[2025-03-08T21:02:03.998+0000] {subprocess.py:93} INFO - [0m21:02:03  3 of 58 START test source_accepted_values_old_store_payment_transaction_status__Completed__Pending__Failed  [RUN]
[2025-03-08T21:02:04.003+0000] {subprocess.py:93} INFO - [0m21:02:04  4 of 58 START test source_accepted_values_old_store_shipments_shipment_status__Pending__Delivered__Shipped__Cancelled  [RUN]
[2025-03-08T21:02:04.007+0000] {subprocess.py:93} INFO - [0m21:02:04  5 of 58 START test source_check_valid_dates_old_store_orders_order_date ........ [RUN]
[2025-03-08T21:02:04.013+0000] {subprocess.py:93} INFO - [0m21:02:04  7 of 58 START test source_check_valid_dates_old_store_shipments_delivery_date .. [RUN]
[2025-03-08T21:02:04.021+0000] {subprocess.py:93} INFO - [0m21:02:04  6 of 58 START test source_check_valid_dates_old_store_reviews_review_date ...... [RUN]
[2025-03-08T21:02:04.064+0000] {subprocess.py:93} INFO - [0m21:02:04  2 of 58 START seed file analytics.cities ....................................... [RUN]
[2025-03-08T21:02:04.180+0000] {subprocess.py:93} INFO - [0m21:02:04  8 of 58 START test source_check_valid_dates_old_store_shipments_shipment_date .. [RUN]
[2025-03-08T21:02:06.314+0000] {subprocess.py:93} INFO - [0m21:02:06  5 of 58 PASS source_check_valid_dates_old_store_orders_order_date .............. [[32mPASS[0m in 2.30s]
[2025-03-08T21:02:08.511+0000] {subprocess.py:93} INFO - [0m21:02:08  9 of 58 START test source_not_null_new_store_products_id ....................... [RUN]
[2025-03-08T21:02:08.626+0000] {subprocess.py:93} INFO - [0m21:02:08  3 of 58 PASS source_accepted_values_old_store_payment_transaction_status__Completed__Pending__Failed  [[32mPASS[0m in 4.52s]
[2025-03-08T21:02:08.760+0000] {subprocess.py:93} INFO - [0m21:02:08  7 of 58 PASS source_check_valid_dates_old_store_shipments_delivery_date ........ [[32mPASS[0m in 4.74s]
[2025-03-08T21:02:08.820+0000] {subprocess.py:93} INFO - [0m21:02:08  6 of 58 PASS source_check_valid_dates_old_store_reviews_review_date ............ [[32mPASS[0m in 4.80s]
[2025-03-08T21:02:09.031+0000] {subprocess.py:93} INFO - [0m21:02:09  4 of 58 PASS source_accepted_values_old_store_shipments_shipment_status__Pending__Delivered__Shipped__Cancelled  [[32mPASS[0m in 5.00s]
[2025-03-08T21:02:09.481+0000] {subprocess.py:93} INFO - [0m21:02:09  10 of 58 START test source_not_null_new_store_users_id ......................... [RUN]
[2025-03-08T21:02:09.690+0000] {subprocess.py:93} INFO - [0m21:02:09  8 of 58 PASS source_check_valid_dates_old_store_shipments_shipment_date ........ [[32mPASS[0m in 5.37s]
[2025-03-08T21:02:09.843+0000] {subprocess.py:93} INFO - [0m21:02:09  13 of 58 START test source_not_null_old_store_order_items_order_item_id ........ [RUN]
[2025-03-08T21:02:09.956+0000] {subprocess.py:93} INFO - [0m21:02:09  12 of 58 START test source_not_null_old_store_customers_email .................. [RUN]
[2025-03-08T21:02:10.321+0000] {subprocess.py:93} INFO - [0m21:02:10  11 of 58 START test source_not_null_old_store_customers_customer_id ............ [RUN]
[2025-03-08T21:02:11.149+0000] {subprocess.py:93} INFO - [0m21:02:11  14 of 58 START test source_not_null_old_store_orders_order_id .................. [RUN]
[2025-03-08T21:02:15.115+0000] {subprocess.py:93} INFO - [0m21:02:15  9 of 58 PASS source_not_null_new_store_products_id ............................. [[32mPASS[0m in 6.08s]
[2025-03-08T21:02:15.254+0000] {subprocess.py:93} INFO - [0m21:02:15  10 of 58 PASS source_not_null_new_store_users_id ............................... [[32mPASS[0m in 5.75s]
[2025-03-08T21:02:15.643+0000] {subprocess.py:93} INFO - [0m21:02:15  1 of 58 OK created sql view model analytics.stg_test ........................... [[32mOK[0m in 11.25s]
[2025-03-08T21:02:15.764+0000] {subprocess.py:93} INFO - [0m21:02:15  13 of 58 PASS source_not_null_old_store_order_items_order_item_id .............. [[32mPASS[0m in 5.49s]
[2025-03-08T21:02:16.124+0000] {subprocess.py:93} INFO - [0m21:02:16  11 of 58 PASS source_not_null_old_store_customers_customer_id .................. [[32mPASS[0m in 4.72s]
[2025-03-08T21:02:16.190+0000] {subprocess.py:93} INFO - [0m21:02:16  15 of 58 START test source_not_null_old_store_payment_payment_id ............... [RUN]
[2025-03-08T21:02:16.223+0000] {subprocess.py:93} INFO - [0m21:02:16  12 of 58 PASS source_not_null_old_store_customers_email ........................ [[32mPASS[0m in 5.69s]
[2025-03-08T21:02:16.290+0000] {subprocess.py:93} INFO - [0m21:02:16  16 of 58 START test source_not_null_old_store_products_product_id .............. [RUN]
[2025-03-08T21:02:16.417+0000] {subprocess.py:93} INFO - [0m21:02:16  17 of 58 START test source_not_null_old_store_reviews_review_id ................ [RUN]
[2025-03-08T21:02:16.523+0000] {subprocess.py:93} INFO - [0m21:02:16  18 of 58 START test source_not_null_old_store_shipments_shipment_id ............ [RUN]
[2025-03-08T21:02:17.042+0000] {subprocess.py:93} INFO - [0m21:02:17  14 of 58 PASS source_not_null_old_store_orders_order_id ........................ [[32mPASS[0m in 5.42s]
[2025-03-08T21:02:17.221+0000] {subprocess.py:93} INFO - [0m21:02:17  19 of 58 START test source_not_null_old_store_suppliers_supplier_id ............ [RUN]
[2025-03-08T21:02:17.225+0000] {subprocess.py:93} INFO - [0m21:02:17  20 of 58 START test source_relationships_old_store_order_items_order_id__order_id__source_old_store_orders_  [RUN]
[2025-03-08T21:02:17.533+0000] {subprocess.py:93} INFO - [0m21:02:17  21 of 58 START test source_relationships_old_store_order_items_product_id__product_id__source_old_store_products_  [RUN]
[2025-03-08T21:02:23.510+0000] {subprocess.py:93} INFO - [0m21:02:23  18 of 58 PASS source_not_null_old_store_shipments_shipment_id .................. [[32mPASS[0m in 6.45s]
[2025-03-08T21:02:23.633+0000] {subprocess.py:93} INFO - [0m21:02:23  16 of 58 PASS source_not_null_old_store_products_product_id .................... [[32mPASS[0m in 7.32s]
[2025-03-08T21:02:24.120+0000] {subprocess.py:93} INFO - [0m21:02:24  21 of 58 PASS source_relationships_old_store_order_items_product_id__product_id__source_old_store_products_  [[32mPASS[0m in 6.22s]
[2025-03-08T21:02:24.216+0000] {subprocess.py:93} INFO - [0m21:02:24  22 of 58 START test source_unique_new_store_products_id ........................ [RUN]
[2025-03-08T21:02:24.347+0000] {subprocess.py:93} INFO - [0m21:02:24  17 of 58 PASS source_not_null_old_store_reviews_review_id ...................... [[32mPASS[0m in 7.35s]
[2025-03-08T21:02:24.348+0000] {subprocess.py:93} INFO - [0m21:02:24  23 of 58 START test source_unique_new_store_users_id ........................... [RUN]
[2025-03-08T21:02:24.512+0000] {subprocess.py:93} INFO - [0m21:02:24  24 of 58 START test source_unique_old_store_customers_customer_id .............. [RUN]
[2025-03-08T21:02:24.591+0000] {subprocess.py:93} INFO - [0m21:02:24  20 of 58 PASS source_relationships_old_store_order_items_order_id__order_id__source_old_store_orders_  [[32mPASS[0m in 7.06s]
[2025-03-08T21:02:24.987+0000] {subprocess.py:93} INFO - [0m21:02:24  15 of 58 PASS source_not_null_old_store_payment_payment_id ..................... [[32mPASS[0m in 8.63s]
[2025-03-08T21:02:25.161+0000] {subprocess.py:93} INFO - [0m21:02:25  19 of 58 PASS source_not_null_old_store_suppliers_supplier_id .................. [[32mPASS[0m in 7.69s]
[2025-03-08T21:02:25.164+0000] {subprocess.py:93} INFO - [0m21:02:25  25 of 58 START test source_unique_old_store_order_items_order_item_id .......... [RUN]
[2025-03-08T21:02:25.931+0000] {subprocess.py:93} INFO - [0m21:02:25  26 of 58 START test source_unique_old_store_orders_order_id .................... [RUN]
[2025-03-08T21:02:26.238+0000] {subprocess.py:93} INFO - [0m21:02:26  27 of 58 START test source_unique_old_store_payment_payment_id ................. [RUN]
[2025-03-08T21:02:26.765+0000] {subprocess.py:93} INFO - [0m21:02:26  28 of 58 START test source_unique_old_store_products_product_id ................ [RUN]
[2025-03-08T21:02:29.051+0000] {subprocess.py:93} INFO - [0m21:02:29  23 of 58 PASS source_unique_new_store_users_id ................................. [[32mPASS[0m in 4.68s]
[2025-03-08T21:02:29.542+0000] {subprocess.py:93} INFO - [0m21:02:29  29 of 58 START test source_unique_old_store_reviews_review_id .................. [RUN]
[2025-03-08T21:02:30.316+0000] {subprocess.py:93} INFO - [0m21:02:30  22 of 58 PASS source_unique_new_store_products_id .............................. [[32mPASS[0m in 5.91s]
[2025-03-08T21:02:30.926+0000] {subprocess.py:93} INFO - [0m21:02:30  30 of 58 START test source_unique_old_store_shipments_shipment_id .............. [RUN]
[2025-03-08T21:02:30.986+0000] {subprocess.py:93} INFO - [0m21:02:30  25 of 58 PASS source_unique_old_store_order_items_order_item_id ................ [[32mPASS[0m in 5.81s]
[2025-03-08T21:02:31.240+0000] {subprocess.py:93} INFO - [0m21:02:31  24 of 58 PASS source_unique_old_store_customers_customer_id .................... [[32mPASS[0m in 6.36s]
[2025-03-08T21:02:31.415+0000] {subprocess.py:93} INFO - [0m21:02:31  31 of 58 START test source_unique_old_store_suppliers_supplier_id .............. [RUN]
[2025-03-08T21:02:31.936+0000] {subprocess.py:93} INFO - [0m21:02:31  27 of 58 PASS source_unique_old_store_payment_payment_id ....................... [[32mPASS[0m in 5.15s]
[2025-03-08T21:02:32.017+0000] {subprocess.py:93} INFO - [0m21:02:32  32 of 58 START sql view model analytics.stg_new_store_users .................... [RUN]
[2025-03-08T21:02:32.607+0000] {subprocess.py:93} INFO - [0m21:02:32  28 of 58 PASS source_unique_old_store_products_product_id ...................... [[32mPASS[0m in 5.58s]
[2025-03-08T21:02:32.715+0000] {subprocess.py:93} INFO - [0m21:02:32  26 of 58 PASS source_unique_old_store_orders_order_id .......................... [[32mPASS[0m in 5.86s]
[2025-03-08T21:02:33.290+0000] {subprocess.py:93} INFO - [0m21:02:33  33 of 58 START sql view model analytics.stg_new_store_products ................. [RUN]
[2025-03-08T21:02:33.373+0000] {subprocess.py:93} INFO - [0m21:02:33  34 of 58 START sql view model analytics.stg_old_store_order_items .............. [RUN]
[2025-03-08T21:02:33.674+0000] {subprocess.py:93} INFO - [0m21:02:33  35 of 58 START sql view model analytics.stg_old_store_customers ................ [RUN]
[2025-03-08T21:02:33.820+0000] {subprocess.py:93} INFO - [0m21:02:33  29 of 58 PASS source_unique_old_store_reviews_review_id ........................ [[32mPASS[0m in 4.26s]
[2025-03-08T21:02:33.989+0000] {subprocess.py:93} INFO - [0m21:02:33  36 of 58 START sql view model analytics.stg_old_store_products ................. [RUN]
[2025-03-08T21:02:35.768+0000] {subprocess.py:93} INFO - [0m21:02:35  30 of 58 PASS source_unique_old_store_shipments_shipment_id .................... [[32mPASS[0m in 4.67s]
[2025-03-08T21:02:36.331+0000] {subprocess.py:93} INFO - [0m21:02:36  37 of 58 START sql view model analytics.stg_old_store_payments ................. [RUN]
[2025-03-08T21:02:36.952+0000] {subprocess.py:93} INFO - [0m21:02:36  31 of 58 PASS source_unique_old_store_suppliers_supplier_id .................... [[32mPASS[0m in 5.34s]
[2025-03-08T21:02:37.516+0000] {subprocess.py:93} INFO - [0m21:02:37  38 of 58 START sql view model analytics.stg_old_store_orders ................... [RUN]
[2025-03-08T21:02:39.352+0000] {subprocess.py:93} INFO - [0m21:02:39  34 of 58 OK created sql view model analytics.stg_old_store_order_items ......... [[32mOK[0m in 5.53s]
[2025-03-08T21:02:39.458+0000] {subprocess.py:93} INFO - [0m21:02:39  32 of 58 OK created sql view model analytics.stg_new_store_users ............... [[32mOK[0m in 6.68s]
[2025-03-08T21:02:39.490+0000] {subprocess.py:93} INFO - [0m21:02:39  33 of 58 OK created sql view model analytics.stg_new_store_products ............ [[32mOK[0m in 5.77s]
[2025-03-08T21:02:39.613+0000] {subprocess.py:93} INFO - [0m21:02:39  39 of 58 START sql view model analytics.stg_old_store_reviews .................. [RUN]
[2025-03-08T21:02:39.616+0000] {subprocess.py:93} INFO - [0m21:02:39  40 of 58 START sql view model analytics.stg_old_store_shipments ................ [RUN]
[2025-03-08T21:02:39.619+0000] {subprocess.py:93} INFO - [0m21:02:39  41 of 58 START sql view model analytics.stg_old_store_suppliers ................ [RUN]
[2025-03-08T21:02:39.666+0000] {subprocess.py:93} INFO - [0m21:02:39  35 of 58 OK created sql view model analytics.stg_old_store_customers ........... [[32mOK[0m in 5.76s]
[2025-03-08T21:02:40.359+0000] {subprocess.py:93} INFO - [0m21:02:40  42 of 58 START sql view model analytics.int_customer_id_mapping ................ [RUN]
[2025-03-08T21:02:40.743+0000] {subprocess.py:93} INFO - [0m21:02:40  36 of 58 OK created sql view model analytics.stg_old_store_products ............ [[32mOK[0m in 6.67s]
[2025-03-08T21:02:41.302+0000] {subprocess.py:93} INFO - [0m21:02:41  43 of 58 START sql view model analytics.int_product_id_mapping ................. [RUN]
[2025-03-08T21:02:41.455+0000] {subprocess.py:93} INFO - [0m21:02:41  37 of 58 OK created sql view model analytics.stg_old_store_payments ............ [[32mOK[0m in 4.96s]
[2025-03-08T21:02:42.047+0000] {subprocess.py:93} INFO - [0m21:02:42  44 of 58 START test assert_order_amount_is_positive ............................ [RUN]
[2025-03-08T21:02:42.403+0000] {subprocess.py:93} INFO - [0m21:02:42  38 of 58 OK created sql view model analytics.stg_old_store_orders .............. [[32mOK[0m in 4.52s]
[2025-03-08T21:02:43.428+0000] {subprocess.py:93} INFO - [0m21:02:43  45 of 58 START snapshot snapshots.orders_snapshot .............................. [RUN]
[2025-03-08T21:02:44.874+0000] {subprocess.py:93} INFO - [0m21:02:44  39 of 58 OK created sql view model analytics.stg_old_store_reviews ............. [[32mOK[0m in 5.22s]
[2025-03-08T21:02:45.463+0000] {subprocess.py:93} INFO - [0m21:02:45  42 of 58 OK created sql view model analytics.int_customer_id_mapping ........... [[32mOK[0m in 4.79s]
[2025-03-08T21:02:45.647+0000] {subprocess.py:93} INFO - [0m21:02:45  41 of 58 OK created sql view model analytics.stg_old_store_suppliers ........... [[32mOK[0m in 5.97s]
[2025-03-08T21:02:45.671+0000] {subprocess.py:93} INFO - [0m21:02:45  40 of 58 OK created sql view model analytics.stg_old_store_shipments ........... [[32mOK[0m in 5.99s]
[2025-03-08T21:02:45.678+0000] {subprocess.py:93} INFO - [0m21:02:45  44 of 58 PASS assert_order_amount_is_positive .................................. [[32mPASS[0m in 3.52s]
[2025-03-08T21:02:45.749+0000] {subprocess.py:93} INFO - [0m21:02:45  46 of 58 START sql table model analytics.fct_order_customers ................... [RUN]
[2025-03-08T21:02:46.157+0000] {subprocess.py:93} INFO - [0m21:02:46  47 of 58 START sql table model analytics.fct_payments .......................... [RUN]
[2025-03-08T21:02:46.280+0000] {subprocess.py:93} INFO - [0m21:02:46  48 of 58 START sql table model analytics.fct_shipments ......................... [RUN]
[2025-03-08T21:02:46.335+0000] {subprocess.py:93} INFO - [0m21:02:46  49 of 58 START snapshot snapshots.shipment_snapshot ............................ [RUN]
[2025-03-08T21:02:47.505+0000] {subprocess.py:93} INFO - [0m21:02:47  43 of 58 OK created sql view model analytics.int_product_id_mapping ............ [[32mOK[0m in 5.76s]
[2025-03-08T21:02:48.705+0000] {subprocess.py:93} INFO - [0m21:02:48  50 of 58 START sql table model analytics.fct_order_items ....................... [RUN]
[2025-03-08T21:02:48.900+0000] {subprocess.py:93} INFO - [0m21:02:48  51 of 58 START sql table model analytics.fct_products .......................... [RUN]
[2025-03-08T21:02:52.596+0000] {local_task_job_runner.py:310} WARNING - State of this instance has been externally set to None. Terminating instance.
[2025-03-08T21:02:52.604+0000] {local_task_job_runner.py:222} INFO - ::endgroup::
[2025-03-08T21:02:52.619+0000] {process_utils.py:132} INFO - Sending 15 to group 368. PIDs of all processes in the group: [369, 378, 368]
[2025-03-08T21:02:52.645+0000] {process_utils.py:87} INFO - Sending the signal 15 to group 368
[2025-03-08T21:02:52.694+0000] {taskinstance.py:2607} ERROR - Received SIGTERM. Terminating subprocesses.
[2025-03-08T21:02:52.713+0000] {subprocess.py:104} INFO - Sending SIGTERM signal to process group
[2025-03-08T21:02:52.716+0000] {taskinstance.py:441} INFO - ::group::Post task execution logs
[2025-03-08T21:02:52.822+0000] {taskinstance.py:2890} ERROR - Task failed with exception
Traceback (most recent call last):
  File "/home/airflow/.local/lib/python3.12/site-packages/airflow/models/taskinstance.py", line 465, in _execute_task
    result = _execute_callable(context=context, **execute_callable_kwargs)
             ^^^^^^^^^^^^^^^^^^^^^^^^^^^^^^^^^^^^^^^^^^^^^^^^^^^^^^^^^^^^^
  File "/home/airflow/.local/lib/python3.12/site-packages/airflow/models/taskinstance.py", line 432, in _execute_callable
    return execute_callable(context=context, **execute_callable_kwargs)
           ^^^^^^^^^^^^^^^^^^^^^^^^^^^^^^^^^^^^^^^^^^^^^^^^^^^^^^^^^^^^
  File "/home/airflow/.local/lib/python3.12/site-packages/airflow/models/baseoperator.py", line 400, in wrapper
    return func(self, *args, **kwargs)
           ^^^^^^^^^^^^^^^^^^^^^^^^^^^
  File "/home/airflow/.local/lib/python3.12/site-packages/airflow/operators/bash.py", line 234, in execute
    result = self.subprocess_hook.run_command(
             ^^^^^^^^^^^^^^^^^^^^^^^^^^^^^^^^^
  File "/home/airflow/.local/lib/python3.12/site-packages/airflow/hooks/subprocess.py", line 91, in run_command
    for raw_line in iter(self.sub_process.stdout.readline, b""):
  File "/home/airflow/.local/lib/python3.12/site-packages/airflow/models/taskinstance.py", line 2609, in signal_handler
    raise AirflowTaskTerminated("Task received SIGTERM signal")
airflow.exceptions.AirflowTaskTerminated: Task received SIGTERM signal
[2025-03-08T21:02:52.847+0000] {taskinstance.py:1205} INFO - Marking task as UP_FOR_RETRY. dag_id=dbt_build, task_id=dbt_build, execution_date=20250308T210055, start_date=20250308T210134, end_date=20250308T210252
[2025-03-08T21:02:52.989+0000] {standard_task_runner.py:110} ERROR - Failed to execute job 7 for task dbt_build ((psycopg2.errors.ForeignKeyViolation) insert or update on table "task_fail" violates foreign key constraint "task_fail_ti_fkey"
DETAIL:  Key (dag_id, task_id, run_id, map_index)=(dbt_build, dbt_build, manual__2025-03-08T21:00:55.862448+00:00, -1) is not present in table "task_instance".

[SQL: INSERT INTO task_fail (task_id, dag_id, run_id, map_index, start_date, end_date, duration) VALUES (%(task_id)s, %(dag_id)s, %(run_id)s, %(map_index)s, %(start_date)s, %(end_date)s, %(duration)s) RETURNING task_fail.id]
[parameters: {'task_id': 'dbt_build', 'dag_id': 'dbt_build', 'run_id': 'manual__2025-03-08T21:00:55.862448+00:00', 'map_index': -1, 'start_date': datetime.datetime(2025, 3, 8, 21, 1, 34, 21092, tzinfo=Timezone('UTC')), 'end_date': datetime.datetime(2025, 3, 8, 21, 2, 52, 846696, tzinfo=Timezone('UTC')), 'duration': 78}]
(Background on this error at: https://sqlalche.me/e/14/gkpj); 368)
[2025-03-08T21:02:53.074+0000] {process_utils.py:80} INFO - Process psutil.Process(pid=378, status='terminated', started='21:01:44') (378) terminated with exit code None
[2025-03-08T21:02:53.118+0000] {process_utils.py:80} INFO - Process psutil.Process(pid=369, status='terminated', started='21:01:35') (369) terminated with exit code None
[2025-03-08T21:02:53.161+0000] {process_utils.py:80} INFO - Process psutil.Process(pid=368, status='terminated', exitcode=1, started='21:01:33') (368) terminated with exit code 1
