[2025-03-08T20:45:59.842+0000] {local_task_job_runner.py:120} INFO - ::group::Pre task execution logs
[2025-03-08T20:46:00.123+0000] {taskinstance.py:2073} INFO - Dependencies all met for dep_context=non-requeueable deps ti=<TaskInstance: dbt_build.source_freshness scheduled__2025-03-07T02:00:00+00:00 [queued]>
[2025-03-08T20:46:00.308+0000] {taskinstance.py:2073} INFO - Dependencies all met for dep_context=requeueable deps ti=<TaskInstance: dbt_build.source_freshness scheduled__2025-03-07T02:00:00+00:00 [queued]>
[2025-03-08T20:46:00.329+0000] {taskinstance.py:2303} INFO - Starting attempt 1 of 4
[2025-03-08T20:46:00.576+0000] {taskinstance.py:2327} INFO - Executing <Task(BashOperator): source_freshness> on 2025-03-07 02:00:00+00:00
[2025-03-08T20:46:00.596+0000] {warnings.py:110} WARNING - /home/***/.local/lib/python3.12/site-packages/***/task/task_runner/standard_task_runner.py:61: DeprecationWarning: This process (pid=127) is multi-threaded, use of fork() may lead to deadlocks in the child.
  pid = os.fork()

[2025-03-08T20:46:00.627+0000] {standard_task_runner.py:63} INFO - Started process 128 to run task
[2025-03-08T20:46:00.611+0000] {standard_task_runner.py:90} INFO - Running: ['***', 'tasks', 'run', 'dbt_build', 'source_freshness', 'scheduled__2025-03-07T02:00:00+00:00', '--job-id', '3', '--raw', '--subdir', 'DAGS_FOLDER/dbt_build.py', '--cfg-path', '/tmp/tmpvevw2iex']
[2025-03-08T20:46:00.733+0000] {standard_task_runner.py:91} INFO - Job 3: Subtask source_freshness
[2025-03-08T20:46:01.296+0000] {task_command.py:426} INFO - Running <TaskInstance: dbt_build.source_freshness scheduled__2025-03-07T02:00:00+00:00 [running]> on host a27315f65634
[2025-03-08T20:46:02.378+0000] {taskinstance.py:2644} INFO - Exporting env vars: AIRFLOW_CTX_DAG_OWNER='***' AIRFLOW_CTX_DAG_ID='dbt_build' AIRFLOW_CTX_TASK_ID='source_freshness' AIRFLOW_CTX_EXECUTION_DATE='2025-03-07T02:00:00+00:00' AIRFLOW_CTX_TRY_NUMBER='1' AIRFLOW_CTX_DAG_RUN_ID='scheduled__2025-03-07T02:00:00+00:00'
[2025-03-08T20:46:02.391+0000] {taskinstance.py:430} INFO - ::endgroup::
[2025-03-08T20:46:02.463+0000] {subprocess.py:63} INFO - Tmp dir root location: /tmp
[2025-03-08T20:46:02.465+0000] {subprocess.py:75} INFO - Running command: ['/usr/bin/bash', '-c', 'cd /opt/dbt && dbt source freshness']
[2025-03-08T20:46:02.482+0000] {subprocess.py:86} INFO - Output:
[2025-03-08T20:46:34.434+0000] {subprocess.py:93} INFO - [0m20:46:34  Running with dbt=1.8.7
[2025-03-08T20:46:41.461+0000] {subprocess.py:93} INFO - [0m20:46:41  Registered adapter: sqlserver=1.8.7
[2025-03-08T20:46:48.207+0000] {subprocess.py:93} INFO - [0m20:46:48  Unable to do partial parsing because profile has changed
[2025-03-08T20:47:08.839+0000] {subprocess.py:93} INFO - [0m20:47:08  Found 23 models, 3 snapshots, 31 data tests, 1 seed, 10 sources, 619 macros
[2025-03-08T20:47:08.849+0000] {subprocess.py:93} INFO - [0m20:47:08
[2025-03-08T20:47:09.720+0000] {subprocess.py:93} INFO - [0m20:47:09  Concurrency: 8 threads (target='dev')
[2025-03-08T20:47:09.724+0000] {subprocess.py:93} INFO - [0m20:47:09
[2025-03-08T20:47:09.756+0000] {subprocess.py:93} INFO - [0m20:47:09  1 of 4 START freshness of new_store.products ................................... [RUN]
[2025-03-08T20:47:09.769+0000] {subprocess.py:93} INFO - [0m20:47:09  2 of 4 START freshness of old_store.customers .................................. [RUN]
[2025-03-08T20:47:09.773+0000] {subprocess.py:93} INFO - [0m20:47:09  3 of 4 START freshness of old_store.products ................................... [RUN]
[2025-03-08T20:47:09.793+0000] {subprocess.py:93} INFO - [0m20:47:09  4 of 4 START freshness of old_store.shipments .................................. [RUN]
[2025-03-08T20:47:10.115+0000] {subprocess.py:93} INFO - [0m20:47:10  1 of 4 PASS freshness of new_store.products .................................... [[32mPASS[0m in 0.33s]
[2025-03-08T20:47:10.174+0000] {subprocess.py:93} INFO - [0m20:47:10  4 of 4 PASS freshness of old_store.shipments ................................... [[32mPASS[0m in 0.38s]
[2025-03-08T20:47:10.218+0000] {subprocess.py:93} INFO - [0m20:47:10  3 of 4 WARN freshness of old_store.products .................................... [[33mWARN[0m in 0.42s]
[2025-03-08T20:47:10.231+0000] {subprocess.py:93} INFO - [0m20:47:10  2 of 4 PASS freshness of old_store.customers ................................... [[32mPASS[0m in 0.44s]
[2025-03-08T20:47:10.325+0000] {subprocess.py:93} INFO - [0m20:47:10
[2025-03-08T20:47:10.326+0000] {subprocess.py:93} INFO - [0m20:47:10  Finished running 4 sources in 0 hours 0 minutes and 1.47 seconds (1.47s).
[2025-03-08T20:47:10.613+0000] {subprocess.py:93} INFO - [0m20:47:10  Done.
[2025-03-08T20:47:11.868+0000] {subprocess.py:97} INFO - Command exited with return code 0
[2025-03-08T20:47:11.870+0000] {taskinstance.py:441} INFO - ::group::Post task execution logs
[2025-03-08T20:47:12.001+0000] {taskinstance.py:1205} INFO - Marking task as SUCCESS. dag_id=dbt_build, task_id=source_freshness, execution_date=20250307T020000, start_date=20250308T204600, end_date=20250308T204712
[2025-03-08T20:47:12.214+0000] {local_task_job_runner.py:240} INFO - Task exited with return code 0
[2025-03-08T20:47:12.350+0000] {taskinstance.py:3482} INFO - 1 downstream tasks scheduled from follow-on schedule check
[2025-03-08T20:47:12.397+0000] {local_task_job_runner.py:222} INFO - ::endgroup::
