[2025-03-08T21:01:00.072+0000] {local_task_job_runner.py:120} INFO - ::group::Pre task execution logs
[2025-03-08T21:01:00.167+0000] {taskinstance.py:2073} INFO - Dependencies all met for dep_context=non-requeueable deps ti=<TaskInstance: dbt_build.source_freshness manual__2025-03-08T21:00:55.862448+00:00 [queued]>
[2025-03-08T21:01:00.186+0000] {taskinstance.py:2073} INFO - Dependencies all met for dep_context=requeueable deps ti=<TaskInstance: dbt_build.source_freshness manual__2025-03-08T21:00:55.862448+00:00 [queued]>
[2025-03-08T21:01:00.188+0000] {taskinstance.py:2303} INFO - Starting attempt 1 of 4
[2025-03-08T21:01:00.327+0000] {taskinstance.py:2327} INFO - Executing <Task(BashOperator): source_freshness> on 2025-03-08 21:00:55.862448+00:00
[2025-03-08T21:01:00.337+0000] {warnings.py:110} WARNING - /home/***/.local/lib/python3.12/site-packages/***/task/task_runner/standard_task_runner.py:61: DeprecationWarning: This process (pid=338) is multi-threaded, use of fork() may lead to deadlocks in the child.
  pid = os.fork()

[2025-03-08T21:01:00.340+0000] {standard_task_runner.py:63} INFO - Started process 339 to run task
[2025-03-08T21:01:00.340+0000] {standard_task_runner.py:90} INFO - Running: ['***', 'tasks', 'run', 'dbt_build', 'source_freshness', 'manual__2025-03-08T21:00:55.862448+00:00', '--job-id', '6', '--raw', '--subdir', 'DAGS_FOLDER/dbt_build.py', '--cfg-path', '/tmp/tmp_xc8c2zc']
[2025-03-08T21:01:00.348+0000] {standard_task_runner.py:91} INFO - Job 6: Subtask source_freshness
[2025-03-08T21:01:00.523+0000] {task_command.py:426} INFO - Running <TaskInstance: dbt_build.source_freshness manual__2025-03-08T21:00:55.862448+00:00 [running]> on host a27315f65634
[2025-03-08T21:01:01.009+0000] {taskinstance.py:2644} INFO - Exporting env vars: AIRFLOW_CTX_DAG_OWNER='***' AIRFLOW_CTX_DAG_ID='dbt_build' AIRFLOW_CTX_TASK_ID='source_freshness' AIRFLOW_CTX_EXECUTION_DATE='2025-03-08T21:00:55.862448+00:00' AIRFLOW_CTX_TRY_NUMBER='1' AIRFLOW_CTX_DAG_RUN_ID='manual__2025-03-08T21:00:55.862448+00:00'
[2025-03-08T21:01:01.024+0000] {taskinstance.py:430} INFO - ::endgroup::
[2025-03-08T21:01:01.058+0000] {subprocess.py:63} INFO - Tmp dir root location: /tmp
[2025-03-08T21:01:01.059+0000] {subprocess.py:75} INFO - Running command: ['/usr/bin/bash', '-c', 'cd /opt/dbt && dbt source freshness']
[2025-03-08T21:01:01.069+0000] {subprocess.py:86} INFO - Output:
[2025-03-08T21:01:06.145+0000] {subprocess.py:93} INFO - [0m21:01:06  Running with dbt=1.8.7
[2025-03-08T21:01:07.298+0000] {subprocess.py:93} INFO - [0m21:01:07  Registered adapter: sqlserver=1.8.7
[2025-03-08T21:01:08.391+0000] {subprocess.py:93} INFO - [0m21:01:08  Unable to do partial parsing because config vars, config profile, or config target have changed
[2025-03-08T21:01:08.397+0000] {subprocess.py:93} INFO - [0m21:01:08  Unable to do partial parsing because profile has changed
[2025-03-08T21:01:25.832+0000] {subprocess.py:93} INFO - [0m21:01:25  Found 23 models, 3 snapshots, 31 data tests, 1 seed, 10 sources, 619 macros
[2025-03-08T21:01:25.847+0000] {subprocess.py:93} INFO - [0m21:01:25
[2025-03-08T21:01:26.760+0000] {subprocess.py:93} INFO - [0m21:01:26  Concurrency: 8 threads (target='dev')
[2025-03-08T21:01:26.761+0000] {subprocess.py:93} INFO - [0m21:01:26
[2025-03-08T21:01:26.897+0000] {subprocess.py:93} INFO - [0m21:01:26  1 of 4 START freshness of new_store.products ................................... [RUN]
[2025-03-08T21:01:26.901+0000] {subprocess.py:93} INFO - [0m21:01:26  2 of 4 START freshness of old_store.customers .................................. [RUN]
[2025-03-08T21:01:26.905+0000] {subprocess.py:93} INFO - [0m21:01:26  4 of 4 START freshness of old_store.shipments .................................. [RUN]
[2025-03-08T21:01:26.973+0000] {subprocess.py:93} INFO - [0m21:01:26  3 of 4 START freshness of old_store.products ................................... [RUN]
[2025-03-08T21:01:27.307+0000] {subprocess.py:93} INFO - [0m21:01:27  1 of 4 PASS freshness of new_store.products .................................... [[32mPASS[0m in 0.40s]
[2025-03-08T21:01:27.523+0000] {subprocess.py:93} INFO - [0m21:01:27  3 of 4 WARN freshness of old_store.products .................................... [[33mWARN[0m in 0.50s]
[2025-03-08T21:01:27.541+0000] {subprocess.py:93} INFO - [0m21:01:27  2 of 4 PASS freshness of old_store.customers ................................... [[32mPASS[0m in 0.55s]
[2025-03-08T21:01:27.545+0000] {subprocess.py:93} INFO - [0m21:01:27  4 of 4 PASS freshness of old_store.shipments ................................... [[32mPASS[0m in 0.59s]
[2025-03-08T21:01:27.753+0000] {subprocess.py:93} INFO - [0m21:01:27
[2025-03-08T21:01:27.768+0000] {subprocess.py:93} INFO - [0m21:01:27  Finished running 4 sources in 0 hours 0 minutes and 1.90 seconds (1.90s).
[2025-03-08T21:01:28.510+0000] {subprocess.py:93} INFO - [0m21:01:28  Done.
[2025-03-08T21:01:30.657+0000] {subprocess.py:97} INFO - Command exited with return code 0
[2025-03-08T21:01:30.676+0000] {taskinstance.py:441} INFO - ::group::Post task execution logs
[2025-03-08T21:01:30.858+0000] {taskinstance.py:1205} INFO - Marking task as SUCCESS. dag_id=dbt_build, task_id=source_freshness, execution_date=20250308T210055, start_date=20250308T210100, end_date=20250308T210130
[2025-03-08T21:01:31.033+0000] {local_task_job_runner.py:240} INFO - Task exited with return code 0
[2025-03-08T21:01:31.166+0000] {taskinstance.py:3482} INFO - 1 downstream tasks scheduled from follow-on schedule check
[2025-03-08T21:01:31.229+0000] {local_task_job_runner.py:222} INFO - ::endgroup::
