[2025-03-08T20:47:15.782+0000] {local_task_job_runner.py:120} INFO - ::group::Pre task execution logs
[2025-03-08T20:47:15.855+0000] {taskinstance.py:2073} INFO - Dependencies all met for dep_context=non-requeueable deps ti=<TaskInstance: dbt_build.dbt_build scheduled__2025-03-07T02:00:00+00:00 [queued]>
[2025-03-08T20:47:15.891+0000] {taskinstance.py:2073} INFO - Dependencies all met for dep_context=requeueable deps ti=<TaskInstance: dbt_build.dbt_build scheduled__2025-03-07T02:00:00+00:00 [queued]>
[2025-03-08T20:47:15.911+0000] {taskinstance.py:2303} INFO - Starting attempt 1 of 4
[2025-03-08T20:47:16.021+0000] {taskinstance.py:2327} INFO - Executing <Task(BashOperator): dbt_build> on 2025-03-07 02:00:00+00:00
[2025-03-08T20:47:16.032+0000] {warnings.py:110} WARNING - /home/***/.local/lib/python3.12/site-packages/***/task/task_runner/standard_task_runner.py:61: DeprecationWarning: This process (pid=163) is multi-threaded, use of fork() may lead to deadlocks in the child.
  pid = os.fork()

[2025-03-08T20:47:16.035+0000] {standard_task_runner.py:63} INFO - Started process 164 to run task
[2025-03-08T20:47:16.040+0000] {standard_task_runner.py:90} INFO - Running: ['***', 'tasks', 'run', 'dbt_build', 'dbt_build', 'scheduled__2025-03-07T02:00:00+00:00', '--job-id', '4', '--raw', '--subdir', 'DAGS_FOLDER/dbt_build.py', '--cfg-path', '/tmp/tmphnyotw6g']
[2025-03-08T20:47:16.043+0000] {standard_task_runner.py:91} INFO - Job 4: Subtask dbt_build
[2025-03-08T20:47:16.431+0000] {task_command.py:426} INFO - Running <TaskInstance: dbt_build.dbt_build scheduled__2025-03-07T02:00:00+00:00 [running]> on host a27315f65634
[2025-03-08T20:47:16.855+0000] {taskinstance.py:2644} INFO - Exporting env vars: AIRFLOW_CTX_DAG_OWNER='***' AIRFLOW_CTX_DAG_ID='dbt_build' AIRFLOW_CTX_TASK_ID='dbt_build' AIRFLOW_CTX_EXECUTION_DATE='2025-03-07T02:00:00+00:00' AIRFLOW_CTX_TRY_NUMBER='1' AIRFLOW_CTX_DAG_RUN_ID='scheduled__2025-03-07T02:00:00+00:00'
[2025-03-08T20:47:16.881+0000] {taskinstance.py:430} INFO - ::endgroup::
[2025-03-08T20:47:16.910+0000] {subprocess.py:63} INFO - Tmp dir root location: /tmp
[2025-03-08T20:47:16.911+0000] {subprocess.py:75} INFO - Running command: ['/usr/bin/bash', '-c', 'cd /opt/dbt && dbt build --target prod']
[2025-03-08T20:47:16.927+0000] {subprocess.py:86} INFO - Output:
[2025-03-08T20:47:25.884+0000] {subprocess.py:93} INFO - [0m20:47:25  Running with dbt=1.8.7
[2025-03-08T20:47:27.718+0000] {subprocess.py:93} INFO - [0m20:47:27  Registered adapter: sqlserver=1.8.7
[2025-03-08T20:47:28.991+0000] {subprocess.py:93} INFO - [0m20:47:28  Unable to do partial parsing because config vars, config profile, or config target have changed
[2025-03-08T20:47:29.009+0000] {subprocess.py:93} INFO - [0m20:47:28  Unable to do partial parsing because profile has changed
[2025-03-08T20:47:49.981+0000] {subprocess.py:93} INFO - [0m20:47:49  Found 23 models, 3 snapshots, 31 data tests, 1 seed, 10 sources, 619 macros
[2025-03-08T20:47:49.994+0000] {subprocess.py:93} INFO - [0m20:47:49
[2025-03-08T20:47:51.050+0000] {subprocess.py:93} INFO - [0m20:47:51  Concurrency: 8 threads (target='prod')
[2025-03-08T20:47:51.052+0000] {subprocess.py:93} INFO - [0m20:47:51
[2025-03-08T20:47:51.108+0000] {subprocess.py:93} INFO - [0m20:47:51  1 of 58 START sql view model analytics.stg_test ................................ [RUN]
[2025-03-08T20:47:51.111+0000] {subprocess.py:93} INFO - [0m20:47:51  2 of 58 START seed file analytics.cities ....................................... [RUN]
[2025-03-08T20:47:51.124+0000] {subprocess.py:93} INFO - [0m20:47:51  3 of 58 START test source_accepted_values_old_store_payment_transaction_status__Completed__Pending__Failed  [RUN]
[2025-03-08T20:47:51.127+0000] {subprocess.py:93} INFO - [0m20:47:51  4 of 58 START test source_accepted_values_old_store_shipments_shipment_status__Pending__Delivered__Shipped__Cancelled  [RUN]
[2025-03-08T20:47:51.139+0000] {subprocess.py:93} INFO - [0m20:47:51  5 of 58 START test source_check_valid_dates_old_store_orders_order_date ........ [RUN]
[2025-03-08T20:47:51.141+0000] {subprocess.py:93} INFO - [0m20:47:51  6 of 58 START test source_check_valid_dates_old_store_reviews_review_date ...... [RUN]
[2025-03-08T20:47:51.157+0000] {subprocess.py:93} INFO - [0m20:47:51  8 of 58 START test source_check_valid_dates_old_store_shipments_shipment_date .. [RUN]
[2025-03-08T20:47:51.176+0000] {subprocess.py:93} INFO - [0m20:47:51  7 of 58 START test source_check_valid_dates_old_store_shipments_delivery_date .. [RUN]
[2025-03-08T20:47:54.972+0000] {subprocess.py:93} INFO - [0m20:47:54  4 of 58 PASS source_accepted_values_old_store_shipments_shipment_status__Pending__Delivered__Shipped__Cancelled  [[32mPASS[0m in 3.81s]
[2025-03-08T20:47:55.331+0000] {subprocess.py:93} INFO - [0m20:47:55  7 of 58 PASS source_check_valid_dates_old_store_shipments_delivery_date ........ [[32mPASS[0m in 4.12s]
[2025-03-08T20:47:55.594+0000] {subprocess.py:93} INFO - [0m20:47:55  3 of 58 PASS source_accepted_values_old_store_payment_transaction_status__Completed__Pending__Failed  [[32mPASS[0m in 4.44s]
[2025-03-08T20:47:55.615+0000] {subprocess.py:93} INFO - [0m20:47:55  8 of 58 PASS source_check_valid_dates_old_store_shipments_shipment_date ........ [[32mPASS[0m in 4.41s]
[2025-03-08T20:47:55.869+0000] {subprocess.py:93} INFO - [0m20:47:55  9 of 58 START test source_not_null_new_store_products_id ....................... [RUN]
[2025-03-08T20:47:55.975+0000] {subprocess.py:93} INFO - [0m20:47:55  5 of 58 PASS source_check_valid_dates_old_store_orders_order_date .............. [[32mPASS[0m in 4.80s]
[2025-03-08T20:47:56.060+0000] {subprocess.py:93} INFO - [0m20:47:56  6 of 58 PASS source_check_valid_dates_old_store_reviews_review_date ............ [[32mPASS[0m in 4.88s]
[2025-03-08T20:47:56.062+0000] {subprocess.py:93} INFO - [0m20:47:56  10 of 58 START test source_not_null_new_store_users_id ......................... [RUN]
[2025-03-08T20:47:56.346+0000] {subprocess.py:93} INFO - [0m20:47:56  11 of 58 START test source_not_null_old_store_customers_customer_id ............ [RUN]
[2025-03-08T20:47:56.379+0000] {subprocess.py:93} INFO - [0m20:47:56  12 of 58 START test source_not_null_old_store_customers_email .................. [RUN]
[2025-03-08T20:47:56.738+0000] {subprocess.py:93} INFO - [0m20:47:56  13 of 58 START test source_not_null_old_store_order_items_order_item_id ........ [RUN]
[2025-03-08T20:47:56.894+0000] {subprocess.py:93} INFO - [0m20:47:56  14 of 58 START test source_not_null_old_store_orders_order_id .................. [RUN]
[2025-03-08T20:48:01.341+0000] {subprocess.py:93} INFO - [0m20:48:01  1 of 58 OK created sql view model analytics.stg_test ........................... [[32mOK[0m in 9.84s]
[2025-03-08T20:48:02.007+0000] {subprocess.py:93} INFO - [0m20:48:02  9 of 58 PASS source_not_null_new_store_products_id ............................. [[32mPASS[0m in 5.94s]
[2025-03-08T20:48:02.422+0000] {subprocess.py:93} INFO - [0m20:48:02  15 of 58 START test source_not_null_old_store_payment_payment_id ............... [RUN]
[2025-03-08T20:48:02.499+0000] {subprocess.py:93} INFO - [0m20:48:02  10 of 58 PASS source_not_null_new_store_users_id ............................... [[32mPASS[0m in 6.21s]
[2025-03-08T20:48:02.574+0000] {subprocess.py:93} INFO - [0m20:48:02  11 of 58 PASS source_not_null_old_store_customers_customer_id .................. [[32mPASS[0m in 5.90s]
[2025-03-08T20:48:03.435+0000] {subprocess.py:93} INFO - [0m20:48:03  13 of 58 PASS source_not_null_old_store_order_items_order_item_id .............. [[32mPASS[0m in 6.17s]
[2025-03-08T20:48:03.547+0000] {subprocess.py:93} INFO - [0m20:48:03  16 of 58 START test source_not_null_old_store_products_product_id .............. [RUN]
[2025-03-08T20:48:03.718+0000] {subprocess.py:93} INFO - [0m20:48:03  17 of 58 START test source_not_null_old_store_reviews_review_id ................ [RUN]
[2025-03-08T20:48:04.300+0000] {subprocess.py:93} INFO - [0m20:48:04  12 of 58 PASS source_not_null_old_store_customers_email ........................ [[32mPASS[0m in 7.59s]
[2025-03-08T20:48:04.438+0000] {subprocess.py:93} INFO - [0m20:48:04  18 of 58 START test source_not_null_old_store_shipments_shipment_id ............ [RUN]
[2025-03-08T20:48:05.081+0000] {subprocess.py:93} INFO - [0m20:48:05  14 of 58 PASS source_not_null_old_store_orders_order_id ........................ [[32mPASS[0m in 7.73s]
[2025-03-08T20:48:05.108+0000] {subprocess.py:93} INFO - [0m20:48:05  19 of 58 START test source_not_null_old_store_suppliers_supplier_id ............ [RUN]
[2025-03-08T20:48:05.667+0000] {subprocess.py:93} INFO - [0m20:48:05  20 of 58 START test source_relationships_old_store_order_items_order_id__order_id__source_old_store_orders_  [RUN]
[2025-03-08T20:48:06.234+0000] {subprocess.py:93} INFO - [0m20:48:06  21 of 58 START test source_relationships_old_store_order_items_product_id__product_id__source_old_store_products_  [RUN]
[2025-03-08T20:48:09.768+0000] {subprocess.py:93} INFO - [0m20:48:09  15 of 58 PASS source_not_null_old_store_payment_payment_id ..................... [[32mPASS[0m in 7.06s]
[2025-03-08T20:48:10.400+0000] {subprocess.py:93} INFO - [0m20:48:10  17 of 58 PASS source_not_null_old_store_reviews_review_id ...................... [[32mPASS[0m in 6.58s]
[2025-03-08T20:48:10.749+0000] {subprocess.py:93} INFO - [0m20:48:10  22 of 58 START test source_unique_new_store_products_id ........................ [RUN]
[2025-03-08T20:48:11.338+0000] {subprocess.py:93} INFO - [0m20:48:11  16 of 58 PASS source_not_null_old_store_products_product_id .................... [[32mPASS[0m in 7.12s]
[2025-03-08T20:48:11.597+0000] {subprocess.py:93} INFO - [0m20:48:11  18 of 58 PASS source_not_null_old_store_shipments_shipment_id .................. [[32mPASS[0m in 6.66s]
[2025-03-08T20:48:11.760+0000] {subprocess.py:93} INFO - [0m20:48:11  23 of 58 START test source_unique_new_store_users_id ........................... [RUN]
[2025-03-08T20:48:11.997+0000] {subprocess.py:93} INFO - [0m20:48:11  19 of 58 PASS source_not_null_old_store_suppliers_supplier_id .................. [[32mPASS[0m in 6.46s]
[2025-03-08T20:48:12.746+0000] {subprocess.py:93} INFO - [0m20:48:12  24 of 58 START test source_unique_old_store_customers_customer_id .............. [RUN]
[2025-03-08T20:48:12.884+0000] {subprocess.py:93} INFO - [0m20:48:12  25 of 58 START test source_unique_old_store_order_items_order_item_id .......... [RUN]
[2025-03-08T20:48:13.162+0000] {subprocess.py:93} INFO - [0m20:48:13  21 of 58 PASS source_relationships_old_store_order_items_product_id__product_id__source_old_store_products_  [[32mPASS[0m in 6.51s]
[2025-03-08T20:48:13.819+0000] {subprocess.py:93} INFO - [0m20:48:13  26 of 58 START test source_unique_old_store_orders_order_id .................... [RUN]
[2025-03-08T20:48:13.988+0000] {subprocess.py:93} INFO - [0m20:48:13  20 of 58 PASS source_relationships_old_store_order_items_order_id__order_id__source_old_store_orders_  [[32mPASS[0m in 7.94s]
[2025-03-08T20:48:14.443+0000] {subprocess.py:93} INFO - [0m20:48:14  27 of 58 START test source_unique_old_store_payment_payment_id ................. [RUN]
[2025-03-08T20:48:14.696+0000] {subprocess.py:93} INFO - [0m20:48:14  28 of 58 START test source_unique_old_store_products_product_id ................ [RUN]
[2025-03-08T20:48:17.703+0000] {subprocess.py:93} INFO - [0m20:48:17  22 of 58 PASS source_unique_new_store_products_id .............................. [[32mPASS[0m in 5.82s]
[2025-03-08T20:48:18.671+0000] {subprocess.py:93} INFO - [0m20:48:18  29 of 58 START test source_unique_old_store_reviews_review_id .................. [RUN]
[2025-03-08T20:48:19.176+0000] {subprocess.py:93} INFO - [0m20:48:19  24 of 58 PASS source_unique_old_store_customers_customer_id .................... [[32mPASS[0m in 6.41s]
[2025-03-08T20:48:19.248+0000] {subprocess.py:93} INFO - [0m20:48:19  26 of 58 PASS source_unique_old_store_orders_order_id .......................... [[32mPASS[0m in 5.33s]
[2025-03-08T20:48:19.269+0000] {subprocess.py:93} INFO - [0m20:48:19  25 of 58 PASS source_unique_old_store_order_items_order_item_id ................ [[32mPASS[0m in 5.78s]
[2025-03-08T20:48:19.571+0000] {subprocess.py:93} INFO - [0m20:48:19  30 of 58 START test source_unique_old_store_shipments_shipment_id .............. [RUN]
[2025-03-08T20:48:20.164+0000] {subprocess.py:93} INFO - [0m20:48:20  27 of 58 PASS source_unique_old_store_payment_payment_id ....................... [[32mPASS[0m in 5.41s]
[2025-03-08T20:48:20.167+0000] {subprocess.py:93} INFO - [0m20:48:20  28 of 58 PASS source_unique_old_store_products_product_id ...................... [[32mPASS[0m in 4.96s]
[2025-03-08T20:48:20.181+0000] {subprocess.py:93} INFO - [0m20:48:20  31 of 58 START test source_unique_old_store_suppliers_supplier_id .............. [RUN]
[2025-03-08T20:48:20.380+0000] {subprocess.py:93} INFO - [0m20:48:20  23 of 58 PASS source_unique_new_store_users_id ................................. [[32mPASS[0m in 8.12s]
[2025-03-08T20:48:20.593+0000] {subprocess.py:93} INFO - [0m20:48:20  32 of 58 START sql view model analytics.stg_new_store_products ................. [RUN]
[2025-03-08T20:48:20.836+0000] {subprocess.py:93} INFO - [0m20:48:20  33 of 58 START sql view model analytics.stg_old_store_orders ................... [RUN]
[2025-03-08T20:48:21.076+0000] {subprocess.py:93} INFO - [0m20:48:21  34 of 58 START sql view model analytics.stg_old_store_customers ................ [RUN]
[2025-03-08T20:48:21.781+0000] {subprocess.py:93} INFO - [0m20:48:21  35 of 58 START sql view model analytics.stg_old_store_order_items .............. [RUN]
[2025-03-08T20:48:23.143+0000] {subprocess.py:93} INFO - [0m20:48:23  29 of 58 PASS source_unique_old_store_reviews_review_id ........................ [[32mPASS[0m in 4.16s]
[2025-03-08T20:48:24.091+0000] {subprocess.py:93} INFO - [0m20:48:24  36 of 58 START sql view model analytics.stg_old_store_products ................. [RUN]
[2025-03-08T20:48:24.407+0000] {subprocess.py:93} INFO - [0m20:48:24  30 of 58 PASS source_unique_old_store_shipments_shipment_id .................... [[32mPASS[0m in 4.81s]
[2025-03-08T20:48:25.075+0000] {subprocess.py:93} INFO - [0m20:48:25  37 of 58 START sql view model analytics.stg_old_store_payments ................. [RUN]
[2025-03-08T20:48:25.360+0000] {subprocess.py:93} INFO - [0m20:48:25  31 of 58 PASS source_unique_old_store_suppliers_supplier_id .................... [[32mPASS[0m in 4.55s]
[2025-03-08T20:48:25.493+0000] {subprocess.py:93} INFO - [0m20:48:25  38 of 58 START sql view model analytics.stg_new_store_users .................... [RUN]
[2025-03-08T20:48:26.469+0000] {subprocess.py:93} INFO - [0m20:48:26  32 of 58 OK created sql view model analytics.stg_new_store_products ............ [[32mOK[0m in 5.51s]
[2025-03-08T20:48:26.588+0000] {subprocess.py:93} INFO - [0m20:48:26  33 of 58 OK created sql view model analytics.stg_old_store_orders .............. [[32mOK[0m in 5.41s]
[2025-03-08T20:48:26.701+0000] {subprocess.py:93} INFO - [0m20:48:26  39 of 58 START sql view model analytics.stg_old_store_reviews .................. [RUN]
[2025-03-08T20:48:26.738+0000] {subprocess.py:93} INFO - [0m20:48:26  40 of 58 START sql view model analytics.stg_old_store_shipments ................ [RUN]
[2025-03-08T20:48:26.874+0000] {subprocess.py:93} INFO - [0m20:48:26  34 of 58 OK created sql view model analytics.stg_old_store_customers ........... [[32mOK[0m in 5.26s]
[2025-03-08T20:48:27.639+0000] {subprocess.py:93} INFO - [0m20:48:27  41 of 58 START sql view model analytics.stg_old_store_suppliers ................ [RUN]
[2025-03-08T20:48:28.169+0000] {subprocess.py:93} INFO - [0m20:48:28  35 of 58 OK created sql view model analytics.stg_old_store_order_items ......... [[32mOK[0m in 5.63s]
[2025-03-08T20:48:28.474+0000] {subprocess.py:93} INFO - [0m20:48:28  42 of 58 START snapshot snapshots.orders_snapshot .............................. [RUN]
[2025-03-08T20:48:29.164+0000] {subprocess.py:93} INFO - [0m20:48:29  36 of 58 OK created sql view model analytics.stg_old_store_products ............ [[32mOK[0m in 4.20s]
[2025-03-08T20:48:31.441+0000] {subprocess.py:93} INFO - [0m20:48:31  43 of 58 START sql view model analytics.int_product_id_mapping ................. [RUN]
[2025-03-08T20:48:31.924+0000] {subprocess.py:93} INFO - [0m20:48:31  37 of 58 OK created sql view model analytics.stg_old_store_payments ............ [[32mOK[0m in 6.18s]
[2025-03-08T20:48:32.218+0000] {subprocess.py:93} INFO - [0m20:48:32  44 of 58 START test assert_order_amount_is_positive ............................ [RUN]
[2025-03-08T20:48:34.829+0000] {subprocess.py:93} INFO - [0m20:48:34  38 of 58 OK created sql view model analytics.stg_new_store_users ............... [[32mOK[0m in 9.19s]
[2025-03-08T20:48:35.395+0000] {subprocess.py:93} INFO - [0m20:48:35  45 of 58 START sql view model analytics.int_customer_id_mapping ................ [RUN]
[2025-03-08T20:48:35.427+0000] {subprocess.py:93} INFO - [0m20:48:35  44 of 58 PASS assert_order_amount_is_positive .................................. [[32mPASS[0m in 3.20s]
[2025-03-08T20:48:35.653+0000] {subprocess.py:93} INFO - [0m20:48:35  46 of 58 START sql table model analytics.fct_payments .......................... [RUN]
[2025-03-08T20:48:36.695+0000] {subprocess.py:93} INFO - [0m20:48:36  41 of 58 OK created sql view model analytics.stg_old_store_suppliers ........... [[32mOK[0m in 8.82s]
[2025-03-08T20:48:36.729+0000] {subprocess.py:93} INFO - [0m20:48:36  39 of 58 OK created sql view model analytics.stg_old_store_reviews ............. [[32mOK[0m in 9.94s]
[2025-03-08T20:48:36.864+0000] {subprocess.py:93} INFO - [0m20:48:36  40 of 58 OK created sql view model analytics.stg_old_store_shipments ........... [[32mOK[0m in 9.99s]
[2025-03-08T20:48:36.899+0000] {subprocess.py:93} INFO - [0m20:48:36  47 of 58 START sql table model analytics.fct_shipments ......................... [RUN]
[2025-03-08T20:48:36.903+0000] {subprocess.py:93} INFO - [0m20:48:36  48 of 58 START snapshot snapshots.shipment_snapshot ............................ [RUN]
[2025-03-08T20:48:36.954+0000] {subprocess.py:93} INFO - [0m20:48:36  43 of 58 OK created sql view model analytics.int_product_id_mapping ............ [[32mOK[0m in 5.04s]
[2025-03-08T20:48:37.663+0000] {subprocess.py:93} INFO - [0m20:48:37  49 of 58 START sql table model analytics.fct_order_items ....................... [RUN]
[2025-03-08T20:48:37.665+0000] {subprocess.py:93} INFO - [0m20:48:37  50 of 58 START sql table model analytics.fct_products .......................... [RUN]
[2025-03-08T20:48:39.412+0000] {subprocess.py:93} INFO - [0m20:48:39  45 of 58 OK created sql view model analytics.int_customer_id_mapping ........... [[32mOK[0m in 3.90s]
[2025-03-08T20:48:39.472+0000] {subprocess.py:93} INFO - [0m20:48:39  51 of 58 START sql table model analytics.fct_order_customers ................... [RUN]
[2025-03-08T20:48:40.978+0000] {subprocess.py:93} INFO - [0m20:48:40  46 of 58 OK created sql table model analytics.fct_payments ..................... [[32mOK[0m in 5.02s]
[2025-03-08T20:48:41.311+0000] {subprocess.py:93} INFO - [0m20:48:41  52 of 58 START sql view model analytics.int_reviews_customers_products ......... [RUN]
[2025-03-08T20:48:42.449+0000] {subprocess.py:93} INFO - [0m20:48:42  47 of 58 OK created sql table model analytics.fct_shipments .................... [[32mOK[0m in 5.46s]
[2025-03-08T20:48:43.081+0000] {subprocess.py:93} INFO - [0m20:48:43  50 of 58 OK created sql table model analytics.fct_products ..................... [[32mOK[0m in 5.17s]
[2025-03-08T20:48:44.487+0000] {subprocess.py:93} INFO - [0m20:48:44  49 of 58 OK created sql table model analytics.fct_order_items .................. [[32mOK[0m in 6.77s]
[2025-03-08T20:48:44.956+0000] {subprocess.py:93} INFO - [0m20:48:44  51 of 58 OK created sql table model analytics.fct_order_customers .............. [[32mOK[0m in 5.38s]
[2025-03-08T20:48:45.341+0000] {subprocess.py:93} INFO - [0m20:48:45  42 of 58 OK snapshotted snapshots.orders_snapshot .............................. [[32mOK[0m in 15.71s]
[2025-03-08T20:48:45.460+0000] {subprocess.py:93} INFO - [0m20:48:45  52 of 58 OK created sql view model analytics.int_reviews_customers_products .... [[32mOK[0m in 4.00s]
[2025-03-08T20:48:45.727+0000] {subprocess.py:93} INFO - [0m20:48:45  53 of 58 START sql table model analytics.fct_reviews ........................... [RUN]
[2025-03-08T20:48:48.150+0000] {subprocess.py:93} INFO - [0m20:48:48  48 of 58 OK snapshotted snapshots.shipment_snapshot ............................ [[32mOK[0m in 11.20s]
[2025-03-08T20:48:48.226+0000] {subprocess.py:93} INFO - [0m20:48:48  53 of 58 OK created sql table model analytics.fct_reviews ...................... [[32mOK[0m in 2.34s]
[2025-03-08T20:57:57.220+0000] {subprocess.py:93} INFO - [0m20:57:57  2 of 58 OK loaded seed file analytics.cities ................................... [[32mINSERT 151024[0m in 605.48s]
[2025-03-08T20:57:57.229+0000] {subprocess.py:93} INFO - [0m20:57:57  54 of 58 START sql view model analytics.stg_cities_filtered .................... [RUN]
[2025-03-08T20:57:57.880+0000] {subprocess.py:93} INFO - [0m20:57:57  54 of 58 OK created sql view model analytics.stg_cities_filtered ............... [[32mOK[0m in 0.65s]
[2025-03-08T20:57:57.887+0000] {subprocess.py:93} INFO - [0m20:57:57  55 of 58 START test not_null_stg_cities_filtered_state_code .................... [RUN]
[2025-03-08T20:57:59.112+0000] {subprocess.py:93} INFO - [0m20:57:59  55 of 58 PASS not_null_stg_cities_filtered_state_code .......................... [[32mPASS[0m in 1.22s]
[2025-03-08T20:57:59.119+0000] {subprocess.py:93} INFO - [0m20:57:59  56 of 58 START sql view model analytics.int_customers_cities ................... [RUN]
[2025-03-08T20:57:59.899+0000] {subprocess.py:93} INFO - [0m20:57:59  56 of 58 OK created sql view model analytics.int_customers_cities .............. [[32mOK[0m in 0.78s]
[2025-03-08T20:57:59.906+0000] {subprocess.py:93} INFO - [0m20:57:59  57 of 58 START sql table model analytics.dim_customers ......................... [RUN]
[2025-03-08T20:58:10.555+0000] {subprocess.py:93} INFO - [0m20:58:10  57 of 58 OK created sql table model analytics.dim_customers .................... [[32mOK[0m in 10.63s]
[2025-03-08T20:58:10.571+0000] {subprocess.py:93} INFO - [0m20:58:10  58 of 58 START snapshot snapshots.customers_snapshot ........................... [RUN]
[2025-03-08T20:58:12.453+0000] {subprocess.py:93} INFO - [0m20:58:12  58 of 58 OK snapshotted snapshots.customers_snapshot ........................... [[32mOK[0m in 1.88s]
[2025-03-08T20:58:12.514+0000] {subprocess.py:93} INFO - [0m20:58:12
[2025-03-08T20:58:12.536+0000] {subprocess.py:93} INFO - [0m20:58:12  Finished running 31 data tests, 16 view models, 7 table models, 3 snapshots, 1 seed in 0 hours 10 minutes and 22.51 seconds (622.51s).
[2025-03-08T20:58:12.966+0000] {subprocess.py:93} INFO - [0m20:58:12
[2025-03-08T20:58:12.969+0000] {subprocess.py:93} INFO - [0m20:58:12  [32mCompleted successfully[0m
[2025-03-08T20:58:12.971+0000] {subprocess.py:93} INFO - [0m20:58:12
[2025-03-08T20:58:12.973+0000] {subprocess.py:93} INFO - [0m20:58:12  Done. PASS=58 WARN=0 ERROR=0 SKIP=0 TOTAL=58
[2025-03-08T20:58:14.708+0000] {subprocess.py:97} INFO - Command exited with return code 0
[2025-03-08T20:58:14.711+0000] {taskinstance.py:441} INFO - ::group::Post task execution logs
[2025-03-08T20:58:14.805+0000] {taskinstance.py:1205} INFO - Marking task as SUCCESS. dag_id=dbt_build, task_id=dbt_build, execution_date=20250307T020000, start_date=20250308T204715, end_date=20250308T205814
[2025-03-08T20:58:14.920+0000] {local_task_job_runner.py:240} INFO - Task exited with return code 0
[2025-03-08T20:58:15.037+0000] {taskinstance.py:3482} INFO - 1 downstream tasks scheduled from follow-on schedule check
[2025-03-08T20:58:15.130+0000] {local_task_job_runner.py:222} INFO - ::endgroup::
