[2025-03-10T14:28:21.188+0000] {local_task_job_runner.py:120} INFO - ::group::Pre task execution logs
[2025-03-10T14:28:21.301+0000] {taskinstance.py:2073} INFO - Dependencies all met for dep_context=non-requeueable deps ti=<TaskInstance: dbt_build.notify_success scheduled__2025-03-09T02:00:00+00:00 [queued]>
[2025-03-10T14:28:21.352+0000] {taskinstance.py:2073} INFO - Dependencies all met for dep_context=requeueable deps ti=<TaskInstance: dbt_build.notify_success scheduled__2025-03-09T02:00:00+00:00 [queued]>
[2025-03-10T14:28:21.362+0000] {taskinstance.py:2303} INFO - Starting attempt 1 of 4
[2025-03-10T14:28:21.427+0000] {taskinstance.py:2327} INFO - Executing <Task(BashOperator): notify_success> on 2025-03-09 02:00:00+00:00
[2025-03-10T14:28:21.433+0000] {warnings.py:110} WARNING - /home/***/.local/lib/python3.12/site-packages/***/task/task_runner/standard_task_runner.py:61: DeprecationWarning: This process (pid=337) is multi-threaded, use of fork() may lead to deadlocks in the child.
  pid = os.fork()

[2025-03-10T14:28:21.435+0000] {standard_task_runner.py:63} INFO - Started process 338 to run task
[2025-03-10T14:28:21.437+0000] {standard_task_runner.py:90} INFO - Running: ['***', 'tasks', 'run', 'dbt_build', 'notify_success', 'scheduled__2025-03-09T02:00:00+00:00', '--job-id', '38', '--raw', '--subdir', 'DAGS_FOLDER/dbt_build.py', '--cfg-path', '/tmp/tmplxghgjhk']
[2025-03-10T14:28:21.441+0000] {standard_task_runner.py:91} INFO - Job 38: Subtask notify_success
[2025-03-10T14:28:21.551+0000] {task_command.py:426} INFO - Running <TaskInstance: dbt_build.notify_success scheduled__2025-03-09T02:00:00+00:00 [running]> on host cdd94f75476d
[2025-03-10T14:28:21.829+0000] {taskinstance.py:2644} INFO - Exporting env vars: AIRFLOW_CTX_DAG_OWNER='***' AIRFLOW_CTX_DAG_ID='dbt_build' AIRFLOW_CTX_TASK_ID='notify_success' AIRFLOW_CTX_EXECUTION_DATE='2025-03-09T02:00:00+00:00' AIRFLOW_CTX_TRY_NUMBER='1' AIRFLOW_CTX_DAG_RUN_ID='scheduled__2025-03-09T02:00:00+00:00'
[2025-03-10T14:28:21.830+0000] {taskinstance.py:430} INFO - ::endgroup::
[2025-03-10T14:28:21.906+0000] {subprocess.py:63} INFO - Tmp dir root location: /tmp
[2025-03-10T14:28:21.907+0000] {subprocess.py:75} INFO - Running command: ['/usr/bin/bash', '-c', "echo 'job completed successfully!'"]
[2025-03-10T14:28:21.916+0000] {subprocess.py:86} INFO - Output:
[2025-03-10T14:28:21.943+0000] {subprocess.py:93} INFO - job completed successfully!
[2025-03-10T14:28:21.949+0000] {subprocess.py:97} INFO - Command exited with return code 0
[2025-03-10T14:28:21.951+0000] {taskinstance.py:441} INFO - ::group::Post task execution logs
[2025-03-10T14:28:22.057+0000] {taskinstance.py:1205} INFO - Marking task as SUCCESS. dag_id=dbt_build, task_id=notify_success, execution_date=20250309T020000, start_date=20250310T142821, end_date=20250310T142822
[2025-03-10T14:28:22.156+0000] {local_task_job_runner.py:240} INFO - Task exited with return code 0
[2025-03-10T14:28:22.226+0000] {taskinstance.py:3482} INFO - 0 downstream tasks scheduled from follow-on schedule check
[2025-03-10T14:28:22.306+0000] {local_task_job_runner.py:222} INFO - ::endgroup::
