[2025-03-08T20:58:18.158+0000] {local_task_job_runner.py:120} INFO - ::group::Pre task execution logs
[2025-03-08T20:58:18.197+0000] {taskinstance.py:2073} INFO - Dependencies all met for dep_context=non-requeueable deps ti=<TaskInstance: dbt_build.notify_success scheduled__2025-03-07T02:00:00+00:00 [queued]>
[2025-03-08T20:58:18.209+0000] {taskinstance.py:2073} INFO - Dependencies all met for dep_context=requeueable deps ti=<TaskInstance: dbt_build.notify_success scheduled__2025-03-07T02:00:00+00:00 [queued]>
[2025-03-08T20:58:18.286+0000] {taskinstance.py:2303} INFO - Starting attempt 1 of 4
[2025-03-08T20:58:18.478+0000] {taskinstance.py:2327} INFO - Executing <Task(BashOperator): notify_success> on 2025-03-07 02:00:00+00:00
[2025-03-08T20:58:18.500+0000] {warnings.py:110} WARNING - /home/***/.local/lib/python3.12/site-packages/***/task/task_runner/standard_task_runner.py:61: DeprecationWarning: This process (pid=310) is multi-threaded, use of fork() may lead to deadlocks in the child.
  pid = os.fork()

[2025-03-08T20:58:18.506+0000] {standard_task_runner.py:63} INFO - Started process 311 to run task
[2025-03-08T20:58:18.521+0000] {standard_task_runner.py:90} INFO - Running: ['***', 'tasks', 'run', 'dbt_build', 'notify_success', 'scheduled__2025-03-07T02:00:00+00:00', '--job-id', '5', '--raw', '--subdir', 'DAGS_FOLDER/dbt_build.py', '--cfg-path', '/tmp/tmp7wqhl18e']
[2025-03-08T20:58:18.526+0000] {standard_task_runner.py:91} INFO - Job 5: Subtask notify_success
[2025-03-08T20:58:18.899+0000] {task_command.py:426} INFO - Running <TaskInstance: dbt_build.notify_success scheduled__2025-03-07T02:00:00+00:00 [running]> on host a27315f65634
[2025-03-08T20:58:19.259+0000] {taskinstance.py:2644} INFO - Exporting env vars: AIRFLOW_CTX_DAG_OWNER='***' AIRFLOW_CTX_DAG_ID='dbt_build' AIRFLOW_CTX_TASK_ID='notify_success' AIRFLOW_CTX_EXECUTION_DATE='2025-03-07T02:00:00+00:00' AIRFLOW_CTX_TRY_NUMBER='1' AIRFLOW_CTX_DAG_RUN_ID='scheduled__2025-03-07T02:00:00+00:00'
[2025-03-08T20:58:19.262+0000] {taskinstance.py:430} INFO - ::endgroup::
[2025-03-08T20:58:19.288+0000] {subprocess.py:63} INFO - Tmp dir root location: /tmp
[2025-03-08T20:58:19.290+0000] {subprocess.py:75} INFO - Running command: ['/usr/bin/bash', '-c', "echo 'job completed successfully!'"]
[2025-03-08T20:58:19.317+0000] {subprocess.py:86} INFO - Output:
[2025-03-08T20:58:19.320+0000] {subprocess.py:93} INFO - job completed successfully!
[2025-03-08T20:58:19.321+0000] {subprocess.py:97} INFO - Command exited with return code 0
[2025-03-08T20:58:19.323+0000] {taskinstance.py:441} INFO - ::group::Post task execution logs
[2025-03-08T20:58:19.402+0000] {taskinstance.py:1205} INFO - Marking task as SUCCESS. dag_id=dbt_build, task_id=notify_success, execution_date=20250307T020000, start_date=20250308T205818, end_date=20250308T205819
[2025-03-08T20:58:19.499+0000] {local_task_job_runner.py:240} INFO - Task exited with return code 0
[2025-03-08T20:58:19.589+0000] {taskinstance.py:3482} INFO - 0 downstream tasks scheduled from follow-on schedule check
[2025-03-08T20:58:19.696+0000] {local_task_job_runner.py:222} INFO - ::endgroup::
