[2025-03-16T23:02:56.304+0000] {manager.py:470} INFO - Processing files using up to 2 processes at a time 
[2025-03-16T23:02:56.357+0000] {manager.py:471} INFO - Process each file at most once every 30 seconds
[2025-03-16T23:02:56.359+0000] {manager.py:472} INFO - Checking for new files in /opt/airflow/dags every 300 seconds
[2025-03-16T23:02:56.381+0000] {manager.py:737} INFO - Searching for files in /opt/airflow/dags
[2025-03-16T23:02:56.861+0000] {manager.py:740} INFO - There are 1 files in /opt/airflow/dags
[2025-03-16T23:02:57.253+0000] {manager.py:878} INFO - 
================================================================================
DAG File Processing Stats

File Path                         PID  Runtime      # DAGs    # Errors  Last Runtime    Last Run
------------------------------  -----  ---------  --------  ----------  --------------  ----------
/opt/airflow/dags/dbt_build.py     62  0.23s             0           0
================================================================================
[2025-03-16T23:03:27.501+0000] {manager.py:878} INFO - 
================================================================================
DAG File Processing Stats

File Path                       PID    Runtime      # DAGs    # Errors  Last Runtime    Last Run
------------------------------  -----  ---------  --------  ----------  --------------  -------------------
/opt/airflow/dags/dbt_build.py                           1           0  1.89s           2025-03-16T23:02:58
================================================================================
[2025-03-16T23:03:57.765+0000] {manager.py:878} INFO - 
================================================================================
DAG File Processing Stats

File Path                       PID    Runtime      # DAGs    # Errors  Last Runtime    Last Run
------------------------------  -----  ---------  --------  ----------  --------------  -------------------
/opt/airflow/dags/dbt_build.py                           1           0  0.21s           2025-03-16T23:03:29
================================================================================
[2025-03-16T23:04:28.347+0000] {manager.py:878} INFO - 
================================================================================
DAG File Processing Stats

File Path                       PID    Runtime      # DAGs    # Errors  Last Runtime    Last Run
------------------------------  -----  ---------  --------  ----------  --------------  -------------------
/opt/airflow/dags/dbt_build.py                           1           0  4.60s           2025-03-16T23:04:04
================================================================================
[2025-03-16T23:04:58.516+0000] {manager.py:878} INFO - 
================================================================================
DAG File Processing Stats

File Path                       PID    Runtime      # DAGs    # Errors  Last Runtime    Last Run
------------------------------  -----  ---------  --------  ----------  --------------  -------------------
/opt/airflow/dags/dbt_build.py                           1           0  0.31s           2025-03-16T23:04:34
================================================================================
[2025-03-16T23:05:29.088+0000] {manager.py:878} INFO - 
================================================================================
DAG File Processing Stats

File Path                       PID    Runtime      # DAGs    # Errors  Last Runtime    Last Run
------------------------------  -----  ---------  --------  ----------  --------------  -------------------
/opt/airflow/dags/dbt_build.py                           1           0  0.87s           2025-03-16T23:05:05
================================================================================
[2025-03-16T23:06:00.043+0000] {manager.py:878} INFO - 
================================================================================
DAG File Processing Stats

File Path                       PID    Runtime      # DAGs    # Errors  Last Runtime    Last Run
------------------------------  -----  ---------  --------  ----------  --------------  -------------------
/opt/airflow/dags/dbt_build.py                           1           0  0.51s           2025-03-16T23:05:36
================================================================================
[2025-03-16T23:06:30.337+0000] {manager.py:878} INFO - 
================================================================================
DAG File Processing Stats

File Path                       PID    Runtime      # DAGs    # Errors  Last Runtime    Last Run
------------------------------  -----  ---------  --------  ----------  --------------  -------------------
/opt/airflow/dags/dbt_build.py                           1           0  0.57s           2025-03-16T23:06:07
================================================================================
[2025-03-16T23:07:00.829+0000] {manager.py:878} INFO - 
================================================================================
DAG File Processing Stats

File Path                       PID    Runtime      # DAGs    # Errors  Last Runtime    Last Run
------------------------------  -----  ---------  --------  ----------  --------------  -------------------
/opt/airflow/dags/dbt_build.py                           1           0  0.44s           2025-03-16T23:06:38
================================================================================
[2025-03-16T23:07:31.397+0000] {manager.py:878} INFO - 
================================================================================
DAG File Processing Stats

File Path                       PID    Runtime      # DAGs    # Errors  Last Runtime    Last Run
------------------------------  -----  ---------  --------  ----------  --------------  -------------------
/opt/airflow/dags/dbt_build.py                           1           0  0.72s           2025-03-16T23:07:09
================================================================================
[2025-03-16T23:07:56.826+0000] {manager.py:737} INFO - Searching for files in /opt/airflow/dags
[2025-03-16T23:07:56.864+0000] {manager.py:740} INFO - There are 1 files in /opt/airflow/dags
[2025-03-16T23:08:01.946+0000] {manager.py:878} INFO - 
================================================================================
DAG File Processing Stats

File Path                       PID    Runtime      # DAGs    # Errors  Last Runtime    Last Run
------------------------------  -----  ---------  --------  ----------  --------------  -------------------
/opt/airflow/dags/dbt_build.py                           1           0  0.95s           2025-03-16T23:07:40
================================================================================
[2025-03-16T23:08:32.331+0000] {manager.py:878} INFO - 
================================================================================
DAG File Processing Stats

File Path                       PID    Runtime      # DAGs    # Errors  Last Runtime    Last Run
------------------------------  -----  ---------  --------  ----------  --------------  -------------------
/opt/airflow/dags/dbt_build.py                           1           0  1.28s           2025-03-16T23:08:12
================================================================================
[2025-03-16T23:09:03.208+0000] {manager.py:878} INFO - 
================================================================================
DAG File Processing Stats

File Path                       PID    Runtime      # DAGs    # Errors  Last Runtime    Last Run
------------------------------  -----  ---------  --------  ----------  --------------  -------------------
/opt/airflow/dags/dbt_build.py                           1           0  0.60s           2025-03-16T23:08:42
================================================================================
[2025-03-16T23:09:33.259+0000] {manager.py:878} INFO - 
================================================================================
DAG File Processing Stats

File Path                       PID    Runtime      # DAGs    # Errors  Last Runtime    Last Run
------------------------------  -----  ---------  --------  ----------  --------------  -------------------
/opt/airflow/dags/dbt_build.py                           1           0  0.54s           2025-03-16T23:09:13
================================================================================
[2025-03-16T23:10:03.825+0000] {manager.py:878} INFO - 
================================================================================
DAG File Processing Stats

File Path                       PID    Runtime      # DAGs    # Errors  Last Runtime    Last Run
------------------------------  -----  ---------  --------  ----------  --------------  -------------------
/opt/airflow/dags/dbt_build.py                           1           0  0.50s           2025-03-16T23:09:44
================================================================================
[2025-03-16T23:10:34.368+0000] {manager.py:878} INFO - 
================================================================================
DAG File Processing Stats

File Path                       PID    Runtime      # DAGs    # Errors  Last Runtime    Last Run
------------------------------  -----  ---------  --------  ----------  --------------  -------------------
/opt/airflow/dags/dbt_build.py                           1           0  0.69s           2025-03-16T23:10:15
================================================================================
[2025-03-16T23:11:04.573+0000] {manager.py:878} INFO - 
================================================================================
DAG File Processing Stats

File Path                       PID    Runtime      # DAGs    # Errors  Last Runtime    Last Run
------------------------------  -----  ---------  --------  ----------  --------------  -------------------
/opt/airflow/dags/dbt_build.py                           1           0  0.51s           2025-03-16T23:10:47
================================================================================
[2025-03-16T23:11:35.213+0000] {manager.py:878} INFO - 
================================================================================
DAG File Processing Stats

File Path                       PID    Runtime      # DAGs    # Errors  Last Runtime    Last Run
------------------------------  -----  ---------  --------  ----------  --------------  -------------------
/opt/airflow/dags/dbt_build.py                           1           0  0.49s           2025-03-16T23:11:18
================================================================================
[2025-03-16T23:12:05.817+0000] {manager.py:878} INFO - 
================================================================================
DAG File Processing Stats

File Path                       PID    Runtime      # DAGs    # Errors  Last Runtime    Last Run
------------------------------  -----  ---------  --------  ----------  --------------  -------------------
/opt/airflow/dags/dbt_build.py                           1           0  0.41s           2025-03-16T23:11:48
================================================================================
[2025-03-16T23:12:36.749+0000] {manager.py:878} INFO - 
================================================================================
DAG File Processing Stats

File Path                       PID    Runtime      # DAGs    # Errors  Last Runtime    Last Run
------------------------------  -----  ---------  --------  ----------  --------------  -------------------
/opt/airflow/dags/dbt_build.py                           1           0  0.40s           2025-03-16T23:12:19
================================================================================
[2025-03-16T23:12:57.281+0000] {manager.py:737} INFO - Searching for files in /opt/airflow/dags
[2025-03-16T23:12:57.319+0000] {manager.py:740} INFO - There are 1 files in /opt/airflow/dags
[2025-03-16T23:13:06.874+0000] {manager.py:878} INFO - 
================================================================================
DAG File Processing Stats

File Path                       PID    Runtime      # DAGs    # Errors  Last Runtime    Last Run
------------------------------  -----  ---------  --------  ----------  --------------  -------------------
/opt/airflow/dags/dbt_build.py                           1           0  0.53s           2025-03-16T23:12:50
================================================================================
[2025-03-16T23:13:36.888+0000] {manager.py:878} INFO - 
================================================================================
DAG File Processing Stats

File Path                       PID    Runtime      # DAGs    # Errors  Last Runtime    Last Run
------------------------------  -----  ---------  --------  ----------  --------------  -------------------
/opt/airflow/dags/dbt_build.py                           1           0  0.54s           2025-03-16T23:13:21
================================================================================
[2025-03-16T23:14:07.147+0000] {manager.py:878} INFO - 
================================================================================
DAG File Processing Stats

File Path                       PID    Runtime      # DAGs    # Errors  Last Runtime    Last Run
------------------------------  -----  ---------  --------  ----------  --------------  -------------------
/opt/airflow/dags/dbt_build.py                           1           0  0.71s           2025-03-16T23:13:52
================================================================================
[2025-03-16T23:14:37.550+0000] {manager.py:878} INFO - 
================================================================================
DAG File Processing Stats

File Path                       PID    Runtime      # DAGs    # Errors  Last Runtime    Last Run
------------------------------  -----  ---------  --------  ----------  --------------  -------------------
/opt/airflow/dags/dbt_build.py                           1           0  0.42s           2025-03-16T23:14:23
================================================================================
[2025-03-16T23:15:08.228+0000] {manager.py:878} INFO - 
================================================================================
DAG File Processing Stats

File Path                       PID    Runtime      # DAGs    # Errors  Last Runtime    Last Run
------------------------------  -----  ---------  --------  ----------  --------------  -------------------
/opt/airflow/dags/dbt_build.py                           1           0  0.46s           2025-03-16T23:14:54
================================================================================
[2025-03-16T23:15:38.991+0000] {manager.py:878} INFO - 
================================================================================
DAG File Processing Stats

File Path                       PID    Runtime      # DAGs    # Errors  Last Runtime    Last Run
------------------------------  -----  ---------  --------  ----------  --------------  -------------------
/opt/airflow/dags/dbt_build.py                           1           0  0.80s           2025-03-16T23:15:25
================================================================================
[2025-03-16T23:16:09.761+0000] {manager.py:878} INFO - 
================================================================================
DAG File Processing Stats

File Path                       PID    Runtime      # DAGs    # Errors  Last Runtime    Last Run
------------------------------  -----  ---------  --------  ----------  --------------  -------------------
/opt/airflow/dags/dbt_build.py                           1           0  0.93s           2025-03-16T23:15:57
================================================================================
[2025-03-16T23:16:39.954+0000] {manager.py:878} INFO - 
================================================================================
DAG File Processing Stats

File Path                       PID    Runtime      # DAGs    # Errors  Last Runtime    Last Run
------------------------------  -----  ---------  --------  ----------  --------------  -------------------
/opt/airflow/dags/dbt_build.py                           1           0  0.35s           2025-03-16T23:16:27
================================================================================
[2025-03-16T23:17:10.134+0000] {manager.py:878} INFO - 
================================================================================
DAG File Processing Stats

File Path                       PID    Runtime      # DAGs    # Errors  Last Runtime    Last Run
------------------------------  -----  ---------  --------  ----------  --------------  -------------------
/opt/airflow/dags/dbt_build.py                           1           0  0.70s           2025-03-16T23:16:59
================================================================================
[2025-03-16T23:17:40.462+0000] {manager.py:878} INFO - 
================================================================================
DAG File Processing Stats

File Path                       PID    Runtime      # DAGs    # Errors  Last Runtime    Last Run
------------------------------  -----  ---------  --------  ----------  --------------  -------------------
/opt/airflow/dags/dbt_build.py                           1           0  0.64s           2025-03-16T23:17:30
================================================================================
[2025-03-16T23:17:57.840+0000] {manager.py:737} INFO - Searching for files in /opt/airflow/dags
[2025-03-16T23:17:58.737+0000] {manager.py:740} INFO - There are 1 files in /opt/airflow/dags
[2025-03-16T23:18:10.486+0000] {manager.py:878} INFO - 
================================================================================
DAG File Processing Stats

File Path                       PID    Runtime      # DAGs    # Errors  Last Runtime    Last Run
------------------------------  -----  ---------  --------  ----------  --------------  -------------------
/opt/airflow/dags/dbt_build.py                           1           0  1.02s           2025-03-16T23:18:02
================================================================================
[2025-03-16T23:18:41.280+0000] {manager.py:878} INFO - 
================================================================================
DAG File Processing Stats

File Path                       PID    Runtime      # DAGs    # Errors  Last Runtime    Last Run
------------------------------  -----  ---------  --------  ----------  --------------  -------------------
/opt/airflow/dags/dbt_build.py                           1           0  0.45s           2025-03-16T23:18:33
================================================================================
[2025-03-16T23:19:11.914+0000] {manager.py:878} INFO - 
================================================================================
DAG File Processing Stats

File Path                       PID    Runtime      # DAGs    # Errors  Last Runtime    Last Run
------------------------------  -----  ---------  --------  ----------  --------------  -------------------
/opt/airflow/dags/dbt_build.py                           1           0  0.30s           2025-03-16T23:19:04
================================================================================
[2025-03-16T23:19:42.608+0000] {manager.py:878} INFO - 
================================================================================
DAG File Processing Stats

File Path                       PID    Runtime      # DAGs    # Errors  Last Runtime    Last Run
------------------------------  -----  ---------  --------  ----------  --------------  -------------------
/opt/airflow/dags/dbt_build.py                           1           0  0.23s           2025-03-16T23:19:34
================================================================================
[2025-03-16T23:20:13.361+0000] {manager.py:878} INFO - 
================================================================================
DAG File Processing Stats

File Path                       PID    Runtime      # DAGs    # Errors  Last Runtime    Last Run
------------------------------  -----  ---------  --------  ----------  --------------  -------------------
/opt/airflow/dags/dbt_build.py                           1           0  0.37s           2025-03-16T23:20:05
================================================================================
[2025-03-16T23:20:44.132+0000] {manager.py:878} INFO - 
================================================================================
DAG File Processing Stats

File Path                       PID    Runtime      # DAGs    # Errors  Last Runtime    Last Run
------------------------------  -----  ---------  --------  ----------  --------------  -------------------
/opt/airflow/dags/dbt_build.py                           1           0  0.29s           2025-03-16T23:20:36
================================================================================
[2025-03-16T23:21:14.491+0000] {manager.py:878} INFO - 
================================================================================
DAG File Processing Stats

File Path                       PID    Runtime      # DAGs    # Errors  Last Runtime    Last Run
------------------------------  -----  ---------  --------  ----------  --------------  -------------------
/opt/airflow/dags/dbt_build.py                           1           0  0.44s           2025-03-16T23:21:07
================================================================================
[2025-03-16T23:21:45.083+0000] {manager.py:878} INFO - 
================================================================================
DAG File Processing Stats

File Path                       PID    Runtime      # DAGs    # Errors  Last Runtime    Last Run
------------------------------  -----  ---------  --------  ----------  --------------  -------------------
/opt/airflow/dags/dbt_build.py                           1           0  0.52s           2025-03-16T23:21:37
================================================================================
[2025-03-16T23:22:15.224+0000] {manager.py:878} INFO - 
================================================================================
DAG File Processing Stats

File Path                       PID    Runtime      # DAGs    # Errors  Last Runtime    Last Run
------------------------------  -----  ---------  --------  ----------  --------------  -------------------
/opt/airflow/dags/dbt_build.py                           1           0  0.40s           2025-03-16T23:22:09
================================================================================
[2025-03-16T23:22:45.256+0000] {manager.py:878} INFO - 
================================================================================
DAG File Processing Stats

File Path                       PID    Runtime      # DAGs    # Errors  Last Runtime    Last Run
------------------------------  -----  ---------  --------  ----------  --------------  -------------------
/opt/airflow/dags/dbt_build.py                           1           0  0.46s           2025-03-16T23:22:39
================================================================================
[2025-03-16T23:22:58.023+0000] {manager.py:737} INFO - Searching for files in /opt/airflow/dags
[2025-03-16T23:22:58.066+0000] {manager.py:740} INFO - There are 1 files in /opt/airflow/dags
[2025-03-16T23:23:15.970+0000] {manager.py:878} INFO - 
================================================================================
DAG File Processing Stats

File Path                       PID    Runtime      # DAGs    # Errors  Last Runtime    Last Run
------------------------------  -----  ---------  --------  ----------  --------------  -------------------
/opt/airflow/dags/dbt_build.py                           1           0  0.23s           2025-03-16T23:23:10
================================================================================
[2025-03-16T23:23:46.143+0000] {manager.py:878} INFO - 
================================================================================
DAG File Processing Stats

File Path                       PID    Runtime      # DAGs    # Errors  Last Runtime    Last Run
------------------------------  -----  ---------  --------  ----------  --------------  -------------------
/opt/airflow/dags/dbt_build.py                           1           0  0.55s           2025-03-16T23:23:41
================================================================================
[2025-03-16T23:24:16.153+0000] {manager.py:878} INFO - 
================================================================================
DAG File Processing Stats

File Path                       PID    Runtime      # DAGs    # Errors  Last Runtime    Last Run
------------------------------  -----  ---------  --------  ----------  --------------  -------------------
/opt/airflow/dags/dbt_build.py                           1           0  0.31s           2025-03-16T23:24:11
================================================================================
[2025-03-16T23:24:46.690+0000] {manager.py:878} INFO - 
================================================================================
DAG File Processing Stats

File Path                       PID    Runtime      # DAGs    # Errors  Last Runtime    Last Run
------------------------------  -----  ---------  --------  ----------  --------------  -------------------
/opt/airflow/dags/dbt_build.py                           1           0  0.33s           2025-03-16T23:24:41
================================================================================
[2025-03-16T23:25:16.879+0000] {manager.py:878} INFO - 
================================================================================
DAG File Processing Stats

File Path                       PID    Runtime      # DAGs    # Errors  Last Runtime    Last Run
------------------------------  -----  ---------  --------  ----------  --------------  -------------------
/opt/airflow/dags/dbt_build.py                           1           0  0.39s           2025-03-16T23:25:12
================================================================================
[2025-03-16T23:25:27.411+0000] {manager.py:452} INFO - Exiting gracefully upon receiving signal 15
