[2025-03-10T14:17:34.438+0000] {local_task_job_runner.py:120} INFO - ::group::Pre task execution logs
[2025-03-10T14:17:34.517+0000] {taskinstance.py:2073} INFO - Dependencies all met for dep_context=non-requeueable deps ti=<TaskInstance: dbt_build.dbt_build scheduled__2025-03-09T02:00:00+00:00 [queued]>
[2025-03-10T14:17:34.539+0000] {taskinstance.py:2073} INFO - Dependencies all met for dep_context=requeueable deps ti=<TaskInstance: dbt_build.dbt_build scheduled__2025-03-09T02:00:00+00:00 [queued]>
[2025-03-10T14:17:34.542+0000] {taskinstance.py:2303} INFO - Starting attempt 1 of 4
[2025-03-10T14:17:34.589+0000] {taskinstance.py:2327} INFO - Executing <Task(BashOperator): dbt_build> on 2025-03-09 02:00:00+00:00
[2025-03-10T14:17:34.599+0000] {warnings.py:110} WARNING - /home/***/.local/lib/python3.12/site-packages/***/task/task_runner/standard_task_runner.py:61: DeprecationWarning: This process (pid=198) is multi-threaded, use of fork() may lead to deadlocks in the child.
  pid = os.fork()

[2025-03-10T14:17:34.603+0000] {standard_task_runner.py:63} INFO - Started process 199 to run task
[2025-03-10T14:17:34.603+0000] {standard_task_runner.py:90} INFO - Running: ['***', 'tasks', 'run', 'dbt_build', 'dbt_build', 'scheduled__2025-03-09T02:00:00+00:00', '--job-id', '37', '--raw', '--subdir', 'DAGS_FOLDER/dbt_build.py', '--cfg-path', '/tmp/tmp8tr30647']
[2025-03-10T14:17:34.610+0000] {standard_task_runner.py:91} INFO - Job 37: Subtask dbt_build
[2025-03-10T14:17:34.745+0000] {task_command.py:426} INFO - Running <TaskInstance: dbt_build.dbt_build scheduled__2025-03-09T02:00:00+00:00 [running]> on host cdd94f75476d
[2025-03-10T14:17:35.012+0000] {taskinstance.py:2644} INFO - Exporting env vars: AIRFLOW_CTX_DAG_OWNER='***' AIRFLOW_CTX_DAG_ID='dbt_build' AIRFLOW_CTX_TASK_ID='dbt_build' AIRFLOW_CTX_EXECUTION_DATE='2025-03-09T02:00:00+00:00' AIRFLOW_CTX_TRY_NUMBER='1' AIRFLOW_CTX_DAG_RUN_ID='scheduled__2025-03-09T02:00:00+00:00'
[2025-03-10T14:17:35.015+0000] {taskinstance.py:430} INFO - ::endgroup::
[2025-03-10T14:17:35.032+0000] {subprocess.py:63} INFO - Tmp dir root location: /tmp
[2025-03-10T14:17:35.034+0000] {subprocess.py:75} INFO - Running command: ['/usr/bin/bash', '-c', 'cd /opt/dbt && dbt build --target prod']
[2025-03-10T14:17:35.065+0000] {subprocess.py:86} INFO - Output:
[2025-03-10T14:17:40.435+0000] {subprocess.py:93} INFO - [0m14:17:40  Running with dbt=1.8.7
[2025-03-10T14:17:41.304+0000] {subprocess.py:93} INFO - [0m14:17:41  Registered adapter: sqlserver=1.8.7
[2025-03-10T14:17:42.220+0000] {subprocess.py:93} INFO - [0m14:17:42  Unable to do partial parsing because config vars, config profile, or config target have changed
[2025-03-10T14:17:42.257+0000] {subprocess.py:93} INFO - [0m14:17:42  Unable to do partial parsing because profile has changed
[2025-03-10T14:18:00.417+0000] {subprocess.py:93} INFO - [0m14:18:00  Found 24 models, 3 snapshots, 31 data tests, 1 seed, 10 sources, 619 macros
[2025-03-10T14:18:00.450+0000] {subprocess.py:93} INFO - [0m14:18:00
[2025-03-10T14:18:01.568+0000] {subprocess.py:93} INFO - [0m14:18:01  Concurrency: 8 threads (target='prod')
[2025-03-10T14:18:01.578+0000] {subprocess.py:93} INFO - [0m14:18:01
[2025-03-10T14:18:01.634+0000] {subprocess.py:93} INFO - [0m14:18:01  1 of 59 START sql view model analytics.stg_test ................................ [RUN]
[2025-03-10T14:18:01.654+0000] {subprocess.py:93} INFO - [0m14:18:01  2 of 59 START seed file analytics.cities ....................................... [RUN]
[2025-03-10T14:18:01.657+0000] {subprocess.py:93} INFO - [0m14:18:01  3 of 59 START test source_accepted_values_old_store_payment_transaction_status__Completed__Pending__Failed  [RUN]
[2025-03-10T14:18:01.671+0000] {subprocess.py:93} INFO - [0m14:18:01  5 of 59 START test source_check_valid_dates_old_store_orders_order_date ........ [RUN]
[2025-03-10T14:18:01.673+0000] {subprocess.py:93} INFO - [0m14:18:01  6 of 59 START test source_check_valid_dates_old_store_reviews_review_date ...... [RUN]
[2025-03-10T14:18:01.679+0000] {subprocess.py:93} INFO - [0m14:18:01  7 of 59 START test source_check_valid_dates_old_store_shipments_delivery_date .. [RUN]
[2025-03-10T14:18:01.681+0000] {subprocess.py:93} INFO - [0m14:18:01  8 of 59 START test source_check_valid_dates_old_store_shipments_shipment_date .. [RUN]
[2025-03-10T14:18:01.709+0000] {subprocess.py:93} INFO - [0m14:18:01  4 of 59 START test source_accepted_values_old_store_shipments_shipment_status__Pending__Delivered__Shipped__Cancelled  [RUN]
[2025-03-10T14:18:04.989+0000] {subprocess.py:93} INFO - [0m14:18:04  5 of 59 PASS source_check_valid_dates_old_store_orders_order_date .............. [[32mPASS[0m in 3.24s]
[2025-03-10T14:18:05.055+0000] {subprocess.py:93} INFO - [0m14:18:05  6 of 59 PASS source_check_valid_dates_old_store_reviews_review_date ............ [[32mPASS[0m in 3.30s]
[2025-03-10T14:18:05.080+0000] {subprocess.py:93} INFO - [0m14:18:05  8 of 59 PASS source_check_valid_dates_old_store_shipments_shipment_date ........ [[32mPASS[0m in 3.31s]
[2025-03-10T14:18:05.145+0000] {subprocess.py:93} INFO - [0m14:18:05  4 of 59 PASS source_accepted_values_old_store_shipments_shipment_status__Pending__Delivered__Shipped__Cancelled  [[32mPASS[0m in 3.36s]
[2025-03-10T14:18:05.164+0000] {subprocess.py:93} INFO - [0m14:18:05  7 of 59 PASS source_check_valid_dates_old_store_shipments_delivery_date ........ [[32mPASS[0m in 3.40s]
[2025-03-10T14:18:05.407+0000] {subprocess.py:93} INFO - [0m14:18:05  3 of 59 PASS source_accepted_values_old_store_payment_transaction_status__Completed__Pending__Failed  [[32mPASS[0m in 3.74s]
[2025-03-10T14:18:05.714+0000] {subprocess.py:93} INFO - [0m14:18:05  9 of 59 START test source_not_null_new_store_products_id ....................... [RUN]
[2025-03-10T14:18:05.747+0000] {subprocess.py:93} INFO - [0m14:18:05  10 of 59 START test source_not_null_new_store_users_id ......................... [RUN]
[2025-03-10T14:18:05.760+0000] {subprocess.py:93} INFO - [0m14:18:05  11 of 59 START test source_not_null_old_store_customers_customer_id ............ [RUN]
[2025-03-10T14:18:05.798+0000] {subprocess.py:93} INFO - [0m14:18:05  12 of 59 START test source_not_null_old_store_customers_email .................. [RUN]
[2025-03-10T14:18:05.912+0000] {subprocess.py:93} INFO - [0m14:18:05  13 of 59 START test source_not_null_old_store_order_items_order_item_id ........ [RUN]
[2025-03-10T14:18:06.163+0000] {subprocess.py:93} INFO - [0m14:18:06  14 of 59 START test source_not_null_old_store_orders_order_id .................. [RUN]
[2025-03-10T14:18:09.284+0000] {subprocess.py:93} INFO - [0m14:18:09  1 of 59 OK created sql view model analytics.stg_test ........................... [[32mOK[0m in 7.57s]
[2025-03-10T14:18:09.568+0000] {subprocess.py:93} INFO - [0m14:18:09  14 of 59 PASS source_not_null_old_store_orders_order_id ........................ [[32mPASS[0m in 3.26s]
[2025-03-10T14:18:09.717+0000] {subprocess.py:93} INFO - [0m14:18:09  11 of 59 PASS source_not_null_old_store_customers_customer_id .................. [[32mPASS[0m in 3.69s]
[2025-03-10T14:18:09.917+0000] {subprocess.py:93} INFO - [0m14:18:09  15 of 59 START test source_not_null_old_store_payment_payment_id ............... [RUN]
[2025-03-10T14:18:09.972+0000] {subprocess.py:93} INFO - [0m14:18:09  9 of 59 PASS source_not_null_new_store_products_id ............................. [[32mPASS[0m in 4.02s]
[2025-03-10T14:18:10.051+0000] {subprocess.py:93} INFO - [0m14:18:10  12 of 59 PASS source_not_null_old_store_customers_email ........................ [[32mPASS[0m in 3.97s]
[2025-03-10T14:18:10.167+0000] {subprocess.py:93} INFO - [0m14:18:10  10 of 59 PASS source_not_null_new_store_users_id ............................... [[32mPASS[0m in 4.17s]
[2025-03-10T14:18:10.372+0000] {subprocess.py:93} INFO - [0m14:18:10  16 of 59 START test source_not_null_old_store_products_product_id .............. [RUN]
[2025-03-10T14:18:10.448+0000] {subprocess.py:93} INFO - [0m14:18:10  17 of 59 START test source_not_null_old_store_reviews_review_id ................ [RUN]
[2025-03-10T14:18:10.519+0000] {subprocess.py:93} INFO - [0m14:18:10  13 of 59 PASS source_not_null_old_store_order_items_order_item_id .............. [[32mPASS[0m in 3.90s]
[2025-03-10T14:18:10.777+0000] {subprocess.py:93} INFO - [0m14:18:10  18 of 59 START test source_not_null_old_store_shipments_shipment_id ............ [RUN]
[2025-03-10T14:18:10.824+0000] {subprocess.py:93} INFO - [0m14:18:10  19 of 59 START test source_not_null_old_store_suppliers_supplier_id ............ [RUN]
[2025-03-10T14:18:10.916+0000] {subprocess.py:93} INFO - [0m14:18:10  20 of 59 START test source_relationships_old_store_order_items_order_id__order_id__source_old_store_orders_  [RUN]
[2025-03-10T14:18:11.341+0000] {subprocess.py:93} INFO - [0m14:18:11  21 of 59 START test source_relationships_old_store_order_items_product_id__product_id__source_old_store_products_  [RUN]
[2025-03-10T14:18:14.426+0000] {subprocess.py:93} INFO - [0m14:18:14  15 of 59 PASS source_not_null_old_store_payment_payment_id ..................... [[32mPASS[0m in 4.22s]
[2025-03-10T14:18:14.591+0000] {subprocess.py:93} INFO - [0m14:18:14  16 of 59 PASS source_not_null_old_store_products_product_id .................... [[32mPASS[0m in 3.99s]
[2025-03-10T14:18:14.960+0000] {subprocess.py:93} INFO - [0m14:18:14  17 of 59 PASS source_not_null_old_store_reviews_review_id ...................... [[32mPASS[0m in 4.23s]
[2025-03-10T14:18:15.249+0000] {subprocess.py:93} INFO - [0m14:18:15  22 of 59 START test source_unique_new_store_products_id ........................ [RUN]
[2025-03-10T14:18:15.276+0000] {subprocess.py:93} INFO - [0m14:18:15  19 of 59 PASS source_not_null_old_store_suppliers_supplier_id .................. [[32mPASS[0m in 4.13s]
[2025-03-10T14:18:15.328+0000] {subprocess.py:93} INFO - [0m14:18:15  23 of 59 START test source_unique_new_store_users_id ........................... [RUN]
[2025-03-10T14:18:15.364+0000] {subprocess.py:93} INFO - [0m14:18:15  20 of 59 PASS source_relationships_old_store_order_items_order_id__order_id__source_old_store_orders_  [[32mPASS[0m in 4.15s]
[2025-03-10T14:18:15.401+0000] {subprocess.py:93} INFO - [0m14:18:15  24 of 59 START test source_unique_old_store_customers_customer_id .............. [RUN]
[2025-03-10T14:18:15.425+0000] {subprocess.py:93} INFO - [0m14:18:15  18 of 59 PASS source_not_null_old_store_shipments_shipment_id .................. [[32mPASS[0m in 4.38s]
[2025-03-10T14:18:15.767+0000] {subprocess.py:93} INFO - [0m14:18:15  21 of 59 PASS source_relationships_old_store_order_items_product_id__product_id__source_old_store_products_  [[32mPASS[0m in 4.16s]
[2025-03-10T14:18:15.883+0000] {subprocess.py:93} INFO - [0m14:18:15  25 of 59 START test source_unique_old_store_order_items_order_item_id .......... [RUN]
[2025-03-10T14:18:16.060+0000] {subprocess.py:93} INFO - [0m14:18:16  26 of 59 START test source_unique_old_store_orders_order_id .................... [RUN]
[2025-03-10T14:18:16.198+0000] {subprocess.py:93} INFO - [0m14:18:16  27 of 59 START test source_unique_old_store_payment_payment_id ................. [RUN]
[2025-03-10T14:18:16.665+0000] {subprocess.py:93} INFO - [0m14:18:16  28 of 59 START test source_unique_old_store_products_product_id ................ [RUN]
[2025-03-10T14:18:19.276+0000] {subprocess.py:93} INFO - [0m14:18:19  23 of 59 PASS source_unique_new_store_users_id ................................. [[32mPASS[0m in 3.76s]
[2025-03-10T14:18:19.305+0000] {subprocess.py:93} INFO - [0m14:18:19  24 of 59 PASS source_unique_old_store_customers_customer_id .................... [[32mPASS[0m in 3.72s]
[2025-03-10T14:18:19.341+0000] {subprocess.py:93} INFO - [0m14:18:19  22 of 59 PASS source_unique_new_store_products_id .............................. [[32mPASS[0m in 4.00s]
[2025-03-10T14:18:19.398+0000] {subprocess.py:93} INFO - [0m14:18:19  29 of 59 START test source_unique_old_store_reviews_review_id .................. [RUN]
[2025-03-10T14:18:19.422+0000] {subprocess.py:93} INFO - [0m14:18:19  26 of 59 PASS source_unique_old_store_orders_order_id .......................... [[32mPASS[0m in 2.98s]
[2025-03-10T14:18:19.465+0000] {subprocess.py:93} INFO - [0m14:18:19  30 of 59 START test source_unique_old_store_shipments_shipment_id .............. [RUN]
[2025-03-10T14:18:19.476+0000] {subprocess.py:93} INFO - [0m14:18:19  25 of 59 PASS source_unique_old_store_order_items_order_item_id ................ [[32mPASS[0m in 3.25s]
[2025-03-10T14:18:19.505+0000] {subprocess.py:93} INFO - [0m14:18:19  27 of 59 PASS source_unique_old_store_payment_payment_id ....................... [[32mPASS[0m in 2.94s]
[2025-03-10T14:18:19.509+0000] {subprocess.py:93} INFO - [0m14:18:19  31 of 59 START test source_unique_old_store_suppliers_supplier_id .............. [RUN]
[2025-03-10T14:18:19.570+0000] {subprocess.py:93} INFO - [0m14:18:19  32 of 59 START sql incremental model analytics.stg_incremental_monthly_customers  [RUN]
[2025-03-10T14:18:19.577+0000] {subprocess.py:93} INFO - [0m14:18:19  28 of 59 PASS source_unique_old_store_products_product_id ...................... [[32mPASS[0m in 2.72s]
[2025-03-10T14:18:19.632+0000] {subprocess.py:93} INFO - [0m14:18:19  33 of 59 START sql view model analytics.stg_new_store_users .................... [RUN]
[2025-03-10T14:18:19.645+0000] {subprocess.py:93} INFO - [0m14:18:19  34 of 59 START sql view model analytics.stg_old_store_customers ................ [RUN]
[2025-03-10T14:18:19.752+0000] {subprocess.py:93} INFO - [0m14:18:19  35 of 59 START sql view model analytics.stg_new_store_products ................. [RUN]
[2025-03-10T14:18:21.351+0000] {subprocess.py:93} INFO - [0m14:18:21  29 of 59 PASS source_unique_old_store_reviews_review_id ........................ [[32mPASS[0m in 1.89s]
[2025-03-10T14:18:21.788+0000] {subprocess.py:93} INFO - [0m14:18:21  36 of 59 START sql view model analytics.stg_old_store_orders ................... [RUN]
[2025-03-10T14:18:22.130+0000] {subprocess.py:93} INFO - [0m14:18:22  31 of 59 PASS source_unique_old_store_suppliers_supplier_id .................... [[32mPASS[0m in 2.56s]
[2025-03-10T14:18:22.191+0000] {subprocess.py:93} INFO - [0m14:18:22  30 of 59 PASS source_unique_old_store_shipments_shipment_id .................... [[32mPASS[0m in 2.69s]
[2025-03-10T14:18:22.375+0000] {subprocess.py:93} INFO - [0m14:18:22  37 of 59 START sql view model analytics.stg_old_store_order_items .............. [RUN]
[2025-03-10T14:18:22.394+0000] {subprocess.py:93} INFO - [0m14:18:22  38 of 59 START sql view model analytics.stg_old_store_payments ................. [RUN]
[2025-03-10T14:18:23.897+0000] {subprocess.py:93} INFO - [0m14:18:23  33 of 59 OK created sql view model analytics.stg_new_store_users ............... [[32mOK[0m in 4.12s]
[2025-03-10T14:18:23.913+0000] {subprocess.py:93} INFO - [0m14:18:23  34 of 59 OK created sql view model analytics.stg_old_store_customers ........... [[32mOK[0m in 4.07s]
[2025-03-10T14:18:23.914+0000] {subprocess.py:93} INFO - [0m14:18:23  35 of 59 OK created sql view model analytics.stg_new_store_products ............ [[32mOK[0m in 3.64s]
[2025-03-10T14:18:24.027+0000] {subprocess.py:93} INFO - [0m14:18:24  39 of 59 START sql view model analytics.stg_old_store_products ................. [RUN]
[2025-03-10T14:18:24.106+0000] {subprocess.py:93} INFO - [0m14:18:24  40 of 59 START sql view model analytics.stg_old_store_reviews .................. [RUN]
[2025-03-10T14:18:24.166+0000] {subprocess.py:93} INFO - [0m14:18:24  41 of 59 START sql view model analytics.stg_old_store_suppliers ................ [RUN]
[2025-03-10T14:18:25.297+0000] {subprocess.py:93} INFO - [0m14:18:25  36 of 59 OK created sql view model analytics.stg_old_store_orders .............. [[32mOK[0m in 3.30s]
[2025-03-10T14:18:25.359+0000] {subprocess.py:93} INFO - [0m14:18:25  42 of 59 START sql view model analytics.stg_old_store_shipments ................ [RUN]
[2025-03-10T14:18:25.369+0000] {subprocess.py:93} INFO - [0m14:18:25  32 of 59 OK created sql incremental model analytics.stg_incremental_monthly_customers  [[32mOK[0m in 5.71s]
[2025-03-10T14:18:25.581+0000] {subprocess.py:93} INFO - [0m14:18:25  43 of 59 START sql view model analytics.int_customer_id_mapping ................ [RUN]
[2025-03-10T14:18:25.626+0000] {subprocess.py:93} INFO - [0m14:18:25  38 of 59 OK created sql view model analytics.stg_old_store_payments ............ [[32mOK[0m in 3.07s]
[2025-03-10T14:18:25.718+0000] {subprocess.py:93} INFO - [0m14:18:25  37 of 59 OK created sql view model analytics.stg_old_store_order_items ......... [[32mOK[0m in 3.11s]
[2025-03-10T14:18:26.028+0000] {subprocess.py:93} INFO - [0m14:18:26  44 of 59 START snapshot snapshots.orders_snapshot .............................. [RUN]
[2025-03-10T14:18:26.088+0000] {subprocess.py:93} INFO - [0m14:18:26  45 of 59 START test assert_order_amount_is_positive ............................ [RUN]
[2025-03-10T14:18:27.348+0000] {subprocess.py:93} INFO - [0m14:18:27  39 of 59 OK created sql view model analytics.stg_old_store_products ............ [[32mOK[0m in 3.08s]
[2025-03-10T14:18:28.057+0000] {subprocess.py:93} INFO - [0m14:18:28  40 of 59 OK created sql view model analytics.stg_old_store_reviews ............. [[32mOK[0m in 3.81s]
[2025-03-10T14:18:28.070+0000] {subprocess.py:93} INFO - [0m14:18:28  46 of 59 START sql view model analytics.int_product_id_mapping ................. [RUN]
[2025-03-10T14:18:28.082+0000] {subprocess.py:93} INFO - [0m14:18:28  41 of 59 OK created sql view model analytics.stg_old_store_suppliers ........... [[32mOK[0m in 3.74s]
[2025-03-10T14:18:28.799+0000] {subprocess.py:93} INFO - [0m14:18:28  45 of 59 PASS assert_order_amount_is_positive .................................. [[32mPASS[0m in 2.64s]
[2025-03-10T14:18:28.875+0000] {subprocess.py:93} INFO - [0m14:18:28  47 of 59 START sql table model analytics.fct_payments .......................... [RUN]
[2025-03-10T14:18:30.764+0000] {subprocess.py:93} INFO - [0m14:18:30  42 of 59 OK created sql view model analytics.stg_old_store_shipments ........... [[32mOK[0m in 5.24s]
[2025-03-10T14:18:30.866+0000] {subprocess.py:93} INFO - [0m14:18:30  43 of 59 OK created sql view model analytics.int_customer_id_mapping ........... [[32mOK[0m in 5.01s]
[2025-03-10T14:18:30.870+0000] {subprocess.py:93} INFO - [0m14:18:30  48 of 59 START sql table model analytics.fct_shipments ......................... [RUN]
[2025-03-10T14:18:30.885+0000] {subprocess.py:93} INFO - [0m14:18:30  49 of 59 START snapshot snapshots.shipment_snapshot ............................ [RUN]
[2025-03-10T14:18:30.990+0000] {subprocess.py:93} INFO - [0m14:18:30  50 of 59 START sql table model analytics.fct_order_customers ................... [RUN]
[2025-03-10T14:18:32.910+0000] {subprocess.py:93} INFO - [0m14:18:32  46 of 59 OK created sql view model analytics.int_product_id_mapping ............ [[32mOK[0m in 4.74s]
[2025-03-10T14:18:33.484+0000] {subprocess.py:93} INFO - [0m14:18:33  52 of 59 START sql table model analytics.fct_products .......................... [RUN]
[2025-03-10T14:18:33.861+0000] {subprocess.py:93} INFO - [0m14:18:33  51 of 59 START sql table model analytics.fct_order_items ....................... [RUN]
[2025-03-10T14:18:36.442+0000] {subprocess.py:93} INFO - [0m14:18:36  47 of 59 OK created sql table model analytics.fct_payments ..................... [[32mOK[0m in 7.13s]
[2025-03-10T14:18:36.970+0000] {subprocess.py:93} INFO - [0m14:18:36  48 of 59 OK created sql table model analytics.fct_shipments .................... [[32mOK[0m in 5.69s]
[2025-03-10T14:18:37.541+0000] {subprocess.py:93} INFO - [0m14:18:37  53 of 59 START sql view model analytics.int_reviews_customers_products ......... [RUN]
[2025-03-10T14:18:38.180+0000] {subprocess.py:93} INFO - [0m14:18:38  50 of 59 OK created sql table model analytics.fct_order_customers .............. [[32mOK[0m in 6.94s]
[2025-03-10T14:18:44.352+0000] {subprocess.py:93} INFO - [0m14:18:44  51 of 59 OK created sql table model analytics.fct_order_items .................. [[32mOK[0m in 9.81s]
[2025-03-10T14:18:44.851+0000] {subprocess.py:93} INFO - [0m14:18:44  53 of 59 OK created sql view model analytics.int_reviews_customers_products .... [[32mOK[0m in 7.09s]
[2025-03-10T14:18:44.861+0000] {subprocess.py:93} INFO - [0m14:18:44  54 of 59 START sql table model analytics.fct_reviews ........................... [RUN]
[2025-03-10T14:18:47.929+0000] {subprocess.py:93} INFO - [0m14:18:47  44 of 59 OK snapshotted snapshots.orders_snapshot .............................. [[32mOK[0m in 21.54s]
[2025-03-10T14:18:48.050+0000] {subprocess.py:93} INFO - [0m14:18:48  52 of 59 OK created sql table model analytics.fct_products ..................... [[32mOK[0m in 14.22s]
[2025-03-10T14:18:48.141+0000] {subprocess.py:93} INFO - [0m14:18:48  54 of 59 OK created sql table model analytics.fct_reviews ...................... [[32mOK[0m in 3.25s]
[2025-03-10T14:18:50.089+0000] {subprocess.py:93} INFO - [0m14:18:50  49 of 59 OK snapshotted snapshots.shipment_snapshot ............................ [[32mOK[0m in 18.37s]
[2025-03-10T14:27:59.250+0000] {subprocess.py:93} INFO - [0m14:27:59  2 of 59 OK loaded seed file analytics.cities ................................... [[32mINSERT 151024[0m in 597.56s]
[2025-03-10T14:27:59.258+0000] {subprocess.py:93} INFO - [0m14:27:59  55 of 59 START sql view model analytics.stg_cities_filtered .................... [RUN]
[2025-03-10T14:28:00.165+0000] {subprocess.py:93} INFO - [0m14:28:00  55 of 59 OK created sql view model analytics.stg_cities_filtered ............... [[32mOK[0m in 0.90s]
[2025-03-10T14:28:00.229+0000] {subprocess.py:93} INFO - [0m14:28:00  56 of 59 START test not_null_stg_cities_filtered_state_code .................... [RUN]
[2025-03-10T14:28:01.630+0000] {subprocess.py:93} INFO - [0m14:28:01  56 of 59 PASS not_null_stg_cities_filtered_state_code .......................... [[32mPASS[0m in 1.40s]
[2025-03-10T14:28:01.742+0000] {subprocess.py:93} INFO - [0m14:28:01  57 of 59 START sql view model analytics.int_customers_cities ................... [RUN]
[2025-03-10T14:28:02.424+0000] {subprocess.py:93} INFO - [0m14:28:02  57 of 59 OK created sql view model analytics.int_customers_cities .............. [[32mOK[0m in 0.67s]
[2025-03-10T14:28:02.432+0000] {subprocess.py:93} INFO - [0m14:28:02  58 of 59 START sql table model analytics.dim_customers ......................... [RUN]
[2025-03-10T14:28:11.936+0000] {subprocess.py:93} INFO - [0m14:28:11  58 of 59 OK created sql table model analytics.dim_customers .................... [[32mOK[0m in 9.50s]
[2025-03-10T14:28:11.951+0000] {subprocess.py:93} INFO - [0m14:28:11  59 of 59 START snapshot snapshots.customers_snapshot ........................... [RUN]
[2025-03-10T14:28:13.855+0000] {subprocess.py:93} INFO - [0m14:28:13  59 of 59 OK snapshotted snapshots.customers_snapshot ........................... [[32mOK[0m in 1.88s]
[2025-03-10T14:28:14.024+0000] {subprocess.py:93} INFO - [0m14:28:14
[2025-03-10T14:28:14.025+0000] {subprocess.py:93} INFO - [0m14:28:14  Finished running 31 data tests, 16 view models, 1 incremental model, 7 table models, 3 snapshots, 1 seed in 0 hours 10 minutes and 13.57 seconds (613.57s).
[2025-03-10T14:28:14.818+0000] {subprocess.py:93} INFO - [0m14:28:14
[2025-03-10T14:28:14.820+0000] {subprocess.py:93} INFO - [0m14:28:14  [32mCompleted successfully[0m
[2025-03-10T14:28:14.822+0000] {subprocess.py:93} INFO - [0m14:28:14
[2025-03-10T14:28:14.827+0000] {subprocess.py:93} INFO - [0m14:28:14  Done. PASS=59 WARN=0 ERROR=0 SKIP=0 TOTAL=59
[2025-03-10T14:28:16.654+0000] {subprocess.py:97} INFO - Command exited with return code 0
[2025-03-10T14:28:16.661+0000] {taskinstance.py:441} INFO - ::group::Post task execution logs
[2025-03-10T14:28:16.930+0000] {taskinstance.py:1205} INFO - Marking task as SUCCESS. dag_id=dbt_build, task_id=dbt_build, execution_date=20250309T020000, start_date=20250310T141734, end_date=20250310T142816
[2025-03-10T14:28:17.301+0000] {local_task_job_runner.py:240} INFO - Task exited with return code 0
[2025-03-10T14:28:17.698+0000] {taskinstance.py:3482} INFO - 1 downstream tasks scheduled from follow-on schedule check
[2025-03-10T14:28:17.774+0000] {local_task_job_runner.py:222} INFO - ::endgroup::
