[2025-03-08T20:39:59.087+0000] {processor.py:161} INFO - Started process (PID=60) to work on /opt/airflow/dags/dbt_build.py
[2025-03-08T20:39:59.089+0000] {processor.py:830} INFO - Processing file /opt/airflow/dags/dbt_build.py for tasks to queue
[2025-03-08T20:39:59.101+0000] {logging_mixin.py:188} INFO - [2025-03-08T20:39:59.100+0000] {dagbag.py:540} INFO - Filling up the DagBag from /opt/airflow/dags/dbt_build.py
[2025-03-08T20:39:59.208+0000] {processor.py:840} INFO - DAG(s) 'dbt_build' retrieved from /opt/airflow/dags/dbt_build.py
[2025-03-08T20:39:59.946+0000] {logging_mixin.py:188} INFO - [2025-03-08T20:39:59.944+0000] {override.py:1829} INFO - Created Permission View: can edit on DAG:dbt_build
[2025-03-08T20:40:00.102+0000] {logging_mixin.py:188} INFO - [2025-03-08T20:40:00.101+0000] {override.py:1829} INFO - Created Permission View: can read on DAG:dbt_build
[2025-03-08T20:40:00.210+0000] {logging_mixin.py:188} INFO - [2025-03-08T20:40:00.195+0000] {override.py:1829} INFO - Created Permission View: can delete on DAG:dbt_build
[2025-03-08T20:40:00.236+0000] {logging_mixin.py:188} INFO - [2025-03-08T20:40:00.235+0000] {dag.py:3096} INFO - Sync 1 DAGs
[2025-03-08T20:40:00.259+0000] {logging_mixin.py:188} INFO - [2025-03-08T20:40:00.259+0000] {dag.py:3118} INFO - Creating ORM DAG for dbt_build
[2025-03-08T20:40:00.291+0000] {logging_mixin.py:188} INFO - [2025-03-08T20:40:00.290+0000] {dag.py:3954} INFO - Setting next_dagrun for dbt_build to 2025-03-07 02:00:00+00:00, run_after=2025-03-08 02:00:00+00:00
[2025-03-08T20:40:00.409+0000] {processor.py:183} INFO - Processing /opt/airflow/dags/dbt_build.py took 1.331 seconds
[2025-03-08T20:40:30.629+0000] {processor.py:161} INFO - Started process (PID=67) to work on /opt/airflow/dags/dbt_build.py
[2025-03-08T20:40:30.639+0000] {processor.py:830} INFO - Processing file /opt/airflow/dags/dbt_build.py for tasks to queue
[2025-03-08T20:40:30.642+0000] {logging_mixin.py:188} INFO - [2025-03-08T20:40:30.642+0000] {dagbag.py:540} INFO - Filling up the DagBag from /opt/airflow/dags/dbt_build.py
[2025-03-08T20:40:30.713+0000] {processor.py:840} INFO - DAG(s) 'dbt_build' retrieved from /opt/airflow/dags/dbt_build.py
[2025-03-08T20:40:30.784+0000] {logging_mixin.py:188} INFO - [2025-03-08T20:40:30.784+0000] {dag.py:3096} INFO - Sync 1 DAGs
[2025-03-08T20:40:30.879+0000] {logging_mixin.py:188} INFO - [2025-03-08T20:40:30.878+0000] {dag.py:3954} INFO - Setting next_dagrun for dbt_build to 2025-03-07 02:00:00+00:00, run_after=2025-03-08 02:00:00+00:00
[2025-03-08T20:40:30.994+0000] {processor.py:183} INFO - Processing /opt/airflow/dags/dbt_build.py took 0.374 seconds
[2025-03-08T20:41:01.132+0000] {processor.py:161} INFO - Started process (PID=74) to work on /opt/airflow/dags/dbt_build.py
[2025-03-08T20:41:01.141+0000] {processor.py:830} INFO - Processing file /opt/airflow/dags/dbt_build.py for tasks to queue
[2025-03-08T20:41:01.204+0000] {logging_mixin.py:188} INFO - [2025-03-08T20:41:01.192+0000] {dagbag.py:540} INFO - Filling up the DagBag from /opt/airflow/dags/dbt_build.py
[2025-03-08T20:41:01.354+0000] {processor.py:840} INFO - DAG(s) 'dbt_build' retrieved from /opt/airflow/dags/dbt_build.py
[2025-03-08T20:41:01.527+0000] {logging_mixin.py:188} INFO - [2025-03-08T20:41:01.527+0000] {dag.py:3096} INFO - Sync 1 DAGs
[2025-03-08T20:41:01.644+0000] {logging_mixin.py:188} INFO - [2025-03-08T20:41:01.644+0000] {dag.py:3954} INFO - Setting next_dagrun for dbt_build to 2025-03-07 02:00:00+00:00, run_after=2025-03-08 02:00:00+00:00
[2025-03-08T20:41:01.863+0000] {processor.py:183} INFO - Processing /opt/airflow/dags/dbt_build.py took 0.738 seconds
[2025-03-08T20:41:31.935+0000] {processor.py:161} INFO - Started process (PID=81) to work on /opt/airflow/dags/dbt_build.py
[2025-03-08T20:41:31.938+0000] {processor.py:830} INFO - Processing file /opt/airflow/dags/dbt_build.py for tasks to queue
[2025-03-08T20:41:31.942+0000] {logging_mixin.py:188} INFO - [2025-03-08T20:41:31.941+0000] {dagbag.py:540} INFO - Filling up the DagBag from /opt/airflow/dags/dbt_build.py
[2025-03-08T20:41:31.968+0000] {processor.py:840} INFO - DAG(s) 'dbt_build' retrieved from /opt/airflow/dags/dbt_build.py
[2025-03-08T20:41:32.042+0000] {logging_mixin.py:188} INFO - [2025-03-08T20:41:32.042+0000] {dag.py:3096} INFO - Sync 1 DAGs
[2025-03-08T20:41:32.106+0000] {logging_mixin.py:188} INFO - [2025-03-08T20:41:32.106+0000] {dag.py:3954} INFO - Setting next_dagrun for dbt_build to 2025-03-07 02:00:00+00:00, run_after=2025-03-08 02:00:00+00:00
[2025-03-08T20:41:32.200+0000] {processor.py:183} INFO - Processing /opt/airflow/dags/dbt_build.py took 0.279 seconds
[2025-03-08T20:42:02.578+0000] {processor.py:161} INFO - Started process (PID=88) to work on /opt/airflow/dags/dbt_build.py
[2025-03-08T20:42:02.580+0000] {processor.py:830} INFO - Processing file /opt/airflow/dags/dbt_build.py for tasks to queue
[2025-03-08T20:42:02.593+0000] {logging_mixin.py:188} INFO - [2025-03-08T20:42:02.583+0000] {dagbag.py:540} INFO - Filling up the DagBag from /opt/airflow/dags/dbt_build.py
[2025-03-08T20:42:02.634+0000] {processor.py:840} INFO - DAG(s) 'dbt_build' retrieved from /opt/airflow/dags/dbt_build.py
[2025-03-08T20:42:02.751+0000] {logging_mixin.py:188} INFO - [2025-03-08T20:42:02.751+0000] {dag.py:3096} INFO - Sync 1 DAGs
[2025-03-08T20:42:02.851+0000] {logging_mixin.py:188} INFO - [2025-03-08T20:42:02.850+0000] {dag.py:3954} INFO - Setting next_dagrun for dbt_build to 2025-03-07 02:00:00+00:00, run_after=2025-03-08 02:00:00+00:00
[2025-03-08T20:42:02.947+0000] {processor.py:183} INFO - Processing /opt/airflow/dags/dbt_build.py took 0.389 seconds
[2025-03-08T20:42:33.541+0000] {processor.py:161} INFO - Started process (PID=95) to work on /opt/airflow/dags/dbt_build.py
[2025-03-08T20:42:33.542+0000] {processor.py:830} INFO - Processing file /opt/airflow/dags/dbt_build.py for tasks to queue
[2025-03-08T20:42:33.544+0000] {logging_mixin.py:188} INFO - [2025-03-08T20:42:33.544+0000] {dagbag.py:540} INFO - Filling up the DagBag from /opt/airflow/dags/dbt_build.py
[2025-03-08T20:42:33.593+0000] {processor.py:840} INFO - DAG(s) 'dbt_build' retrieved from /opt/airflow/dags/dbt_build.py
[2025-03-08T20:42:33.673+0000] {logging_mixin.py:188} INFO - [2025-03-08T20:42:33.673+0000] {dag.py:3096} INFO - Sync 1 DAGs
[2025-03-08T20:42:33.753+0000] {logging_mixin.py:188} INFO - [2025-03-08T20:42:33.753+0000] {dag.py:3954} INFO - Setting next_dagrun for dbt_build to 2025-03-07 02:00:00+00:00, run_after=2025-03-08 02:00:00+00:00
[2025-03-08T20:42:33.979+0000] {processor.py:183} INFO - Processing /opt/airflow/dags/dbt_build.py took 0.452 seconds
[2025-03-08T20:43:04.375+0000] {processor.py:161} INFO - Started process (PID=102) to work on /opt/airflow/dags/dbt_build.py
[2025-03-08T20:43:04.377+0000] {processor.py:830} INFO - Processing file /opt/airflow/dags/dbt_build.py for tasks to queue
[2025-03-08T20:43:04.380+0000] {logging_mixin.py:188} INFO - [2025-03-08T20:43:04.379+0000] {dagbag.py:540} INFO - Filling up the DagBag from /opt/airflow/dags/dbt_build.py
[2025-03-08T20:43:04.455+0000] {processor.py:840} INFO - DAG(s) 'dbt_build' retrieved from /opt/airflow/dags/dbt_build.py
[2025-03-08T20:43:04.549+0000] {logging_mixin.py:188} INFO - [2025-03-08T20:43:04.548+0000] {dag.py:3096} INFO - Sync 1 DAGs
[2025-03-08T20:43:04.696+0000] {logging_mixin.py:188} INFO - [2025-03-08T20:43:04.695+0000] {dag.py:3954} INFO - Setting next_dagrun for dbt_build to 2025-03-07 02:00:00+00:00, run_after=2025-03-08 02:00:00+00:00
[2025-03-08T20:43:05.134+0000] {processor.py:183} INFO - Processing /opt/airflow/dags/dbt_build.py took 0.773 seconds
[2025-03-08T20:43:35.600+0000] {processor.py:161} INFO - Started process (PID=109) to work on /opt/airflow/dags/dbt_build.py
[2025-03-08T20:43:35.602+0000] {processor.py:830} INFO - Processing file /opt/airflow/dags/dbt_build.py for tasks to queue
[2025-03-08T20:43:35.604+0000] {logging_mixin.py:188} INFO - [2025-03-08T20:43:35.604+0000] {dagbag.py:540} INFO - Filling up the DagBag from /opt/airflow/dags/dbt_build.py
[2025-03-08T20:43:35.689+0000] {processor.py:840} INFO - DAG(s) 'dbt_build' retrieved from /opt/airflow/dags/dbt_build.py
[2025-03-08T20:43:35.763+0000] {logging_mixin.py:188} INFO - [2025-03-08T20:43:35.762+0000] {dag.py:3096} INFO - Sync 1 DAGs
[2025-03-08T20:43:35.877+0000] {logging_mixin.py:188} INFO - [2025-03-08T20:43:35.877+0000] {dag.py:3954} INFO - Setting next_dagrun for dbt_build to 2025-03-07 02:00:00+00:00, run_after=2025-03-08 02:00:00+00:00
[2025-03-08T20:43:36.136+0000] {processor.py:183} INFO - Processing /opt/airflow/dags/dbt_build.py took 0.549 seconds
[2025-03-08T20:44:06.730+0000] {processor.py:161} INFO - Started process (PID=115) to work on /opt/airflow/dags/dbt_build.py
[2025-03-08T20:44:06.731+0000] {processor.py:830} INFO - Processing file /opt/airflow/dags/dbt_build.py for tasks to queue
[2025-03-08T20:44:06.735+0000] {logging_mixin.py:188} INFO - [2025-03-08T20:44:06.735+0000] {dagbag.py:540} INFO - Filling up the DagBag from /opt/airflow/dags/dbt_build.py
[2025-03-08T20:44:06.764+0000] {processor.py:840} INFO - DAG(s) 'dbt_build' retrieved from /opt/airflow/dags/dbt_build.py
[2025-03-08T20:44:06.821+0000] {logging_mixin.py:188} INFO - [2025-03-08T20:44:06.821+0000] {dag.py:3096} INFO - Sync 1 DAGs
[2025-03-08T20:44:06.855+0000] {logging_mixin.py:188} INFO - [2025-03-08T20:44:06.855+0000] {dag.py:3954} INFO - Setting next_dagrun for dbt_build to 2025-03-07 02:00:00+00:00, run_after=2025-03-08 02:00:00+00:00
[2025-03-08T20:44:07.136+0000] {processor.py:183} INFO - Processing /opt/airflow/dags/dbt_build.py took 0.415 seconds
[2025-03-08T20:44:37.663+0000] {processor.py:161} INFO - Started process (PID=122) to work on /opt/airflow/dags/dbt_build.py
[2025-03-08T20:44:37.664+0000] {processor.py:830} INFO - Processing file /opt/airflow/dags/dbt_build.py for tasks to queue
[2025-03-08T20:44:37.666+0000] {logging_mixin.py:188} INFO - [2025-03-08T20:44:37.666+0000] {dagbag.py:540} INFO - Filling up the DagBag from /opt/airflow/dags/dbt_build.py
[2025-03-08T20:44:37.706+0000] {processor.py:840} INFO - DAG(s) 'dbt_build' retrieved from /opt/airflow/dags/dbt_build.py
[2025-03-08T20:44:37.768+0000] {logging_mixin.py:188} INFO - [2025-03-08T20:44:37.768+0000] {dag.py:3096} INFO - Sync 1 DAGs
[2025-03-08T20:44:37.798+0000] {logging_mixin.py:188} INFO - [2025-03-08T20:44:37.798+0000] {dag.py:3954} INFO - Setting next_dagrun for dbt_build to 2025-03-07 02:00:00+00:00, run_after=2025-03-08 02:00:00+00:00
[2025-03-08T20:44:37.998+0000] {processor.py:183} INFO - Processing /opt/airflow/dags/dbt_build.py took 0.340 seconds
[2025-03-08T20:45:08.499+0000] {processor.py:161} INFO - Started process (PID=129) to work on /opt/airflow/dags/dbt_build.py
[2025-03-08T20:45:08.504+0000] {processor.py:830} INFO - Processing file /opt/airflow/dags/dbt_build.py for tasks to queue
[2025-03-08T20:45:08.506+0000] {logging_mixin.py:188} INFO - [2025-03-08T20:45:08.506+0000] {dagbag.py:540} INFO - Filling up the DagBag from /opt/airflow/dags/dbt_build.py
[2025-03-08T20:45:08.579+0000] {processor.py:840} INFO - DAG(s) 'dbt_build' retrieved from /opt/airflow/dags/dbt_build.py
[2025-03-08T20:45:08.647+0000] {logging_mixin.py:188} INFO - [2025-03-08T20:45:08.646+0000] {dag.py:3096} INFO - Sync 1 DAGs
[2025-03-08T20:45:08.747+0000] {logging_mixin.py:188} INFO - [2025-03-08T20:45:08.747+0000] {dag.py:3954} INFO - Setting next_dagrun for dbt_build to 2025-03-07 02:00:00+00:00, run_after=2025-03-08 02:00:00+00:00
[2025-03-08T20:45:08.934+0000] {processor.py:183} INFO - Processing /opt/airflow/dags/dbt_build.py took 0.485 seconds
[2025-03-08T20:45:39.791+0000] {processor.py:161} INFO - Started process (PID=136) to work on /opt/airflow/dags/dbt_build.py
[2025-03-08T20:45:39.806+0000] {processor.py:830} INFO - Processing file /opt/airflow/dags/dbt_build.py for tasks to queue
[2025-03-08T20:45:39.831+0000] {logging_mixin.py:188} INFO - [2025-03-08T20:45:39.830+0000] {dagbag.py:540} INFO - Filling up the DagBag from /opt/airflow/dags/dbt_build.py
[2025-03-08T20:45:40.064+0000] {processor.py:840} INFO - DAG(s) 'dbt_build' retrieved from /opt/airflow/dags/dbt_build.py
[2025-03-08T20:45:40.170+0000] {logging_mixin.py:188} INFO - [2025-03-08T20:45:40.170+0000] {dag.py:3096} INFO - Sync 1 DAGs
[2025-03-08T20:45:40.262+0000] {logging_mixin.py:188} INFO - [2025-03-08T20:45:40.261+0000] {dag.py:3954} INFO - Setting next_dagrun for dbt_build to 2025-03-07 02:00:00+00:00, run_after=2025-03-08 02:00:00+00:00
[2025-03-08T20:45:40.533+0000] {processor.py:183} INFO - Processing /opt/airflow/dags/dbt_build.py took 0.821 seconds
[2025-03-08T20:46:10.840+0000] {processor.py:161} INFO - Started process (PID=143) to work on /opt/airflow/dags/dbt_build.py
[2025-03-08T20:46:10.842+0000] {processor.py:830} INFO - Processing file /opt/airflow/dags/dbt_build.py for tasks to queue
[2025-03-08T20:46:10.844+0000] {logging_mixin.py:188} INFO - [2025-03-08T20:46:10.844+0000] {dagbag.py:540} INFO - Filling up the DagBag from /opt/airflow/dags/dbt_build.py
[2025-03-08T20:46:10.897+0000] {processor.py:840} INFO - DAG(s) 'dbt_build' retrieved from /opt/airflow/dags/dbt_build.py
[2025-03-08T20:46:11.036+0000] {logging_mixin.py:188} INFO - [2025-03-08T20:46:11.036+0000] {dag.py:3096} INFO - Sync 1 DAGs
[2025-03-08T20:46:11.096+0000] {logging_mixin.py:188} INFO - [2025-03-08T20:46:11.096+0000] {dag.py:3954} INFO - Setting next_dagrun for dbt_build to 2025-03-08 02:00:00+00:00, run_after=2025-03-09 02:00:00+00:00
[2025-03-08T20:46:11.273+0000] {processor.py:183} INFO - Processing /opt/airflow/dags/dbt_build.py took 0.444 seconds
[2025-03-08T20:46:41.610+0000] {processor.py:161} INFO - Started process (PID=150) to work on /opt/airflow/dags/dbt_build.py
[2025-03-08T20:46:41.640+0000] {processor.py:830} INFO - Processing file /opt/airflow/dags/dbt_build.py for tasks to queue
[2025-03-08T20:46:41.684+0000] {logging_mixin.py:188} INFO - [2025-03-08T20:46:41.684+0000] {dagbag.py:540} INFO - Filling up the DagBag from /opt/airflow/dags/dbt_build.py
[2025-03-08T20:46:41.998+0000] {processor.py:840} INFO - DAG(s) 'dbt_build' retrieved from /opt/airflow/dags/dbt_build.py
[2025-03-08T20:46:42.563+0000] {logging_mixin.py:188} INFO - [2025-03-08T20:46:42.553+0000] {dag.py:3096} INFO - Sync 1 DAGs
[2025-03-08T20:46:42.808+0000] {logging_mixin.py:188} INFO - [2025-03-08T20:46:42.808+0000] {dag.py:3954} INFO - Setting next_dagrun for dbt_build to 2025-03-08 02:00:00+00:00, run_after=2025-03-09 02:00:00+00:00
[2025-03-08T20:46:43.661+0000] {processor.py:183} INFO - Processing /opt/airflow/dags/dbt_build.py took 2.079 seconds
[2025-03-08T20:47:14.233+0000] {processor.py:161} INFO - Started process (PID=162) to work on /opt/airflow/dags/dbt_build.py
[2025-03-08T20:47:14.235+0000] {processor.py:830} INFO - Processing file /opt/airflow/dags/dbt_build.py for tasks to queue
[2025-03-08T20:47:14.254+0000] {logging_mixin.py:188} INFO - [2025-03-08T20:47:14.253+0000] {dagbag.py:540} INFO - Filling up the DagBag from /opt/airflow/dags/dbt_build.py
[2025-03-08T20:47:14.382+0000] {processor.py:840} INFO - DAG(s) 'dbt_build' retrieved from /opt/airflow/dags/dbt_build.py
[2025-03-08T20:47:14.450+0000] {logging_mixin.py:188} INFO - [2025-03-08T20:47:14.450+0000] {dag.py:3096} INFO - Sync 1 DAGs
[2025-03-08T20:47:14.507+0000] {logging_mixin.py:188} INFO - [2025-03-08T20:47:14.506+0000] {dag.py:3954} INFO - Setting next_dagrun for dbt_build to 2025-03-08 02:00:00+00:00, run_after=2025-03-09 02:00:00+00:00
[2025-03-08T20:47:14.638+0000] {processor.py:183} INFO - Processing /opt/airflow/dags/dbt_build.py took 0.415 seconds
[2025-03-08T20:47:44.999+0000] {processor.py:161} INFO - Started process (PID=169) to work on /opt/airflow/dags/dbt_build.py
[2025-03-08T20:47:45.001+0000] {processor.py:830} INFO - Processing file /opt/airflow/dags/dbt_build.py for tasks to queue
[2025-03-08T20:47:45.004+0000] {logging_mixin.py:188} INFO - [2025-03-08T20:47:45.003+0000] {dagbag.py:540} INFO - Filling up the DagBag from /opt/airflow/dags/dbt_build.py
[2025-03-08T20:47:45.091+0000] {processor.py:840} INFO - DAG(s) 'dbt_build' retrieved from /opt/airflow/dags/dbt_build.py
[2025-03-08T20:47:45.143+0000] {logging_mixin.py:188} INFO - [2025-03-08T20:47:45.142+0000] {dag.py:3096} INFO - Sync 1 DAGs
[2025-03-08T20:47:45.186+0000] {logging_mixin.py:188} INFO - [2025-03-08T20:47:45.186+0000] {dag.py:3954} INFO - Setting next_dagrun for dbt_build to 2025-03-08 02:00:00+00:00, run_after=2025-03-09 02:00:00+00:00
[2025-03-08T20:47:45.353+0000] {processor.py:183} INFO - Processing /opt/airflow/dags/dbt_build.py took 0.362 seconds
[2025-03-08T20:48:15.916+0000] {processor.py:161} INFO - Started process (PID=175) to work on /opt/airflow/dags/dbt_build.py
[2025-03-08T20:48:15.917+0000] {processor.py:830} INFO - Processing file /opt/airflow/dags/dbt_build.py for tasks to queue
[2025-03-08T20:48:15.939+0000] {logging_mixin.py:188} INFO - [2025-03-08T20:48:15.938+0000] {dagbag.py:540} INFO - Filling up the DagBag from /opt/airflow/dags/dbt_build.py
[2025-03-08T20:48:16.338+0000] {processor.py:840} INFO - DAG(s) 'dbt_build' retrieved from /opt/airflow/dags/dbt_build.py
[2025-03-08T20:48:16.528+0000] {logging_mixin.py:188} INFO - [2025-03-08T20:48:16.527+0000] {dag.py:3096} INFO - Sync 1 DAGs
[2025-03-08T20:48:16.629+0000] {logging_mixin.py:188} INFO - [2025-03-08T20:48:16.628+0000] {dag.py:3954} INFO - Setting next_dagrun for dbt_build to 2025-03-08 02:00:00+00:00, run_after=2025-03-09 02:00:00+00:00
[2025-03-08T20:48:16.740+0000] {processor.py:183} INFO - Processing /opt/airflow/dags/dbt_build.py took 0.857 seconds
[2025-03-08T20:48:47.334+0000] {processor.py:161} INFO - Started process (PID=182) to work on /opt/airflow/dags/dbt_build.py
[2025-03-08T20:48:47.336+0000] {processor.py:830} INFO - Processing file /opt/airflow/dags/dbt_build.py for tasks to queue
[2025-03-08T20:48:47.340+0000] {logging_mixin.py:188} INFO - [2025-03-08T20:48:47.340+0000] {dagbag.py:540} INFO - Filling up the DagBag from /opt/airflow/dags/dbt_build.py
[2025-03-08T20:48:47.437+0000] {processor.py:840} INFO - DAG(s) 'dbt_build' retrieved from /opt/airflow/dags/dbt_build.py
[2025-03-08T20:48:47.568+0000] {logging_mixin.py:188} INFO - [2025-03-08T20:48:47.567+0000] {dag.py:3096} INFO - Sync 1 DAGs
[2025-03-08T20:48:47.715+0000] {logging_mixin.py:188} INFO - [2025-03-08T20:48:47.715+0000] {dag.py:3954} INFO - Setting next_dagrun for dbt_build to 2025-03-08 02:00:00+00:00, run_after=2025-03-09 02:00:00+00:00
[2025-03-08T20:48:47.878+0000] {processor.py:183} INFO - Processing /opt/airflow/dags/dbt_build.py took 0.565 seconds
[2025-03-08T20:49:18.528+0000] {processor.py:161} INFO - Started process (PID=189) to work on /opt/airflow/dags/dbt_build.py
[2025-03-08T20:49:18.529+0000] {processor.py:830} INFO - Processing file /opt/airflow/dags/dbt_build.py for tasks to queue
[2025-03-08T20:49:18.533+0000] {logging_mixin.py:188} INFO - [2025-03-08T20:49:18.532+0000] {dagbag.py:540} INFO - Filling up the DagBag from /opt/airflow/dags/dbt_build.py
[2025-03-08T20:49:18.584+0000] {processor.py:840} INFO - DAG(s) 'dbt_build' retrieved from /opt/airflow/dags/dbt_build.py
[2025-03-08T20:49:18.623+0000] {logging_mixin.py:188} INFO - [2025-03-08T20:49:18.623+0000] {dag.py:3096} INFO - Sync 1 DAGs
[2025-03-08T20:49:18.693+0000] {logging_mixin.py:188} INFO - [2025-03-08T20:49:18.693+0000] {dag.py:3954} INFO - Setting next_dagrun for dbt_build to 2025-03-08 02:00:00+00:00, run_after=2025-03-09 02:00:00+00:00
[2025-03-08T20:49:18.745+0000] {processor.py:183} INFO - Processing /opt/airflow/dags/dbt_build.py took 0.225 seconds
[2025-03-08T20:49:49.701+0000] {processor.py:161} INFO - Started process (PID=195) to work on /opt/airflow/dags/dbt_build.py
[2025-03-08T20:49:49.716+0000] {processor.py:830} INFO - Processing file /opt/airflow/dags/dbt_build.py for tasks to queue
[2025-03-08T20:49:49.721+0000] {logging_mixin.py:188} INFO - [2025-03-08T20:49:49.720+0000] {dagbag.py:540} INFO - Filling up the DagBag from /opt/airflow/dags/dbt_build.py
[2025-03-08T20:49:49.795+0000] {processor.py:840} INFO - DAG(s) 'dbt_build' retrieved from /opt/airflow/dags/dbt_build.py
[2025-03-08T20:49:49.934+0000] {logging_mixin.py:188} INFO - [2025-03-08T20:49:49.918+0000] {dag.py:3096} INFO - Sync 1 DAGs
[2025-03-08T20:49:50.048+0000] {logging_mixin.py:188} INFO - [2025-03-08T20:49:50.048+0000] {dag.py:3954} INFO - Setting next_dagrun for dbt_build to 2025-03-08 02:00:00+00:00, run_after=2025-03-09 02:00:00+00:00
[2025-03-08T20:49:50.225+0000] {processor.py:183} INFO - Processing /opt/airflow/dags/dbt_build.py took 0.562 seconds
[2025-03-08T20:50:20.576+0000] {processor.py:161} INFO - Started process (PID=202) to work on /opt/airflow/dags/dbt_build.py
[2025-03-08T20:50:20.585+0000] {processor.py:830} INFO - Processing file /opt/airflow/dags/dbt_build.py for tasks to queue
[2025-03-08T20:50:20.591+0000] {logging_mixin.py:188} INFO - [2025-03-08T20:50:20.591+0000] {dagbag.py:540} INFO - Filling up the DagBag from /opt/airflow/dags/dbt_build.py
[2025-03-08T20:50:20.638+0000] {processor.py:840} INFO - DAG(s) 'dbt_build' retrieved from /opt/airflow/dags/dbt_build.py
[2025-03-08T20:50:20.694+0000] {logging_mixin.py:188} INFO - [2025-03-08T20:50:20.694+0000] {dag.py:3096} INFO - Sync 1 DAGs
[2025-03-08T20:50:20.779+0000] {logging_mixin.py:188} INFO - [2025-03-08T20:50:20.779+0000] {dag.py:3954} INFO - Setting next_dagrun for dbt_build to 2025-03-08 02:00:00+00:00, run_after=2025-03-09 02:00:00+00:00
[2025-03-08T20:50:20.865+0000] {processor.py:183} INFO - Processing /opt/airflow/dags/dbt_build.py took 0.302 seconds
[2025-03-08T20:50:51.224+0000] {processor.py:161} INFO - Started process (PID=209) to work on /opt/airflow/dags/dbt_build.py
[2025-03-08T20:50:51.226+0000] {processor.py:830} INFO - Processing file /opt/airflow/dags/dbt_build.py for tasks to queue
[2025-03-08T20:50:51.239+0000] {logging_mixin.py:188} INFO - [2025-03-08T20:50:51.239+0000] {dagbag.py:540} INFO - Filling up the DagBag from /opt/airflow/dags/dbt_build.py
[2025-03-08T20:50:51.376+0000] {processor.py:840} INFO - DAG(s) 'dbt_build' retrieved from /opt/airflow/dags/dbt_build.py
[2025-03-08T20:50:51.495+0000] {logging_mixin.py:188} INFO - [2025-03-08T20:50:51.494+0000] {dag.py:3096} INFO - Sync 1 DAGs
[2025-03-08T20:50:51.569+0000] {logging_mixin.py:188} INFO - [2025-03-08T20:50:51.568+0000] {dag.py:3954} INFO - Setting next_dagrun for dbt_build to 2025-03-08 02:00:00+00:00, run_after=2025-03-09 02:00:00+00:00
[2025-03-08T20:50:52.047+0000] {processor.py:183} INFO - Processing /opt/airflow/dags/dbt_build.py took 0.842 seconds
[2025-03-08T20:51:22.894+0000] {processor.py:161} INFO - Started process (PID=215) to work on /opt/airflow/dags/dbt_build.py
[2025-03-08T20:51:22.927+0000] {processor.py:830} INFO - Processing file /opt/airflow/dags/dbt_build.py for tasks to queue
[2025-03-08T20:51:22.938+0000] {logging_mixin.py:188} INFO - [2025-03-08T20:51:22.937+0000] {dagbag.py:540} INFO - Filling up the DagBag from /opt/airflow/dags/dbt_build.py
[2025-03-08T20:51:23.102+0000] {processor.py:840} INFO - DAG(s) 'dbt_build' retrieved from /opt/airflow/dags/dbt_build.py
[2025-03-08T20:51:23.327+0000] {logging_mixin.py:188} INFO - [2025-03-08T20:51:23.327+0000] {dag.py:3096} INFO - Sync 1 DAGs
[2025-03-08T20:51:23.410+0000] {logging_mixin.py:188} INFO - [2025-03-08T20:51:23.409+0000] {dag.py:3954} INFO - Setting next_dagrun for dbt_build to 2025-03-08 02:00:00+00:00, run_after=2025-03-09 02:00:00+00:00
[2025-03-08T20:51:23.553+0000] {processor.py:183} INFO - Processing /opt/airflow/dags/dbt_build.py took 0.683 seconds
[2025-03-08T20:51:54.055+0000] {processor.py:161} INFO - Started process (PID=223) to work on /opt/airflow/dags/dbt_build.py
[2025-03-08T20:51:54.057+0000] {processor.py:830} INFO - Processing file /opt/airflow/dags/dbt_build.py for tasks to queue
[2025-03-08T20:51:54.066+0000] {logging_mixin.py:188} INFO - [2025-03-08T20:51:54.065+0000] {dagbag.py:540} INFO - Filling up the DagBag from /opt/airflow/dags/dbt_build.py
[2025-03-08T20:51:54.164+0000] {processor.py:840} INFO - DAG(s) 'dbt_build' retrieved from /opt/airflow/dags/dbt_build.py
[2025-03-08T20:51:54.316+0000] {logging_mixin.py:188} INFO - [2025-03-08T20:51:54.315+0000] {dag.py:3096} INFO - Sync 1 DAGs
[2025-03-08T20:51:54.383+0000] {logging_mixin.py:188} INFO - [2025-03-08T20:51:54.382+0000] {dag.py:3954} INFO - Setting next_dagrun for dbt_build to 2025-03-08 02:00:00+00:00, run_after=2025-03-09 02:00:00+00:00
[2025-03-08T20:51:54.587+0000] {processor.py:183} INFO - Processing /opt/airflow/dags/dbt_build.py took 0.557 seconds
[2025-03-08T20:52:25.472+0000] {processor.py:161} INFO - Started process (PID=230) to work on /opt/airflow/dags/dbt_build.py
[2025-03-08T20:52:25.482+0000] {processor.py:830} INFO - Processing file /opt/airflow/dags/dbt_build.py for tasks to queue
[2025-03-08T20:52:25.487+0000] {logging_mixin.py:188} INFO - [2025-03-08T20:52:25.486+0000] {dagbag.py:540} INFO - Filling up the DagBag from /opt/airflow/dags/dbt_build.py
[2025-03-08T20:52:25.562+0000] {processor.py:840} INFO - DAG(s) 'dbt_build' retrieved from /opt/airflow/dags/dbt_build.py
[2025-03-08T20:52:25.626+0000] {logging_mixin.py:188} INFO - [2025-03-08T20:52:25.626+0000] {dag.py:3096} INFO - Sync 1 DAGs
[2025-03-08T20:52:25.683+0000] {logging_mixin.py:188} INFO - [2025-03-08T20:52:25.683+0000] {dag.py:3954} INFO - Setting next_dagrun for dbt_build to 2025-03-08 02:00:00+00:00, run_after=2025-03-09 02:00:00+00:00
[2025-03-08T20:52:25.917+0000] {processor.py:183} INFO - Processing /opt/airflow/dags/dbt_build.py took 0.454 seconds
[2025-03-08T20:52:56.413+0000] {processor.py:161} INFO - Started process (PID=236) to work on /opt/airflow/dags/dbt_build.py
[2025-03-08T20:52:56.415+0000] {processor.py:830} INFO - Processing file /opt/airflow/dags/dbt_build.py for tasks to queue
[2025-03-08T20:52:56.422+0000] {logging_mixin.py:188} INFO - [2025-03-08T20:52:56.419+0000] {dagbag.py:540} INFO - Filling up the DagBag from /opt/airflow/dags/dbt_build.py
[2025-03-08T20:52:56.526+0000] {processor.py:840} INFO - DAG(s) 'dbt_build' retrieved from /opt/airflow/dags/dbt_build.py
[2025-03-08T20:52:56.556+0000] {logging_mixin.py:188} INFO - [2025-03-08T20:52:56.556+0000] {dag.py:3096} INFO - Sync 1 DAGs
[2025-03-08T20:52:56.639+0000] {logging_mixin.py:188} INFO - [2025-03-08T20:52:56.639+0000] {dag.py:3954} INFO - Setting next_dagrun for dbt_build to 2025-03-08 02:00:00+00:00, run_after=2025-03-09 02:00:00+00:00
[2025-03-08T20:52:56.898+0000] {processor.py:183} INFO - Processing /opt/airflow/dags/dbt_build.py took 0.501 seconds
[2025-03-08T20:53:27.030+0000] {processor.py:161} INFO - Started process (PID=243) to work on /opt/airflow/dags/dbt_build.py
[2025-03-08T20:53:27.031+0000] {processor.py:830} INFO - Processing file /opt/airflow/dags/dbt_build.py for tasks to queue
[2025-03-08T20:53:27.035+0000] {logging_mixin.py:188} INFO - [2025-03-08T20:53:27.034+0000] {dagbag.py:540} INFO - Filling up the DagBag from /opt/airflow/dags/dbt_build.py
[2025-03-08T20:53:27.394+0000] {processor.py:840} INFO - DAG(s) 'dbt_build' retrieved from /opt/airflow/dags/dbt_build.py
[2025-03-08T20:53:27.489+0000] {logging_mixin.py:188} INFO - [2025-03-08T20:53:27.488+0000] {dag.py:3096} INFO - Sync 1 DAGs
[2025-03-08T20:53:27.572+0000] {logging_mixin.py:188} INFO - [2025-03-08T20:53:27.571+0000] {dag.py:3954} INFO - Setting next_dagrun for dbt_build to 2025-03-08 02:00:00+00:00, run_after=2025-03-09 02:00:00+00:00
[2025-03-08T20:53:27.769+0000] {processor.py:183} INFO - Processing /opt/airflow/dags/dbt_build.py took 0.749 seconds
[2025-03-08T20:53:58.639+0000] {processor.py:161} INFO - Started process (PID=250) to work on /opt/airflow/dags/dbt_build.py
[2025-03-08T20:53:58.640+0000] {processor.py:830} INFO - Processing file /opt/airflow/dags/dbt_build.py for tasks to queue
[2025-03-08T20:53:58.643+0000] {logging_mixin.py:188} INFO - [2025-03-08T20:53:58.643+0000] {dagbag.py:540} INFO - Filling up the DagBag from /opt/airflow/dags/dbt_build.py
[2025-03-08T20:53:58.729+0000] {processor.py:840} INFO - DAG(s) 'dbt_build' retrieved from /opt/airflow/dags/dbt_build.py
[2025-03-08T20:53:58.783+0000] {logging_mixin.py:188} INFO - [2025-03-08T20:53:58.782+0000] {dag.py:3096} INFO - Sync 1 DAGs
[2025-03-08T20:53:58.819+0000] {logging_mixin.py:188} INFO - [2025-03-08T20:53:58.819+0000] {dag.py:3954} INFO - Setting next_dagrun for dbt_build to 2025-03-08 02:00:00+00:00, run_after=2025-03-09 02:00:00+00:00
[2025-03-08T20:53:58.890+0000] {processor.py:183} INFO - Processing /opt/airflow/dags/dbt_build.py took 0.258 seconds
[2025-03-08T20:54:29.805+0000] {processor.py:161} INFO - Started process (PID=257) to work on /opt/airflow/dags/dbt_build.py
[2025-03-08T20:54:29.824+0000] {processor.py:830} INFO - Processing file /opt/airflow/dags/dbt_build.py for tasks to queue
[2025-03-08T20:54:29.856+0000] {logging_mixin.py:188} INFO - [2025-03-08T20:54:29.855+0000] {dagbag.py:540} INFO - Filling up the DagBag from /opt/airflow/dags/dbt_build.py
[2025-03-08T20:54:30.028+0000] {processor.py:840} INFO - DAG(s) 'dbt_build' retrieved from /opt/airflow/dags/dbt_build.py
[2025-03-08T20:54:30.132+0000] {logging_mixin.py:188} INFO - [2025-03-08T20:54:30.132+0000] {dag.py:3096} INFO - Sync 1 DAGs
[2025-03-08T20:54:30.207+0000] {logging_mixin.py:188} INFO - [2025-03-08T20:54:30.207+0000] {dag.py:3954} INFO - Setting next_dagrun for dbt_build to 2025-03-08 02:00:00+00:00, run_after=2025-03-09 02:00:00+00:00
[2025-03-08T20:54:30.345+0000] {processor.py:183} INFO - Processing /opt/airflow/dags/dbt_build.py took 0.550 seconds
[2025-03-08T20:55:01.364+0000] {processor.py:161} INFO - Started process (PID=264) to work on /opt/airflow/dags/dbt_build.py
[2025-03-08T20:55:01.368+0000] {processor.py:830} INFO - Processing file /opt/airflow/dags/dbt_build.py for tasks to queue
[2025-03-08T20:55:01.390+0000] {logging_mixin.py:188} INFO - [2025-03-08T20:55:01.389+0000] {dagbag.py:540} INFO - Filling up the DagBag from /opt/airflow/dags/dbt_build.py
[2025-03-08T20:55:01.442+0000] {processor.py:840} INFO - DAG(s) 'dbt_build' retrieved from /opt/airflow/dags/dbt_build.py
[2025-03-08T20:55:01.491+0000] {logging_mixin.py:188} INFO - [2025-03-08T20:55:01.491+0000] {dag.py:3096} INFO - Sync 1 DAGs
[2025-03-08T20:55:01.533+0000] {logging_mixin.py:188} INFO - [2025-03-08T20:55:01.532+0000] {dag.py:3954} INFO - Setting next_dagrun for dbt_build to 2025-03-08 02:00:00+00:00, run_after=2025-03-09 02:00:00+00:00
[2025-03-08T20:55:01.682+0000] {processor.py:183} INFO - Processing /opt/airflow/dags/dbt_build.py took 0.328 seconds
[2025-03-08T20:55:32.296+0000] {processor.py:161} INFO - Started process (PID=271) to work on /opt/airflow/dags/dbt_build.py
[2025-03-08T20:55:32.307+0000] {processor.py:830} INFO - Processing file /opt/airflow/dags/dbt_build.py for tasks to queue
[2025-03-08T20:55:32.326+0000] {logging_mixin.py:188} INFO - [2025-03-08T20:55:32.325+0000] {dagbag.py:540} INFO - Filling up the DagBag from /opt/airflow/dags/dbt_build.py
[2025-03-08T20:55:32.581+0000] {processor.py:840} INFO - DAG(s) 'dbt_build' retrieved from /opt/airflow/dags/dbt_build.py
[2025-03-08T20:55:32.671+0000] {logging_mixin.py:188} INFO - [2025-03-08T20:55:32.671+0000] {dag.py:3096} INFO - Sync 1 DAGs
[2025-03-08T20:55:32.795+0000] {logging_mixin.py:188} INFO - [2025-03-08T20:55:32.795+0000] {dag.py:3954} INFO - Setting next_dagrun for dbt_build to 2025-03-08 02:00:00+00:00, run_after=2025-03-09 02:00:00+00:00
[2025-03-08T20:55:32.917+0000] {processor.py:183} INFO - Processing /opt/airflow/dags/dbt_build.py took 0.629 seconds
[2025-03-08T20:56:03.603+0000] {processor.py:161} INFO - Started process (PID=278) to work on /opt/airflow/dags/dbt_build.py
[2025-03-08T20:56:03.604+0000] {processor.py:830} INFO - Processing file /opt/airflow/dags/dbt_build.py for tasks to queue
[2025-03-08T20:56:03.606+0000] {logging_mixin.py:188} INFO - [2025-03-08T20:56:03.606+0000] {dagbag.py:540} INFO - Filling up the DagBag from /opt/airflow/dags/dbt_build.py
[2025-03-08T20:56:03.702+0000] {processor.py:840} INFO - DAG(s) 'dbt_build' retrieved from /opt/airflow/dags/dbt_build.py
[2025-03-08T20:56:03.788+0000] {logging_mixin.py:188} INFO - [2025-03-08T20:56:03.788+0000] {dag.py:3096} INFO - Sync 1 DAGs
[2025-03-08T20:56:03.842+0000] {logging_mixin.py:188} INFO - [2025-03-08T20:56:03.841+0000] {dag.py:3954} INFO - Setting next_dagrun for dbt_build to 2025-03-08 02:00:00+00:00, run_after=2025-03-09 02:00:00+00:00
[2025-03-08T20:56:04.080+0000] {processor.py:183} INFO - Processing /opt/airflow/dags/dbt_build.py took 0.486 seconds
[2025-03-08T20:56:34.291+0000] {processor.py:161} INFO - Started process (PID=285) to work on /opt/airflow/dags/dbt_build.py
[2025-03-08T20:56:34.293+0000] {processor.py:830} INFO - Processing file /opt/airflow/dags/dbt_build.py for tasks to queue
[2025-03-08T20:56:34.296+0000] {logging_mixin.py:188} INFO - [2025-03-08T20:56:34.296+0000] {dagbag.py:540} INFO - Filling up the DagBag from /opt/airflow/dags/dbt_build.py
[2025-03-08T20:56:34.375+0000] {processor.py:840} INFO - DAG(s) 'dbt_build' retrieved from /opt/airflow/dags/dbt_build.py
[2025-03-08T20:56:34.482+0000] {logging_mixin.py:188} INFO - [2025-03-08T20:56:34.482+0000] {dag.py:3096} INFO - Sync 1 DAGs
[2025-03-08T20:56:34.527+0000] {logging_mixin.py:188} INFO - [2025-03-08T20:56:34.527+0000] {dag.py:3954} INFO - Setting next_dagrun for dbt_build to 2025-03-08 02:00:00+00:00, run_after=2025-03-09 02:00:00+00:00
[2025-03-08T20:56:34.653+0000] {processor.py:183} INFO - Processing /opt/airflow/dags/dbt_build.py took 0.395 seconds
[2025-03-08T20:57:05.565+0000] {processor.py:161} INFO - Started process (PID=292) to work on /opt/airflow/dags/dbt_build.py
[2025-03-08T20:57:05.567+0000] {processor.py:830} INFO - Processing file /opt/airflow/dags/dbt_build.py for tasks to queue
[2025-03-08T20:57:05.573+0000] {logging_mixin.py:188} INFO - [2025-03-08T20:57:05.572+0000] {dagbag.py:540} INFO - Filling up the DagBag from /opt/airflow/dags/dbt_build.py
[2025-03-08T20:57:05.681+0000] {processor.py:840} INFO - DAG(s) 'dbt_build' retrieved from /opt/airflow/dags/dbt_build.py
[2025-03-08T20:57:05.794+0000] {logging_mixin.py:188} INFO - [2025-03-08T20:57:05.793+0000] {dag.py:3096} INFO - Sync 1 DAGs
[2025-03-08T20:57:05.987+0000] {logging_mixin.py:188} INFO - [2025-03-08T20:57:05.986+0000] {dag.py:3954} INFO - Setting next_dagrun for dbt_build to 2025-03-08 02:00:00+00:00, run_after=2025-03-09 02:00:00+00:00
[2025-03-08T20:57:06.115+0000] {processor.py:183} INFO - Processing /opt/airflow/dags/dbt_build.py took 0.569 seconds
[2025-03-08T20:57:36.408+0000] {processor.py:161} INFO - Started process (PID=298) to work on /opt/airflow/dags/dbt_build.py
[2025-03-08T20:57:36.431+0000] {processor.py:830} INFO - Processing file /opt/airflow/dags/dbt_build.py for tasks to queue
[2025-03-08T20:57:36.442+0000] {logging_mixin.py:188} INFO - [2025-03-08T20:57:36.441+0000] {dagbag.py:540} INFO - Filling up the DagBag from /opt/airflow/dags/dbt_build.py
[2025-03-08T20:57:36.505+0000] {processor.py:840} INFO - DAG(s) 'dbt_build' retrieved from /opt/airflow/dags/dbt_build.py
[2025-03-08T20:57:36.619+0000] {logging_mixin.py:188} INFO - [2025-03-08T20:57:36.619+0000] {dag.py:3096} INFO - Sync 1 DAGs
[2025-03-08T20:57:36.739+0000] {logging_mixin.py:188} INFO - [2025-03-08T20:57:36.738+0000] {dag.py:3954} INFO - Setting next_dagrun for dbt_build to 2025-03-08 02:00:00+00:00, run_after=2025-03-09 02:00:00+00:00
[2025-03-08T20:57:37.366+0000] {processor.py:183} INFO - Processing /opt/airflow/dags/dbt_build.py took 0.966 seconds
[2025-03-08T20:58:08.156+0000] {processor.py:161} INFO - Started process (PID=305) to work on /opt/airflow/dags/dbt_build.py
[2025-03-08T20:58:08.161+0000] {processor.py:830} INFO - Processing file /opt/airflow/dags/dbt_build.py for tasks to queue
[2025-03-08T20:58:08.169+0000] {logging_mixin.py:188} INFO - [2025-03-08T20:58:08.168+0000] {dagbag.py:540} INFO - Filling up the DagBag from /opt/airflow/dags/dbt_build.py
[2025-03-08T20:58:08.247+0000] {processor.py:840} INFO - DAG(s) 'dbt_build' retrieved from /opt/airflow/dags/dbt_build.py
[2025-03-08T20:58:08.325+0000] {logging_mixin.py:188} INFO - [2025-03-08T20:58:08.325+0000] {dag.py:3096} INFO - Sync 1 DAGs
[2025-03-08T20:58:08.389+0000] {logging_mixin.py:188} INFO - [2025-03-08T20:58:08.388+0000] {dag.py:3954} INFO - Setting next_dagrun for dbt_build to 2025-03-08 02:00:00+00:00, run_after=2025-03-09 02:00:00+00:00
[2025-03-08T20:58:08.548+0000] {processor.py:183} INFO - Processing /opt/airflow/dags/dbt_build.py took 0.411 seconds
[2025-03-08T20:58:38.765+0000] {processor.py:161} INFO - Started process (PID=312) to work on /opt/airflow/dags/dbt_build.py
[2025-03-08T20:58:38.767+0000] {processor.py:830} INFO - Processing file /opt/airflow/dags/dbt_build.py for tasks to queue
[2025-03-08T20:58:38.782+0000] {logging_mixin.py:188} INFO - [2025-03-08T20:58:38.782+0000] {dagbag.py:540} INFO - Filling up the DagBag from /opt/airflow/dags/dbt_build.py
[2025-03-08T20:58:38.877+0000] {processor.py:840} INFO - DAG(s) 'dbt_build' retrieved from /opt/airflow/dags/dbt_build.py
[2025-03-08T20:58:38.959+0000] {logging_mixin.py:188} INFO - [2025-03-08T20:58:38.959+0000] {dag.py:3096} INFO - Sync 1 DAGs
[2025-03-08T20:58:39.062+0000] {logging_mixin.py:188} INFO - [2025-03-08T20:58:39.062+0000] {dag.py:3954} INFO - Setting next_dagrun for dbt_build to 2025-03-08 02:00:00+00:00, run_after=2025-03-09 02:00:00+00:00
[2025-03-08T20:58:39.233+0000] {processor.py:183} INFO - Processing /opt/airflow/dags/dbt_build.py took 0.478 seconds
[2025-03-08T20:59:09.914+0000] {processor.py:161} INFO - Started process (PID=320) to work on /opt/airflow/dags/dbt_build.py
[2025-03-08T20:59:09.916+0000] {processor.py:830} INFO - Processing file /opt/airflow/dags/dbt_build.py for tasks to queue
[2025-03-08T20:59:09.922+0000] {logging_mixin.py:188} INFO - [2025-03-08T20:59:09.919+0000] {dagbag.py:540} INFO - Filling up the DagBag from /opt/airflow/dags/dbt_build.py
[2025-03-08T20:59:09.950+0000] {processor.py:840} INFO - DAG(s) 'dbt_build' retrieved from /opt/airflow/dags/dbt_build.py
[2025-03-08T20:59:09.995+0000] {logging_mixin.py:188} INFO - [2025-03-08T20:59:09.995+0000] {dag.py:3096} INFO - Sync 1 DAGs
[2025-03-08T20:59:10.036+0000] {logging_mixin.py:188} INFO - [2025-03-08T20:59:10.035+0000] {dag.py:3954} INFO - Setting next_dagrun for dbt_build to 2025-03-08 02:00:00+00:00, run_after=2025-03-09 02:00:00+00:00
[2025-03-08T20:59:10.161+0000] {processor.py:183} INFO - Processing /opt/airflow/dags/dbt_build.py took 0.267 seconds
[2025-03-08T20:59:40.987+0000] {processor.py:161} INFO - Started process (PID=327) to work on /opt/airflow/dags/dbt_build.py
[2025-03-08T20:59:40.991+0000] {processor.py:830} INFO - Processing file /opt/airflow/dags/dbt_build.py for tasks to queue
[2025-03-08T20:59:40.993+0000] {logging_mixin.py:188} INFO - [2025-03-08T20:59:40.993+0000] {dagbag.py:540} INFO - Filling up the DagBag from /opt/airflow/dags/dbt_build.py
[2025-03-08T20:59:41.043+0000] {processor.py:840} INFO - DAG(s) 'dbt_build' retrieved from /opt/airflow/dags/dbt_build.py
[2025-03-08T20:59:41.097+0000] {logging_mixin.py:188} INFO - [2025-03-08T20:59:41.097+0000] {dag.py:3096} INFO - Sync 1 DAGs
[2025-03-08T20:59:41.152+0000] {logging_mixin.py:188} INFO - [2025-03-08T20:59:41.151+0000] {dag.py:3954} INFO - Setting next_dagrun for dbt_build to 2025-03-08 02:00:00+00:00, run_after=2025-03-09 02:00:00+00:00
[2025-03-08T20:59:41.342+0000] {processor.py:183} INFO - Processing /opt/airflow/dags/dbt_build.py took 0.365 seconds
[2025-03-08T21:00:12.306+0000] {processor.py:161} INFO - Started process (PID=334) to work on /opt/airflow/dags/dbt_build.py
[2025-03-08T21:00:12.307+0000] {processor.py:830} INFO - Processing file /opt/airflow/dags/dbt_build.py for tasks to queue
[2025-03-08T21:00:12.310+0000] {logging_mixin.py:188} INFO - [2025-03-08T21:00:12.309+0000] {dagbag.py:540} INFO - Filling up the DagBag from /opt/airflow/dags/dbt_build.py
[2025-03-08T21:00:12.376+0000] {processor.py:840} INFO - DAG(s) 'dbt_build' retrieved from /opt/airflow/dags/dbt_build.py
[2025-03-08T21:00:12.526+0000] {logging_mixin.py:188} INFO - [2025-03-08T21:00:12.525+0000] {dag.py:3096} INFO - Sync 1 DAGs
[2025-03-08T21:00:12.575+0000] {logging_mixin.py:188} INFO - [2025-03-08T21:00:12.575+0000] {dag.py:3954} INFO - Setting next_dagrun for dbt_build to 2025-03-08 02:00:00+00:00, run_after=2025-03-09 02:00:00+00:00
[2025-03-08T21:00:12.840+0000] {processor.py:183} INFO - Processing /opt/airflow/dags/dbt_build.py took 0.544 seconds
[2025-03-08T21:00:43.126+0000] {processor.py:161} INFO - Started process (PID=342) to work on /opt/airflow/dags/dbt_build.py
[2025-03-08T21:00:43.132+0000] {processor.py:830} INFO - Processing file /opt/airflow/dags/dbt_build.py for tasks to queue
[2025-03-08T21:00:43.138+0000] {logging_mixin.py:188} INFO - [2025-03-08T21:00:43.136+0000] {dagbag.py:540} INFO - Filling up the DagBag from /opt/airflow/dags/dbt_build.py
[2025-03-08T21:00:43.220+0000] {processor.py:840} INFO - DAG(s) 'dbt_build' retrieved from /opt/airflow/dags/dbt_build.py
[2025-03-08T21:00:43.291+0000] {logging_mixin.py:188} INFO - [2025-03-08T21:00:43.290+0000] {dag.py:3096} INFO - Sync 1 DAGs
[2025-03-08T21:00:43.342+0000] {logging_mixin.py:188} INFO - [2025-03-08T21:00:43.342+0000] {dag.py:3954} INFO - Setting next_dagrun for dbt_build to 2025-03-08 02:00:00+00:00, run_after=2025-03-09 02:00:00+00:00
[2025-03-08T21:00:43.447+0000] {processor.py:183} INFO - Processing /opt/airflow/dags/dbt_build.py took 0.332 seconds
[2025-03-08T21:01:14.038+0000] {processor.py:161} INFO - Started process (PID=349) to work on /opt/airflow/dags/dbt_build.py
[2025-03-08T21:01:14.064+0000] {processor.py:830} INFO - Processing file /opt/airflow/dags/dbt_build.py for tasks to queue
[2025-03-08T21:01:14.121+0000] {logging_mixin.py:188} INFO - [2025-03-08T21:01:14.118+0000] {dagbag.py:540} INFO - Filling up the DagBag from /opt/airflow/dags/dbt_build.py
[2025-03-08T21:01:14.250+0000] {processor.py:840} INFO - DAG(s) 'dbt_build' retrieved from /opt/airflow/dags/dbt_build.py
[2025-03-08T21:01:14.361+0000] {logging_mixin.py:188} INFO - [2025-03-08T21:01:14.361+0000] {dag.py:3096} INFO - Sync 1 DAGs
[2025-03-08T21:01:14.404+0000] {logging_mixin.py:188} INFO - [2025-03-08T21:01:14.403+0000] {dag.py:3954} INFO - Setting next_dagrun for dbt_build to 2025-03-08 02:00:00+00:00, run_after=2025-03-09 02:00:00+00:00
[2025-03-08T21:01:14.507+0000] {processor.py:183} INFO - Processing /opt/airflow/dags/dbt_build.py took 0.488 seconds
[2025-03-08T21:01:44.995+0000] {processor.py:161} INFO - Started process (PID=356) to work on /opt/airflow/dags/dbt_build.py
[2025-03-08T21:01:45.011+0000] {processor.py:830} INFO - Processing file /opt/airflow/dags/dbt_build.py for tasks to queue
[2025-03-08T21:01:45.015+0000] {logging_mixin.py:188} INFO - [2025-03-08T21:01:45.014+0000] {dagbag.py:540} INFO - Filling up the DagBag from /opt/airflow/dags/dbt_build.py
[2025-03-08T21:01:45.055+0000] {processor.py:840} INFO - DAG(s) 'dbt_build' retrieved from /opt/airflow/dags/dbt_build.py
[2025-03-08T21:01:45.127+0000] {logging_mixin.py:188} INFO - [2025-03-08T21:01:45.126+0000] {dag.py:3096} INFO - Sync 1 DAGs
[2025-03-08T21:01:45.222+0000] {logging_mixin.py:188} INFO - [2025-03-08T21:01:45.221+0000] {dag.py:3954} INFO - Setting next_dagrun for dbt_build to 2025-03-08 02:00:00+00:00, run_after=2025-03-09 02:00:00+00:00
[2025-03-08T21:01:45.372+0000] {processor.py:183} INFO - Processing /opt/airflow/dags/dbt_build.py took 0.401 seconds
[2025-03-08T21:02:15.818+0000] {processor.py:161} INFO - Started process (PID=363) to work on /opt/airflow/dags/dbt_build.py
[2025-03-08T21:02:15.846+0000] {processor.py:830} INFO - Processing file /opt/airflow/dags/dbt_build.py for tasks to queue
[2025-03-08T21:02:15.858+0000] {logging_mixin.py:188} INFO - [2025-03-08T21:02:15.857+0000] {dagbag.py:540} INFO - Filling up the DagBag from /opt/airflow/dags/dbt_build.py
[2025-03-08T21:02:15.987+0000] {processor.py:840} INFO - DAG(s) 'dbt_build' retrieved from /opt/airflow/dags/dbt_build.py
[2025-03-08T21:02:16.073+0000] {logging_mixin.py:188} INFO - [2025-03-08T21:02:16.073+0000] {dag.py:3096} INFO - Sync 1 DAGs
[2025-03-08T21:02:16.137+0000] {logging_mixin.py:188} INFO - [2025-03-08T21:02:16.137+0000] {dag.py:3954} INFO - Setting next_dagrun for dbt_build to 2025-03-08 02:00:00+00:00, run_after=2025-03-09 02:00:00+00:00
[2025-03-08T21:02:16.350+0000] {processor.py:183} INFO - Processing /opt/airflow/dags/dbt_build.py took 0.547 seconds
[2025-03-08T21:02:46.622+0000] {processor.py:161} INFO - Started process (PID=370) to work on /opt/airflow/dags/dbt_build.py
[2025-03-08T21:02:46.624+0000] {processor.py:830} INFO - Processing file /opt/airflow/dags/dbt_build.py for tasks to queue
[2025-03-08T21:02:46.628+0000] {logging_mixin.py:188} INFO - [2025-03-08T21:02:46.628+0000] {dagbag.py:540} INFO - Filling up the DagBag from /opt/airflow/dags/dbt_build.py
[2025-03-08T21:02:46.759+0000] {processor.py:840} INFO - DAG(s) 'dbt_build' retrieved from /opt/airflow/dags/dbt_build.py
[2025-03-08T21:02:46.916+0000] {logging_mixin.py:188} INFO - [2025-03-08T21:02:46.916+0000] {dag.py:3096} INFO - Sync 1 DAGs
[2025-03-08T21:02:46.989+0000] {logging_mixin.py:188} INFO - [2025-03-08T21:02:46.988+0000] {dag.py:3954} INFO - Setting next_dagrun for dbt_build to 2025-03-08 02:00:00+00:00, run_after=2025-03-09 02:00:00+00:00
[2025-03-08T21:02:47.251+0000] {processor.py:183} INFO - Processing /opt/airflow/dags/dbt_build.py took 0.647 seconds
[2025-03-08T21:03:17.524+0000] {processor.py:161} INFO - Started process (PID=377) to work on /opt/airflow/dags/dbt_build.py
[2025-03-08T21:03:17.526+0000] {processor.py:830} INFO - Processing file /opt/airflow/dags/dbt_build.py for tasks to queue
[2025-03-08T21:03:17.529+0000] {logging_mixin.py:188} INFO - [2025-03-08T21:03:17.528+0000] {dagbag.py:540} INFO - Filling up the DagBag from /opt/airflow/dags/dbt_build.py
[2025-03-08T21:03:17.608+0000] {processor.py:840} INFO - DAG(s) 'dbt_build' retrieved from /opt/airflow/dags/dbt_build.py
[2025-03-08T21:03:17.744+0000] {logging_mixin.py:188} INFO - [2025-03-08T21:03:17.744+0000] {dag.py:3096} INFO - Sync 1 DAGs
[2025-03-08T21:03:17.853+0000] {logging_mixin.py:188} INFO - [2025-03-08T21:03:17.853+0000] {dag.py:3954} INFO - Setting next_dagrun for dbt_build to 2025-03-08 02:00:00+00:00, run_after=2025-03-09 02:00:00+00:00
[2025-03-08T21:03:17.986+0000] {processor.py:183} INFO - Processing /opt/airflow/dags/dbt_build.py took 0.471 seconds
[2025-03-08T21:03:48.542+0000] {processor.py:161} INFO - Started process (PID=385) to work on /opt/airflow/dags/dbt_build.py
[2025-03-08T21:03:48.553+0000] {processor.py:830} INFO - Processing file /opt/airflow/dags/dbt_build.py for tasks to queue
[2025-03-08T21:03:48.555+0000] {logging_mixin.py:188} INFO - [2025-03-08T21:03:48.555+0000] {dagbag.py:540} INFO - Filling up the DagBag from /opt/airflow/dags/dbt_build.py
[2025-03-08T21:03:48.647+0000] {processor.py:840} INFO - DAG(s) 'dbt_build' retrieved from /opt/airflow/dags/dbt_build.py
[2025-03-08T21:03:48.737+0000] {logging_mixin.py:188} INFO - [2025-03-08T21:03:48.736+0000] {dag.py:3096} INFO - Sync 1 DAGs
[2025-03-08T21:03:48.767+0000] {logging_mixin.py:188} INFO - [2025-03-08T21:03:48.767+0000] {dag.py:3954} INFO - Setting next_dagrun for dbt_build to 2025-03-08 02:00:00+00:00, run_after=2025-03-09 02:00:00+00:00
[2025-03-08T21:03:48.847+0000] {processor.py:183} INFO - Processing /opt/airflow/dags/dbt_build.py took 0.314 seconds
[2025-03-08T21:04:19.520+0000] {processor.py:161} INFO - Started process (PID=397) to work on /opt/airflow/dags/dbt_build.py
[2025-03-08T21:04:19.521+0000] {processor.py:830} INFO - Processing file /opt/airflow/dags/dbt_build.py for tasks to queue
[2025-03-08T21:04:19.523+0000] {logging_mixin.py:188} INFO - [2025-03-08T21:04:19.523+0000] {dagbag.py:540} INFO - Filling up the DagBag from /opt/airflow/dags/dbt_build.py
[2025-03-08T21:04:19.543+0000] {processor.py:840} INFO - DAG(s) 'dbt_build' retrieved from /opt/airflow/dags/dbt_build.py
[2025-03-08T21:04:19.572+0000] {logging_mixin.py:188} INFO - [2025-03-08T21:04:19.572+0000] {dag.py:3096} INFO - Sync 1 DAGs
[2025-03-08T21:04:19.628+0000] {logging_mixin.py:188} INFO - [2025-03-08T21:04:19.628+0000] {dag.py:3954} INFO - Setting next_dagrun for dbt_build to 2025-03-08 02:00:00+00:00, run_after=2025-03-09 02:00:00+00:00
[2025-03-08T21:04:19.810+0000] {processor.py:183} INFO - Processing /opt/airflow/dags/dbt_build.py took 0.298 seconds
