[2025-03-09T12:58:57.538+0000] {processor.py:161} INFO - Started process (PID=62) to work on /opt/airflow/dags/dbt_build.py
[2025-03-09T12:58:57.540+0000] {processor.py:830} INFO - Processing file /opt/airflow/dags/dbt_build.py for tasks to queue
[2025-03-09T12:58:57.548+0000] {logging_mixin.py:188} INFO - [2025-03-09T12:58:57.548+0000] {dagbag.py:540} INFO - Filling up the DagBag from /opt/airflow/dags/dbt_build.py
[2025-03-09T12:58:57.602+0000] {processor.py:840} INFO - DAG(s) 'dbt_build' retrieved from /opt/airflow/dags/dbt_build.py
[2025-03-09T12:58:58.095+0000] {logging_mixin.py:188} INFO - [2025-03-09T12:58:58.094+0000] {dag.py:3096} INFO - Sync 1 DAGs
[2025-03-09T12:58:58.150+0000] {logging_mixin.py:188} INFO - [2025-03-09T12:58:58.150+0000] {dag.py:3954} INFO - Setting next_dagrun for dbt_build to 2025-03-08 02:00:00+00:00, run_after=2025-03-09 02:00:00+00:00
[2025-03-09T12:58:58.242+0000] {processor.py:183} INFO - Processing /opt/airflow/dags/dbt_build.py took 0.727 seconds
[2025-03-09T12:59:28.592+0000] {processor.py:161} INFO - Started process (PID=69) to work on /opt/airflow/dags/dbt_build.py
[2025-03-09T12:59:28.596+0000] {processor.py:830} INFO - Processing file /opt/airflow/dags/dbt_build.py for tasks to queue
[2025-03-09T12:59:28.599+0000] {logging_mixin.py:188} INFO - [2025-03-09T12:59:28.599+0000] {dagbag.py:540} INFO - Filling up the DagBag from /opt/airflow/dags/dbt_build.py
[2025-03-09T12:59:28.652+0000] {processor.py:840} INFO - DAG(s) 'dbt_build' retrieved from /opt/airflow/dags/dbt_build.py
[2025-03-09T12:59:28.730+0000] {logging_mixin.py:188} INFO - [2025-03-09T12:59:28.730+0000] {dag.py:3096} INFO - Sync 1 DAGs
[2025-03-09T12:59:28.785+0000] {logging_mixin.py:188} INFO - [2025-03-09T12:59:28.784+0000] {dag.py:3954} INFO - Setting next_dagrun for dbt_build to 2025-03-09 02:00:00+00:00, run_after=2025-03-10 02:00:00+00:00
[2025-03-09T12:59:28.850+0000] {processor.py:183} INFO - Processing /opt/airflow/dags/dbt_build.py took 0.276 seconds
[2025-03-09T12:59:59.286+0000] {processor.py:161} INFO - Started process (PID=76) to work on /opt/airflow/dags/dbt_build.py
[2025-03-09T12:59:59.287+0000] {processor.py:830} INFO - Processing file /opt/airflow/dags/dbt_build.py for tasks to queue
[2025-03-09T12:59:59.291+0000] {logging_mixin.py:188} INFO - [2025-03-09T12:59:59.290+0000] {dagbag.py:540} INFO - Filling up the DagBag from /opt/airflow/dags/dbt_build.py
[2025-03-09T12:59:59.324+0000] {processor.py:840} INFO - DAG(s) 'dbt_build' retrieved from /opt/airflow/dags/dbt_build.py
[2025-03-09T12:59:59.381+0000] {logging_mixin.py:188} INFO - [2025-03-09T12:59:59.381+0000] {dag.py:3096} INFO - Sync 1 DAGs
[2025-03-09T12:59:59.437+0000] {logging_mixin.py:188} INFO - [2025-03-09T12:59:59.437+0000] {dag.py:3954} INFO - Setting next_dagrun for dbt_build to 2025-03-09 02:00:00+00:00, run_after=2025-03-10 02:00:00+00:00
[2025-03-09T13:00:04.338+0000] {processor.py:183} INFO - Processing /opt/airflow/dags/dbt_build.py took 5.064 seconds
[2025-03-09T13:00:34.789+0000] {processor.py:161} INFO - Started process (PID=84) to work on /opt/airflow/dags/dbt_build.py
[2025-03-09T13:00:34.791+0000] {processor.py:830} INFO - Processing file /opt/airflow/dags/dbt_build.py for tasks to queue
[2025-03-09T13:00:34.794+0000] {logging_mixin.py:188} INFO - [2025-03-09T13:00:34.793+0000] {dagbag.py:540} INFO - Filling up the DagBag from /opt/airflow/dags/dbt_build.py
[2025-03-09T13:00:34.887+0000] {processor.py:840} INFO - DAG(s) 'dbt_build' retrieved from /opt/airflow/dags/dbt_build.py
[2025-03-09T13:00:34.946+0000] {logging_mixin.py:188} INFO - [2025-03-09T13:00:34.945+0000] {dag.py:3096} INFO - Sync 1 DAGs
[2025-03-09T13:00:34.993+0000] {logging_mixin.py:188} INFO - [2025-03-09T13:00:34.992+0000] {dag.py:3954} INFO - Setting next_dagrun for dbt_build to 2025-03-09 02:00:00+00:00, run_after=2025-03-10 02:00:00+00:00
[2025-03-09T13:00:35.097+0000] {processor.py:183} INFO - Processing /opt/airflow/dags/dbt_build.py took 0.324 seconds
[2025-03-09T13:01:05.247+0000] {processor.py:161} INFO - Started process (PID=92) to work on /opt/airflow/dags/dbt_build.py
[2025-03-09T13:01:05.249+0000] {processor.py:830} INFO - Processing file /opt/airflow/dags/dbt_build.py for tasks to queue
[2025-03-09T13:01:05.252+0000] {logging_mixin.py:188} INFO - [2025-03-09T13:01:05.251+0000] {dagbag.py:540} INFO - Filling up the DagBag from /opt/airflow/dags/dbt_build.py
[2025-03-09T13:01:05.283+0000] {processor.py:840} INFO - DAG(s) 'dbt_build' retrieved from /opt/airflow/dags/dbt_build.py
[2025-03-09T13:01:05.327+0000] {logging_mixin.py:188} INFO - [2025-03-09T13:01:05.327+0000] {dag.py:3096} INFO - Sync 1 DAGs
[2025-03-09T13:01:05.371+0000] {logging_mixin.py:188} INFO - [2025-03-09T13:01:05.371+0000] {dag.py:3954} INFO - Setting next_dagrun for dbt_build to 2025-03-09 02:00:00+00:00, run_after=2025-03-10 02:00:00+00:00
[2025-03-09T13:01:05.461+0000] {processor.py:183} INFO - Processing /opt/airflow/dags/dbt_build.py took 0.225 seconds
[2025-03-09T13:01:35.736+0000] {processor.py:161} INFO - Started process (PID=99) to work on /opt/airflow/dags/dbt_build.py
[2025-03-09T13:01:35.738+0000] {processor.py:830} INFO - Processing file /opt/airflow/dags/dbt_build.py for tasks to queue
[2025-03-09T13:01:35.742+0000] {logging_mixin.py:188} INFO - [2025-03-09T13:01:35.742+0000] {dagbag.py:540} INFO - Filling up the DagBag from /opt/airflow/dags/dbt_build.py
[2025-03-09T13:01:35.777+0000] {processor.py:840} INFO - DAG(s) 'dbt_build' retrieved from /opt/airflow/dags/dbt_build.py
[2025-03-09T13:01:35.829+0000] {logging_mixin.py:188} INFO - [2025-03-09T13:01:35.829+0000] {dag.py:3096} INFO - Sync 1 DAGs
[2025-03-09T13:01:35.878+0000] {logging_mixin.py:188} INFO - [2025-03-09T13:01:35.878+0000] {dag.py:3954} INFO - Setting next_dagrun for dbt_build to 2025-03-09 02:00:00+00:00, run_after=2025-03-10 02:00:00+00:00
[2025-03-09T13:01:36.002+0000] {processor.py:183} INFO - Processing /opt/airflow/dags/dbt_build.py took 0.279 seconds
[2025-03-09T13:02:06.360+0000] {processor.py:161} INFO - Started process (PID=105) to work on /opt/airflow/dags/dbt_build.py
[2025-03-09T13:02:06.362+0000] {processor.py:830} INFO - Processing file /opt/airflow/dags/dbt_build.py for tasks to queue
[2025-03-09T13:02:06.365+0000] {logging_mixin.py:188} INFO - [2025-03-09T13:02:06.364+0000] {dagbag.py:540} INFO - Filling up the DagBag from /opt/airflow/dags/dbt_build.py
[2025-03-09T13:02:06.402+0000] {processor.py:840} INFO - DAG(s) 'dbt_build' retrieved from /opt/airflow/dags/dbt_build.py
[2025-03-09T13:02:06.443+0000] {logging_mixin.py:188} INFO - [2025-03-09T13:02:06.443+0000] {dag.py:3096} INFO - Sync 1 DAGs
[2025-03-09T13:02:06.488+0000] {logging_mixin.py:188} INFO - [2025-03-09T13:02:06.488+0000] {dag.py:3954} INFO - Setting next_dagrun for dbt_build to 2025-03-09 02:00:00+00:00, run_after=2025-03-10 02:00:00+00:00
[2025-03-09T13:02:06.554+0000] {processor.py:183} INFO - Processing /opt/airflow/dags/dbt_build.py took 0.205 seconds
[2025-03-09T13:02:36.793+0000] {processor.py:161} INFO - Started process (PID=112) to work on /opt/airflow/dags/dbt_build.py
[2025-03-09T13:02:36.828+0000] {processor.py:830} INFO - Processing file /opt/airflow/dags/dbt_build.py for tasks to queue
[2025-03-09T13:02:36.834+0000] {logging_mixin.py:188} INFO - [2025-03-09T13:02:36.834+0000] {dagbag.py:540} INFO - Filling up the DagBag from /opt/airflow/dags/dbt_build.py
[2025-03-09T13:02:36.967+0000] {processor.py:840} INFO - DAG(s) 'dbt_build' retrieved from /opt/airflow/dags/dbt_build.py
[2025-03-09T13:02:37.061+0000] {logging_mixin.py:188} INFO - [2025-03-09T13:02:37.061+0000] {dag.py:3096} INFO - Sync 1 DAGs
[2025-03-09T13:02:37.144+0000] {logging_mixin.py:188} INFO - [2025-03-09T13:02:37.143+0000] {dag.py:3954} INFO - Setting next_dagrun for dbt_build to 2025-03-09 02:00:00+00:00, run_after=2025-03-10 02:00:00+00:00
[2025-03-09T13:02:37.239+0000] {processor.py:183} INFO - Processing /opt/airflow/dags/dbt_build.py took 0.486 seconds
[2025-03-09T13:03:07.614+0000] {processor.py:161} INFO - Started process (PID=119) to work on /opt/airflow/dags/dbt_build.py
[2025-03-09T13:03:07.617+0000] {processor.py:830} INFO - Processing file /opt/airflow/dags/dbt_build.py for tasks to queue
[2025-03-09T13:03:07.622+0000] {logging_mixin.py:188} INFO - [2025-03-09T13:03:07.621+0000] {dagbag.py:540} INFO - Filling up the DagBag from /opt/airflow/dags/dbt_build.py
[2025-03-09T13:03:07.665+0000] {processor.py:840} INFO - DAG(s) 'dbt_build' retrieved from /opt/airflow/dags/dbt_build.py
[2025-03-09T13:03:07.733+0000] {logging_mixin.py:188} INFO - [2025-03-09T13:03:07.732+0000] {dag.py:3096} INFO - Sync 1 DAGs
[2025-03-09T13:03:07.780+0000] {logging_mixin.py:188} INFO - [2025-03-09T13:03:07.779+0000] {dag.py:3954} INFO - Setting next_dagrun for dbt_build to 2025-03-09 02:00:00+00:00, run_after=2025-03-10 02:00:00+00:00
[2025-03-09T13:03:07.865+0000] {processor.py:183} INFO - Processing /opt/airflow/dags/dbt_build.py took 0.270 seconds
[2025-03-09T13:03:38.190+0000] {processor.py:161} INFO - Started process (PID=126) to work on /opt/airflow/dags/dbt_build.py
[2025-03-09T13:03:38.191+0000] {processor.py:830} INFO - Processing file /opt/airflow/dags/dbt_build.py for tasks to queue
[2025-03-09T13:03:38.195+0000] {logging_mixin.py:188} INFO - [2025-03-09T13:03:38.194+0000] {dagbag.py:540} INFO - Filling up the DagBag from /opt/airflow/dags/dbt_build.py
[2025-03-09T13:03:38.225+0000] {processor.py:840} INFO - DAG(s) 'dbt_build' retrieved from /opt/airflow/dags/dbt_build.py
[2025-03-09T13:03:38.262+0000] {logging_mixin.py:188} INFO - [2025-03-09T13:03:38.262+0000] {dag.py:3096} INFO - Sync 1 DAGs
[2025-03-09T13:03:38.297+0000] {logging_mixin.py:188} INFO - [2025-03-09T13:03:38.297+0000] {dag.py:3954} INFO - Setting next_dagrun for dbt_build to 2025-03-09 02:00:00+00:00, run_after=2025-03-10 02:00:00+00:00
[2025-03-09T13:03:38.361+0000] {processor.py:183} INFO - Processing /opt/airflow/dags/dbt_build.py took 0.180 seconds
[2025-03-09T13:04:08.528+0000] {processor.py:161} INFO - Started process (PID=133) to work on /opt/airflow/dags/dbt_build.py
[2025-03-09T13:04:08.530+0000] {processor.py:830} INFO - Processing file /opt/airflow/dags/dbt_build.py for tasks to queue
[2025-03-09T13:04:08.534+0000] {logging_mixin.py:188} INFO - [2025-03-09T13:04:08.533+0000] {dagbag.py:540} INFO - Filling up the DagBag from /opt/airflow/dags/dbt_build.py
[2025-03-09T13:04:08.573+0000] {processor.py:840} INFO - DAG(s) 'dbt_build' retrieved from /opt/airflow/dags/dbt_build.py
[2025-03-09T13:04:08.626+0000] {logging_mixin.py:188} INFO - [2025-03-09T13:04:08.626+0000] {dag.py:3096} INFO - Sync 1 DAGs
[2025-03-09T13:04:08.671+0000] {logging_mixin.py:188} INFO - [2025-03-09T13:04:08.670+0000] {dag.py:3954} INFO - Setting next_dagrun for dbt_build to 2025-03-09 02:00:00+00:00, run_after=2025-03-10 02:00:00+00:00
[2025-03-09T13:04:08.866+0000] {processor.py:183} INFO - Processing /opt/airflow/dags/dbt_build.py took 0.368 seconds
[2025-03-09T13:04:32.287+0000] {processor.py:161} INFO - Started process (PID=140) to work on /opt/airflow/dags/dbt_build.py
[2025-03-09T13:04:32.288+0000] {processor.py:830} INFO - Processing file /opt/airflow/dags/dbt_build.py for tasks to queue
[2025-03-09T13:04:32.294+0000] {logging_mixin.py:188} INFO - [2025-03-09T13:04:32.294+0000] {dagbag.py:540} INFO - Filling up the DagBag from /opt/airflow/dags/dbt_build.py
[2025-03-09T13:04:32.543+0000] {processor.py:840} INFO - DAG(s) 'dbt_build' retrieved from /opt/airflow/dags/dbt_build.py
[2025-03-09T13:04:33.410+0000] {logging_mixin.py:188} INFO - [2025-03-09T13:04:33.410+0000] {dag.py:3096} INFO - Sync 1 DAGs
[2025-03-09T13:04:33.588+0000] {logging_mixin.py:188} INFO - [2025-03-09T13:04:33.588+0000] {dag.py:3954} INFO - Setting next_dagrun for dbt_build to 2025-03-08 23:00:00+00:00, run_after=2025-03-09 23:00:00+00:00
[2025-03-09T13:04:34.035+0000] {processor.py:183} INFO - Processing /opt/airflow/dags/dbt_build.py took 1.760 seconds
[2025-03-09T13:04:38.451+0000] {processor.py:161} INFO - Started process (PID=141) to work on /opt/airflow/dags/dbt_build.py
[2025-03-09T13:04:38.454+0000] {processor.py:830} INFO - Processing file /opt/airflow/dags/dbt_build.py for tasks to queue
[2025-03-09T13:04:38.458+0000] {logging_mixin.py:188} INFO - [2025-03-09T13:04:38.458+0000] {dagbag.py:540} INFO - Filling up the DagBag from /opt/airflow/dags/dbt_build.py
[2025-03-09T13:04:38.519+0000] {processor.py:840} INFO - DAG(s) 'dbt_build' retrieved from /opt/airflow/dags/dbt_build.py
[2025-03-09T13:04:38.540+0000] {logging_mixin.py:188} INFO - [2025-03-09T13:04:38.539+0000] {dag.py:3096} INFO - Sync 1 DAGs
[2025-03-09T13:04:38.574+0000] {logging_mixin.py:188} INFO - [2025-03-09T13:04:38.573+0000] {dag.py:3954} INFO - Setting next_dagrun for dbt_build to 2025-03-08 23:00:00+00:00, run_after=2025-03-09 23:00:00+00:00
[2025-03-09T13:04:38.693+0000] {processor.py:183} INFO - Processing /opt/airflow/dags/dbt_build.py took 0.255 seconds
[2025-03-09T13:05:08.863+0000] {processor.py:161} INFO - Started process (PID=148) to work on /opt/airflow/dags/dbt_build.py
[2025-03-09T13:05:08.880+0000] {processor.py:830} INFO - Processing file /opt/airflow/dags/dbt_build.py for tasks to queue
[2025-03-09T13:05:08.896+0000] {logging_mixin.py:188} INFO - [2025-03-09T13:05:08.895+0000] {dagbag.py:540} INFO - Filling up the DagBag from /opt/airflow/dags/dbt_build.py
[2025-03-09T13:05:08.982+0000] {processor.py:840} INFO - DAG(s) 'dbt_build' retrieved from /opt/airflow/dags/dbt_build.py
[2025-03-09T13:05:09.032+0000] {logging_mixin.py:188} INFO - [2025-03-09T13:05:09.031+0000] {dag.py:3096} INFO - Sync 1 DAGs
[2025-03-09T13:05:09.137+0000] {logging_mixin.py:188} INFO - [2025-03-09T13:05:09.137+0000] {dag.py:3954} INFO - Setting next_dagrun for dbt_build to 2025-03-08 23:00:00+00:00, run_after=2025-03-09 23:00:00+00:00
[2025-03-09T13:05:09.344+0000] {processor.py:183} INFO - Processing /opt/airflow/dags/dbt_build.py took 0.510 seconds
[2025-03-09T13:10:55.366+0000] {processor.py:161} INFO - Started process (PID=60) to work on /opt/airflow/dags/dbt_build.py
[2025-03-09T13:10:55.367+0000] {processor.py:830} INFO - Processing file /opt/airflow/dags/dbt_build.py for tasks to queue
[2025-03-09T13:10:55.376+0000] {logging_mixin.py:188} INFO - [2025-03-09T13:10:55.376+0000] {dagbag.py:540} INFO - Filling up the DagBag from /opt/airflow/dags/dbt_build.py
[2025-03-09T13:10:55.415+0000] {processor.py:840} INFO - DAG(s) 'dbt_build' retrieved from /opt/airflow/dags/dbt_build.py
[2025-03-09T13:10:56.057+0000] {logging_mixin.py:188} INFO - [2025-03-09T13:10:56.056+0000] {override.py:1829} INFO - Created Permission View: can delete on DAG:dbt_build
[2025-03-09T13:10:56.145+0000] {logging_mixin.py:188} INFO - [2025-03-09T13:10:56.145+0000] {override.py:1829} INFO - Created Permission View: can edit on DAG:dbt_build
[2025-03-09T13:10:56.190+0000] {logging_mixin.py:188} INFO - [2025-03-09T13:10:56.189+0000] {override.py:1829} INFO - Created Permission View: can read on DAG:dbt_build
[2025-03-09T13:10:56.191+0000] {logging_mixin.py:188} INFO - [2025-03-09T13:10:56.191+0000] {dag.py:3096} INFO - Sync 1 DAGs
[2025-03-09T13:10:56.207+0000] {logging_mixin.py:188} INFO - [2025-03-09T13:10:56.207+0000] {dag.py:3118} INFO - Creating ORM DAG for dbt_build
[2025-03-09T13:10:56.230+0000] {logging_mixin.py:188} INFO - [2025-03-09T13:10:56.229+0000] {dag.py:3954} INFO - Setting next_dagrun for dbt_build to 2025-03-08 23:00:00+00:00, run_after=2025-03-09 23:00:00+00:00
[2025-03-09T13:10:56.315+0000] {processor.py:183} INFO - Processing /opt/airflow/dags/dbt_build.py took 0.957 seconds
[2025-03-09T13:11:26.675+0000] {processor.py:161} INFO - Started process (PID=67) to work on /opt/airflow/dags/dbt_build.py
[2025-03-09T13:11:26.677+0000] {processor.py:830} INFO - Processing file /opt/airflow/dags/dbt_build.py for tasks to queue
[2025-03-09T13:11:26.680+0000] {logging_mixin.py:188} INFO - [2025-03-09T13:11:26.679+0000] {dagbag.py:540} INFO - Filling up the DagBag from /opt/airflow/dags/dbt_build.py
[2025-03-09T13:11:26.930+0000] {processor.py:840} INFO - DAG(s) 'dbt_build' retrieved from /opt/airflow/dags/dbt_build.py
[2025-03-09T13:11:26.981+0000] {logging_mixin.py:188} INFO - [2025-03-09T13:11:26.981+0000] {dag.py:3096} INFO - Sync 1 DAGs
[2025-03-09T13:11:28.666+0000] {logging_mixin.py:188} INFO - [2025-03-09T13:11:28.666+0000] {dag.py:3954} INFO - Setting next_dagrun for dbt_build to 2025-03-08 23:00:00+00:00, run_after=2025-03-09 23:00:00+00:00
[2025-03-09T13:11:33.295+0000] {processor.py:183} INFO - Processing /opt/airflow/dags/dbt_build.py took 6.633 seconds
[2025-03-09T13:12:03.844+0000] {processor.py:161} INFO - Started process (PID=74) to work on /opt/airflow/dags/dbt_build.py
[2025-03-09T13:12:03.849+0000] {processor.py:830} INFO - Processing file /opt/airflow/dags/dbt_build.py for tasks to queue
[2025-03-09T13:12:03.858+0000] {logging_mixin.py:188} INFO - [2025-03-09T13:12:03.857+0000] {dagbag.py:540} INFO - Filling up the DagBag from /opt/airflow/dags/dbt_build.py
[2025-03-09T13:12:03.929+0000] {processor.py:840} INFO - DAG(s) 'dbt_build' retrieved from /opt/airflow/dags/dbt_build.py
[2025-03-09T13:12:03.967+0000] {logging_mixin.py:188} INFO - [2025-03-09T13:12:03.967+0000] {dag.py:3096} INFO - Sync 1 DAGs
[2025-03-09T13:12:03.999+0000] {logging_mixin.py:188} INFO - [2025-03-09T13:12:03.999+0000] {dag.py:3954} INFO - Setting next_dagrun for dbt_build to 2025-03-08 23:00:00+00:00, run_after=2025-03-09 23:00:00+00:00
[2025-03-09T13:12:08.865+0000] {processor.py:183} INFO - Processing /opt/airflow/dags/dbt_build.py took 5.051 seconds
[2025-03-09T13:12:39.276+0000] {processor.py:161} INFO - Started process (PID=81) to work on /opt/airflow/dags/dbt_build.py
[2025-03-09T13:12:39.280+0000] {processor.py:830} INFO - Processing file /opt/airflow/dags/dbt_build.py for tasks to queue
[2025-03-09T13:12:39.286+0000] {logging_mixin.py:188} INFO - [2025-03-09T13:12:39.285+0000] {dagbag.py:540} INFO - Filling up the DagBag from /opt/airflow/dags/dbt_build.py
[2025-03-09T13:12:39.321+0000] {processor.py:840} INFO - DAG(s) 'dbt_build' retrieved from /opt/airflow/dags/dbt_build.py
[2025-03-09T13:12:39.362+0000] {logging_mixin.py:188} INFO - [2025-03-09T13:12:39.361+0000] {dag.py:3096} INFO - Sync 1 DAGs
[2025-03-09T13:12:39.403+0000] {logging_mixin.py:188} INFO - [2025-03-09T13:12:39.402+0000] {dag.py:3954} INFO - Setting next_dagrun for dbt_build to 2025-03-08 23:00:00+00:00, run_after=2025-03-09 23:00:00+00:00
[2025-03-09T13:12:39.459+0000] {processor.py:183} INFO - Processing /opt/airflow/dags/dbt_build.py took 0.197 seconds
[2025-03-09T13:19:11.372+0000] {processor.py:161} INFO - Started process (PID=60) to work on /opt/airflow/dags/dbt_build.py
[2025-03-09T13:19:11.373+0000] {processor.py:830} INFO - Processing file /opt/airflow/dags/dbt_build.py for tasks to queue
[2025-03-09T13:19:11.382+0000] {logging_mixin.py:188} INFO - [2025-03-09T13:19:11.382+0000] {dagbag.py:540} INFO - Filling up the DagBag from /opt/airflow/dags/dbt_build.py
[2025-03-09T13:19:11.460+0000] {processor.py:840} INFO - DAG(s) 'dbt_build' retrieved from /opt/airflow/dags/dbt_build.py
[2025-03-09T13:19:12.151+0000] {logging_mixin.py:188} INFO - [2025-03-09T13:19:12.150+0000] {override.py:1829} INFO - Created Permission View: can read on DAG:dbt_build
[2025-03-09T13:19:12.218+0000] {logging_mixin.py:188} INFO - [2025-03-09T13:19:12.217+0000] {override.py:1829} INFO - Created Permission View: can edit on DAG:dbt_build
[2025-03-09T13:19:12.287+0000] {logging_mixin.py:188} INFO - [2025-03-09T13:19:12.284+0000] {override.py:1829} INFO - Created Permission View: can delete on DAG:dbt_build
[2025-03-09T13:19:12.288+0000] {logging_mixin.py:188} INFO - [2025-03-09T13:19:12.288+0000] {dag.py:3096} INFO - Sync 1 DAGs
[2025-03-09T13:19:12.315+0000] {logging_mixin.py:188} INFO - [2025-03-09T13:19:12.314+0000] {dag.py:3118} INFO - Creating ORM DAG for dbt_build
[2025-03-09T13:19:12.340+0000] {logging_mixin.py:188} INFO - [2025-03-09T13:19:12.339+0000] {dag.py:3954} INFO - Setting next_dagrun for dbt_build to 2025-03-08 23:00:00+00:00, run_after=2025-03-09 23:00:00+00:00
[2025-03-09T13:19:12.436+0000] {processor.py:183} INFO - Processing /opt/airflow/dags/dbt_build.py took 1.074 seconds
[2025-03-09T13:20:22.008+0000] {processor.py:161} INFO - Started process (PID=48) to work on /opt/airflow/dags/dbt_build.py
[2025-03-09T13:20:22.010+0000] {processor.py:830} INFO - Processing file /opt/airflow/dags/dbt_build.py for tasks to queue
[2025-03-09T13:20:22.013+0000] {logging_mixin.py:188} INFO - [2025-03-09T13:20:22.013+0000] {dagbag.py:540} INFO - Filling up the DagBag from /opt/airflow/dags/dbt_build.py
[2025-03-09T13:20:22.042+0000] {processor.py:840} INFO - DAG(s) 'dbt_build' retrieved from /opt/airflow/dags/dbt_build.py
[2025-03-09T13:20:22.097+0000] {logging_mixin.py:188} INFO - [2025-03-09T13:20:22.096+0000] {dag.py:3096} INFO - Sync 1 DAGs
[2025-03-09T13:20:22.133+0000] {logging_mixin.py:188} INFO - [2025-03-09T13:20:22.133+0000] {dag.py:3954} INFO - Setting next_dagrun for dbt_build to 2025-03-08 23:00:00+00:00, run_after=2025-03-09 23:00:00+00:00
[2025-03-09T13:20:22.197+0000] {processor.py:183} INFO - Processing /opt/airflow/dags/dbt_build.py took 0.196 seconds
[2025-03-09T13:20:52.382+0000] {processor.py:161} INFO - Started process (PID=55) to work on /opt/airflow/dags/dbt_build.py
[2025-03-09T13:20:52.383+0000] {processor.py:830} INFO - Processing file /opt/airflow/dags/dbt_build.py for tasks to queue
[2025-03-09T13:20:52.387+0000] {logging_mixin.py:188} INFO - [2025-03-09T13:20:52.387+0000] {dagbag.py:540} INFO - Filling up the DagBag from /opt/airflow/dags/dbt_build.py
[2025-03-09T13:20:52.427+0000] {processor.py:840} INFO - DAG(s) 'dbt_build' retrieved from /opt/airflow/dags/dbt_build.py
[2025-03-09T13:20:52.473+0000] {logging_mixin.py:188} INFO - [2025-03-09T13:20:52.473+0000] {dag.py:3096} INFO - Sync 1 DAGs
[2025-03-09T13:20:52.506+0000] {logging_mixin.py:188} INFO - [2025-03-09T13:20:52.506+0000] {dag.py:3954} INFO - Setting next_dagrun for dbt_build to 2025-03-08 23:00:00+00:00, run_after=2025-03-09 23:00:00+00:00
[2025-03-09T13:20:52.692+0000] {processor.py:183} INFO - Processing /opt/airflow/dags/dbt_build.py took 0.320 seconds
[2025-03-09T13:21:22.950+0000] {processor.py:161} INFO - Started process (PID=62) to work on /opt/airflow/dags/dbt_build.py
[2025-03-09T13:21:22.951+0000] {processor.py:830} INFO - Processing file /opt/airflow/dags/dbt_build.py for tasks to queue
[2025-03-09T13:21:22.955+0000] {logging_mixin.py:188} INFO - [2025-03-09T13:21:22.954+0000] {dagbag.py:540} INFO - Filling up the DagBag from /opt/airflow/dags/dbt_build.py
[2025-03-09T13:21:22.983+0000] {processor.py:840} INFO - DAG(s) 'dbt_build' retrieved from /opt/airflow/dags/dbt_build.py
[2025-03-09T13:21:23.018+0000] {logging_mixin.py:188} INFO - [2025-03-09T13:21:23.018+0000] {dag.py:3096} INFO - Sync 1 DAGs
[2025-03-09T13:21:23.054+0000] {logging_mixin.py:188} INFO - [2025-03-09T13:21:23.054+0000] {dag.py:3954} INFO - Setting next_dagrun for dbt_build to 2025-03-08 23:00:00+00:00, run_after=2025-03-09 23:00:00+00:00
[2025-03-09T13:21:23.123+0000] {processor.py:183} INFO - Processing /opt/airflow/dags/dbt_build.py took 0.188 seconds
[2025-03-09T13:58:15.947+0000] {processor.py:161} INFO - Started process (PID=55) to work on /opt/airflow/dags/dbt_build.py
[2025-03-09T13:58:15.948+0000] {processor.py:830} INFO - Processing file /opt/airflow/dags/dbt_build.py for tasks to queue
[2025-03-09T13:58:15.958+0000] {logging_mixin.py:188} INFO - [2025-03-09T13:58:15.958+0000] {dagbag.py:540} INFO - Filling up the DagBag from /opt/airflow/dags/dbt_build.py
[2025-03-09T13:58:16.074+0000] {processor.py:840} INFO - DAG(s) 'dbt_build' retrieved from /opt/airflow/dags/dbt_build.py
[2025-03-09T13:58:16.795+0000] {logging_mixin.py:188} INFO - [2025-03-09T13:58:16.794+0000] {dag.py:3096} INFO - Sync 1 DAGs
[2025-03-09T13:58:16.836+0000] {logging_mixin.py:188} INFO - [2025-03-09T13:58:16.836+0000] {dag.py:3954} INFO - Setting next_dagrun for dbt_build to 2025-03-08 23:00:00+00:00, run_after=2025-03-09 23:00:00+00:00
[2025-03-09T13:58:16.900+0000] {processor.py:183} INFO - Processing /opt/airflow/dags/dbt_build.py took 0.968 seconds
[2025-03-09T14:00:28.435+0000] {processor.py:161} INFO - Started process (PID=61) to work on /opt/airflow/dags/dbt_build.py
[2025-03-09T14:00:28.437+0000] {processor.py:830} INFO - Processing file /opt/airflow/dags/dbt_build.py for tasks to queue
[2025-03-09T14:00:28.446+0000] {logging_mixin.py:188} INFO - [2025-03-09T14:00:28.446+0000] {dagbag.py:540} INFO - Filling up the DagBag from /opt/airflow/dags/dbt_build.py
[2025-03-09T14:00:28.497+0000] {processor.py:840} INFO - DAG(s) 'dbt_build' retrieved from /opt/airflow/dags/dbt_build.py
[2025-03-09T14:00:28.924+0000] {logging_mixin.py:188} INFO - [2025-03-09T14:00:28.924+0000] {dag.py:3096} INFO - Sync 1 DAGs
[2025-03-09T14:00:28.957+0000] {logging_mixin.py:188} INFO - [2025-03-09T14:00:28.956+0000] {dag.py:3954} INFO - Setting next_dagrun for dbt_build to 2025-03-08 23:00:00+00:00, run_after=2025-03-09 23:00:00+00:00
[2025-03-09T14:00:29.026+0000] {processor.py:183} INFO - Processing /opt/airflow/dags/dbt_build.py took 0.602 seconds
[2025-03-09T14:00:59.346+0000] {processor.py:161} INFO - Started process (PID=69) to work on /opt/airflow/dags/dbt_build.py
[2025-03-09T14:00:59.348+0000] {processor.py:830} INFO - Processing file /opt/airflow/dags/dbt_build.py for tasks to queue
[2025-03-09T14:00:59.354+0000] {logging_mixin.py:188} INFO - [2025-03-09T14:00:59.353+0000] {dagbag.py:540} INFO - Filling up the DagBag from /opt/airflow/dags/dbt_build.py
[2025-03-09T14:00:59.401+0000] {processor.py:840} INFO - DAG(s) 'dbt_build' retrieved from /opt/airflow/dags/dbt_build.py
[2025-03-09T14:00:59.455+0000] {logging_mixin.py:188} INFO - [2025-03-09T14:00:59.455+0000] {dag.py:3096} INFO - Sync 1 DAGs
[2025-03-09T14:00:59.494+0000] {logging_mixin.py:188} INFO - [2025-03-09T14:00:59.494+0000] {dag.py:3954} INFO - Setting next_dagrun for dbt_build to 2025-03-08 23:00:00+00:00, run_after=2025-03-09 23:00:00+00:00
[2025-03-09T14:00:59.885+0000] {processor.py:183} INFO - Processing /opt/airflow/dags/dbt_build.py took 0.561 seconds
[2025-03-09T14:01:30.184+0000] {processor.py:161} INFO - Started process (PID=75) to work on /opt/airflow/dags/dbt_build.py
[2025-03-09T14:01:30.185+0000] {processor.py:830} INFO - Processing file /opt/airflow/dags/dbt_build.py for tasks to queue
[2025-03-09T14:01:30.188+0000] {logging_mixin.py:188} INFO - [2025-03-09T14:01:30.187+0000] {dagbag.py:540} INFO - Filling up the DagBag from /opt/airflow/dags/dbt_build.py
[2025-03-09T14:01:30.216+0000] {processor.py:840} INFO - DAG(s) 'dbt_build' retrieved from /opt/airflow/dags/dbt_build.py
[2025-03-09T14:01:30.269+0000] {logging_mixin.py:188} INFO - [2025-03-09T14:01:30.268+0000] {dag.py:3096} INFO - Sync 1 DAGs
[2025-03-09T14:01:30.319+0000] {logging_mixin.py:188} INFO - [2025-03-09T14:01:30.319+0000] {dag.py:3954} INFO - Setting next_dagrun for dbt_build to 2025-03-08 23:00:00+00:00, run_after=2025-03-09 23:00:00+00:00
[2025-03-09T14:01:30.382+0000] {processor.py:183} INFO - Processing /opt/airflow/dags/dbt_build.py took 0.207 seconds
[2025-03-09T14:02:00.846+0000] {processor.py:161} INFO - Started process (PID=82) to work on /opt/airflow/dags/dbt_build.py
[2025-03-09T14:02:00.850+0000] {processor.py:830} INFO - Processing file /opt/airflow/dags/dbt_build.py for tasks to queue
[2025-03-09T14:02:00.860+0000] {logging_mixin.py:188} INFO - [2025-03-09T14:02:00.858+0000] {dagbag.py:540} INFO - Filling up the DagBag from /opt/airflow/dags/dbt_build.py
[2025-03-09T14:02:00.908+0000] {processor.py:840} INFO - DAG(s) 'dbt_build' retrieved from /opt/airflow/dags/dbt_build.py
[2025-03-09T14:02:00.950+0000] {logging_mixin.py:188} INFO - [2025-03-09T14:02:00.950+0000] {dag.py:3096} INFO - Sync 1 DAGs
[2025-03-09T14:02:00.981+0000] {logging_mixin.py:188} INFO - [2025-03-09T14:02:00.981+0000] {dag.py:3954} INFO - Setting next_dagrun for dbt_build to 2025-03-08 23:00:00+00:00, run_after=2025-03-09 23:00:00+00:00
[2025-03-09T14:02:01.062+0000] {processor.py:183} INFO - Processing /opt/airflow/dags/dbt_build.py took 0.247 seconds
[2025-03-09T14:02:31.312+0000] {processor.py:161} INFO - Started process (PID=89) to work on /opt/airflow/dags/dbt_build.py
[2025-03-09T14:02:31.316+0000] {processor.py:830} INFO - Processing file /opt/airflow/dags/dbt_build.py for tasks to queue
[2025-03-09T14:02:31.322+0000] {logging_mixin.py:188} INFO - [2025-03-09T14:02:31.321+0000] {dagbag.py:540} INFO - Filling up the DagBag from /opt/airflow/dags/dbt_build.py
[2025-03-09T14:02:31.417+0000] {processor.py:840} INFO - DAG(s) 'dbt_build' retrieved from /opt/airflow/dags/dbt_build.py
[2025-03-09T14:02:31.511+0000] {logging_mixin.py:188} INFO - [2025-03-09T14:02:31.510+0000] {dag.py:3096} INFO - Sync 1 DAGs
[2025-03-09T14:02:31.548+0000] {logging_mixin.py:188} INFO - [2025-03-09T14:02:31.548+0000] {dag.py:3954} INFO - Setting next_dagrun for dbt_build to 2025-03-08 23:00:00+00:00, run_after=2025-03-09 23:00:00+00:00
[2025-03-09T14:02:31.614+0000] {processor.py:183} INFO - Processing /opt/airflow/dags/dbt_build.py took 0.331 seconds
[2025-03-09T14:03:02.046+0000] {processor.py:161} INFO - Started process (PID=96) to work on /opt/airflow/dags/dbt_build.py
[2025-03-09T14:03:02.049+0000] {processor.py:830} INFO - Processing file /opt/airflow/dags/dbt_build.py for tasks to queue
[2025-03-09T14:03:02.053+0000] {logging_mixin.py:188} INFO - [2025-03-09T14:03:02.052+0000] {dagbag.py:540} INFO - Filling up the DagBag from /opt/airflow/dags/dbt_build.py
[2025-03-09T14:03:02.106+0000] {processor.py:840} INFO - DAG(s) 'dbt_build' retrieved from /opt/airflow/dags/dbt_build.py
[2025-03-09T14:03:02.168+0000] {logging_mixin.py:188} INFO - [2025-03-09T14:03:02.168+0000] {dag.py:3096} INFO - Sync 1 DAGs
[2025-03-09T14:03:02.213+0000] {logging_mixin.py:188} INFO - [2025-03-09T14:03:02.213+0000] {dag.py:3954} INFO - Setting next_dagrun for dbt_build to 2025-03-08 23:00:00+00:00, run_after=2025-03-09 23:00:00+00:00
[2025-03-09T14:03:02.268+0000] {processor.py:183} INFO - Processing /opt/airflow/dags/dbt_build.py took 0.245 seconds
[2025-03-09T14:03:32.484+0000] {processor.py:161} INFO - Started process (PID=103) to work on /opt/airflow/dags/dbt_build.py
[2025-03-09T14:03:32.486+0000] {processor.py:830} INFO - Processing file /opt/airflow/dags/dbt_build.py for tasks to queue
[2025-03-09T14:03:32.489+0000] {logging_mixin.py:188} INFO - [2025-03-09T14:03:32.488+0000] {dagbag.py:540} INFO - Filling up the DagBag from /opt/airflow/dags/dbt_build.py
[2025-03-09T14:03:32.525+0000] {processor.py:840} INFO - DAG(s) 'dbt_build' retrieved from /opt/airflow/dags/dbt_build.py
[2025-03-09T14:03:32.569+0000] {logging_mixin.py:188} INFO - [2025-03-09T14:03:32.568+0000] {dag.py:3096} INFO - Sync 1 DAGs
[2025-03-09T14:03:32.621+0000] {logging_mixin.py:188} INFO - [2025-03-09T14:03:32.620+0000] {dag.py:3954} INFO - Setting next_dagrun for dbt_build to 2025-03-08 23:00:00+00:00, run_after=2025-03-09 23:00:00+00:00
[2025-03-09T14:03:32.779+0000] {processor.py:183} INFO - Processing /opt/airflow/dags/dbt_build.py took 0.329 seconds
[2025-03-09T14:04:02.926+0000] {processor.py:161} INFO - Started process (PID=110) to work on /opt/airflow/dags/dbt_build.py
[2025-03-09T14:04:02.927+0000] {processor.py:830} INFO - Processing file /opt/airflow/dags/dbt_build.py for tasks to queue
[2025-03-09T14:04:02.929+0000] {logging_mixin.py:188} INFO - [2025-03-09T14:04:02.929+0000] {dagbag.py:540} INFO - Filling up the DagBag from /opt/airflow/dags/dbt_build.py
[2025-03-09T14:04:02.954+0000] {processor.py:840} INFO - DAG(s) 'dbt_build' retrieved from /opt/airflow/dags/dbt_build.py
[2025-03-09T14:04:02.995+0000] {logging_mixin.py:188} INFO - [2025-03-09T14:04:02.995+0000] {dag.py:3096} INFO - Sync 1 DAGs
[2025-03-09T14:04:03.028+0000] {logging_mixin.py:188} INFO - [2025-03-09T14:04:03.028+0000] {dag.py:3954} INFO - Setting next_dagrun for dbt_build to 2025-03-08 23:00:00+00:00, run_after=2025-03-09 23:00:00+00:00
[2025-03-09T14:04:03.090+0000] {processor.py:183} INFO - Processing /opt/airflow/dags/dbt_build.py took 0.176 seconds
[2025-03-09T14:04:33.306+0000] {processor.py:161} INFO - Started process (PID=117) to work on /opt/airflow/dags/dbt_build.py
[2025-03-09T14:04:33.308+0000] {processor.py:830} INFO - Processing file /opt/airflow/dags/dbt_build.py for tasks to queue
[2025-03-09T14:04:33.310+0000] {logging_mixin.py:188} INFO - [2025-03-09T14:04:33.309+0000] {dagbag.py:540} INFO - Filling up the DagBag from /opt/airflow/dags/dbt_build.py
[2025-03-09T14:04:33.333+0000] {processor.py:840} INFO - DAG(s) 'dbt_build' retrieved from /opt/airflow/dags/dbt_build.py
[2025-03-09T14:04:33.368+0000] {logging_mixin.py:188} INFO - [2025-03-09T14:04:33.368+0000] {dag.py:3096} INFO - Sync 1 DAGs
[2025-03-09T14:04:33.400+0000] {logging_mixin.py:188} INFO - [2025-03-09T14:04:33.400+0000] {dag.py:3954} INFO - Setting next_dagrun for dbt_build to 2025-03-08 23:00:00+00:00, run_after=2025-03-09 23:00:00+00:00
[2025-03-09T14:04:33.481+0000] {processor.py:183} INFO - Processing /opt/airflow/dags/dbt_build.py took 0.184 seconds
[2025-03-09T14:05:03.733+0000] {processor.py:161} INFO - Started process (PID=124) to work on /opt/airflow/dags/dbt_build.py
[2025-03-09T14:05:03.734+0000] {processor.py:830} INFO - Processing file /opt/airflow/dags/dbt_build.py for tasks to queue
[2025-03-09T14:05:03.737+0000] {logging_mixin.py:188} INFO - [2025-03-09T14:05:03.736+0000] {dagbag.py:540} INFO - Filling up the DagBag from /opt/airflow/dags/dbt_build.py
[2025-03-09T14:05:03.763+0000] {processor.py:840} INFO - DAG(s) 'dbt_build' retrieved from /opt/airflow/dags/dbt_build.py
[2025-03-09T14:05:03.807+0000] {logging_mixin.py:188} INFO - [2025-03-09T14:05:03.806+0000] {dag.py:3096} INFO - Sync 1 DAGs
[2025-03-09T14:05:03.840+0000] {logging_mixin.py:188} INFO - [2025-03-09T14:05:03.839+0000] {dag.py:3954} INFO - Setting next_dagrun for dbt_build to 2025-03-08 23:00:00+00:00, run_after=2025-03-09 23:00:00+00:00
[2025-03-09T14:05:03.903+0000] {processor.py:183} INFO - Processing /opt/airflow/dags/dbt_build.py took 0.180 seconds
[2025-03-09T14:05:34.268+0000] {processor.py:161} INFO - Started process (PID=130) to work on /opt/airflow/dags/dbt_build.py
[2025-03-09T14:05:34.273+0000] {processor.py:830} INFO - Processing file /opt/airflow/dags/dbt_build.py for tasks to queue
[2025-03-09T14:05:34.278+0000] {logging_mixin.py:188} INFO - [2025-03-09T14:05:34.276+0000] {dagbag.py:540} INFO - Filling up the DagBag from /opt/airflow/dags/dbt_build.py
[2025-03-09T14:05:34.314+0000] {processor.py:840} INFO - DAG(s) 'dbt_build' retrieved from /opt/airflow/dags/dbt_build.py
[2025-03-09T14:05:34.365+0000] {logging_mixin.py:188} INFO - [2025-03-09T14:05:34.365+0000] {dag.py:3096} INFO - Sync 1 DAGs
[2025-03-09T14:05:34.418+0000] {logging_mixin.py:188} INFO - [2025-03-09T14:05:34.417+0000] {dag.py:3954} INFO - Setting next_dagrun for dbt_build to 2025-03-08 23:00:00+00:00, run_after=2025-03-09 23:00:00+00:00
[2025-03-09T14:05:34.493+0000] {processor.py:183} INFO - Processing /opt/airflow/dags/dbt_build.py took 0.247 seconds
[2025-03-09T14:06:04.606+0000] {processor.py:161} INFO - Started process (PID=136) to work on /opt/airflow/dags/dbt_build.py
[2025-03-09T14:06:04.608+0000] {processor.py:830} INFO - Processing file /opt/airflow/dags/dbt_build.py for tasks to queue
[2025-03-09T14:06:04.611+0000] {logging_mixin.py:188} INFO - [2025-03-09T14:06:04.610+0000] {dagbag.py:540} INFO - Filling up the DagBag from /opt/airflow/dags/dbt_build.py
[2025-03-09T14:06:04.650+0000] {processor.py:840} INFO - DAG(s) 'dbt_build' retrieved from /opt/airflow/dags/dbt_build.py
[2025-03-09T14:06:04.687+0000] {logging_mixin.py:188} INFO - [2025-03-09T14:06:04.687+0000] {dag.py:3096} INFO - Sync 1 DAGs
[2025-03-09T14:06:04.720+0000] {logging_mixin.py:188} INFO - [2025-03-09T14:06:04.720+0000] {dag.py:3954} INFO - Setting next_dagrun for dbt_build to 2025-03-08 23:00:00+00:00, run_after=2025-03-09 23:00:00+00:00
[2025-03-09T14:06:04.768+0000] {processor.py:183} INFO - Processing /opt/airflow/dags/dbt_build.py took 0.171 seconds
[2025-03-09T14:06:34.940+0000] {processor.py:161} INFO - Started process (PID=143) to work on /opt/airflow/dags/dbt_build.py
[2025-03-09T14:06:34.941+0000] {processor.py:830} INFO - Processing file /opt/airflow/dags/dbt_build.py for tasks to queue
[2025-03-09T14:06:34.945+0000] {logging_mixin.py:188} INFO - [2025-03-09T14:06:34.944+0000] {dagbag.py:540} INFO - Filling up the DagBag from /opt/airflow/dags/dbt_build.py
[2025-03-09T14:06:34.974+0000] {processor.py:840} INFO - DAG(s) 'dbt_build' retrieved from /opt/airflow/dags/dbt_build.py
[2025-03-09T14:06:35.012+0000] {logging_mixin.py:188} INFO - [2025-03-09T14:06:35.011+0000] {dag.py:3096} INFO - Sync 1 DAGs
[2025-03-09T14:06:35.061+0000] {logging_mixin.py:188} INFO - [2025-03-09T14:06:35.060+0000] {dag.py:3954} INFO - Setting next_dagrun for dbt_build to 2025-03-08 23:00:00+00:00, run_after=2025-03-09 23:00:00+00:00
[2025-03-09T14:06:35.135+0000] {processor.py:183} INFO - Processing /opt/airflow/dags/dbt_build.py took 0.208 seconds
[2025-03-09T14:07:05.512+0000] {processor.py:161} INFO - Started process (PID=150) to work on /opt/airflow/dags/dbt_build.py
[2025-03-09T14:07:05.514+0000] {processor.py:830} INFO - Processing file /opt/airflow/dags/dbt_build.py for tasks to queue
[2025-03-09T14:07:05.517+0000] {logging_mixin.py:188} INFO - [2025-03-09T14:07:05.517+0000] {dagbag.py:540} INFO - Filling up the DagBag from /opt/airflow/dags/dbt_build.py
[2025-03-09T14:07:05.570+0000] {processor.py:840} INFO - DAG(s) 'dbt_build' retrieved from /opt/airflow/dags/dbt_build.py
[2025-03-09T14:07:05.641+0000] {logging_mixin.py:188} INFO - [2025-03-09T14:07:05.641+0000] {dag.py:3096} INFO - Sync 1 DAGs
[2025-03-09T14:07:05.745+0000] {logging_mixin.py:188} INFO - [2025-03-09T14:07:05.744+0000] {dag.py:3954} INFO - Setting next_dagrun for dbt_build to 2025-03-08 23:00:00+00:00, run_after=2025-03-09 23:00:00+00:00
[2025-03-09T14:07:05.842+0000] {processor.py:183} INFO - Processing /opt/airflow/dags/dbt_build.py took 0.350 seconds
[2025-03-09T14:07:36.044+0000] {processor.py:161} INFO - Started process (PID=156) to work on /opt/airflow/dags/dbt_build.py
[2025-03-09T14:07:36.046+0000] {processor.py:830} INFO - Processing file /opt/airflow/dags/dbt_build.py for tasks to queue
[2025-03-09T14:07:36.050+0000] {logging_mixin.py:188} INFO - [2025-03-09T14:07:36.049+0000] {dagbag.py:540} INFO - Filling up the DagBag from /opt/airflow/dags/dbt_build.py
[2025-03-09T14:07:36.120+0000] {processor.py:840} INFO - DAG(s) 'dbt_build' retrieved from /opt/airflow/dags/dbt_build.py
[2025-03-09T14:07:36.195+0000] {logging_mixin.py:188} INFO - [2025-03-09T14:07:36.195+0000] {dag.py:3096} INFO - Sync 1 DAGs
[2025-03-09T14:07:36.266+0000] {logging_mixin.py:188} INFO - [2025-03-09T14:07:36.265+0000] {dag.py:3954} INFO - Setting next_dagrun for dbt_build to 2025-03-08 23:00:00+00:00, run_after=2025-03-09 23:00:00+00:00
[2025-03-09T14:07:36.340+0000] {processor.py:183} INFO - Processing /opt/airflow/dags/dbt_build.py took 0.304 seconds
[2025-03-09T14:08:06.493+0000] {processor.py:161} INFO - Started process (PID=163) to work on /opt/airflow/dags/dbt_build.py
[2025-03-09T14:08:06.495+0000] {processor.py:830} INFO - Processing file /opt/airflow/dags/dbt_build.py for tasks to queue
[2025-03-09T14:08:06.506+0000] {logging_mixin.py:188} INFO - [2025-03-09T14:08:06.506+0000] {dagbag.py:540} INFO - Filling up the DagBag from /opt/airflow/dags/dbt_build.py
[2025-03-09T14:08:06.592+0000] {processor.py:840} INFO - DAG(s) 'dbt_build' retrieved from /opt/airflow/dags/dbt_build.py
[2025-03-09T14:08:06.697+0000] {logging_mixin.py:188} INFO - [2025-03-09T14:08:06.697+0000] {dag.py:3096} INFO - Sync 1 DAGs
[2025-03-09T14:08:06.806+0000] {logging_mixin.py:188} INFO - [2025-03-09T14:08:06.804+0000] {dag.py:3954} INFO - Setting next_dagrun for dbt_build to 2025-03-08 23:00:00+00:00, run_after=2025-03-09 23:00:00+00:00
[2025-03-09T14:08:06.885+0000] {processor.py:183} INFO - Processing /opt/airflow/dags/dbt_build.py took 0.405 seconds
[2025-03-09T14:08:37.288+0000] {processor.py:161} INFO - Started process (PID=170) to work on /opt/airflow/dags/dbt_build.py
[2025-03-09T14:08:37.305+0000] {processor.py:830} INFO - Processing file /opt/airflow/dags/dbt_build.py for tasks to queue
[2025-03-09T14:08:37.311+0000] {logging_mixin.py:188} INFO - [2025-03-09T14:08:37.310+0000] {dagbag.py:540} INFO - Filling up the DagBag from /opt/airflow/dags/dbt_build.py
[2025-03-09T14:08:37.362+0000] {processor.py:840} INFO - DAG(s) 'dbt_build' retrieved from /opt/airflow/dags/dbt_build.py
[2025-03-09T14:08:37.564+0000] {logging_mixin.py:188} INFO - [2025-03-09T14:08:37.563+0000] {dag.py:3096} INFO - Sync 1 DAGs
[2025-03-09T14:08:37.611+0000] {logging_mixin.py:188} INFO - [2025-03-09T14:08:37.611+0000] {dag.py:3954} INFO - Setting next_dagrun for dbt_build to 2025-03-08 23:00:00+00:00, run_after=2025-03-09 23:00:00+00:00
[2025-03-09T14:08:37.737+0000] {processor.py:183} INFO - Processing /opt/airflow/dags/dbt_build.py took 0.463 seconds
[2025-03-09T14:09:08.267+0000] {processor.py:161} INFO - Started process (PID=176) to work on /opt/airflow/dags/dbt_build.py
[2025-03-09T14:09:08.268+0000] {processor.py:830} INFO - Processing file /opt/airflow/dags/dbt_build.py for tasks to queue
[2025-03-09T14:09:08.272+0000] {logging_mixin.py:188} INFO - [2025-03-09T14:09:08.271+0000] {dagbag.py:540} INFO - Filling up the DagBag from /opt/airflow/dags/dbt_build.py
[2025-03-09T14:09:08.359+0000] {processor.py:840} INFO - DAG(s) 'dbt_build' retrieved from /opt/airflow/dags/dbt_build.py
[2025-03-09T14:09:08.449+0000] {logging_mixin.py:188} INFO - [2025-03-09T14:09:08.449+0000] {dag.py:3096} INFO - Sync 1 DAGs
[2025-03-09T14:09:08.502+0000] {logging_mixin.py:188} INFO - [2025-03-09T14:09:08.501+0000] {dag.py:3954} INFO - Setting next_dagrun for dbt_build to 2025-03-08 23:00:00+00:00, run_after=2025-03-09 23:00:00+00:00
[2025-03-09T14:09:08.559+0000] {processor.py:183} INFO - Processing /opt/airflow/dags/dbt_build.py took 0.303 seconds
[2025-03-09T14:09:38.785+0000] {processor.py:161} INFO - Started process (PID=183) to work on /opt/airflow/dags/dbt_build.py
[2025-03-09T14:09:38.788+0000] {processor.py:830} INFO - Processing file /opt/airflow/dags/dbt_build.py for tasks to queue
[2025-03-09T14:09:38.797+0000] {logging_mixin.py:188} INFO - [2025-03-09T14:09:38.796+0000] {dagbag.py:540} INFO - Filling up the DagBag from /opt/airflow/dags/dbt_build.py
[2025-03-09T14:09:38.874+0000] {processor.py:840} INFO - DAG(s) 'dbt_build' retrieved from /opt/airflow/dags/dbt_build.py
[2025-03-09T14:09:38.926+0000] {logging_mixin.py:188} INFO - [2025-03-09T14:09:38.925+0000] {dag.py:3096} INFO - Sync 1 DAGs
[2025-03-09T14:09:38.966+0000] {logging_mixin.py:188} INFO - [2025-03-09T14:09:38.966+0000] {dag.py:3954} INFO - Setting next_dagrun for dbt_build to 2025-03-08 23:00:00+00:00, run_after=2025-03-09 23:00:00+00:00
[2025-03-09T14:09:39.124+0000] {processor.py:183} INFO - Processing /opt/airflow/dags/dbt_build.py took 0.359 seconds
[2025-03-09T14:10:09.510+0000] {processor.py:161} INFO - Started process (PID=190) to work on /opt/airflow/dags/dbt_build.py
[2025-03-09T14:10:09.512+0000] {processor.py:830} INFO - Processing file /opt/airflow/dags/dbt_build.py for tasks to queue
[2025-03-09T14:10:09.518+0000] {logging_mixin.py:188} INFO - [2025-03-09T14:10:09.517+0000] {dagbag.py:540} INFO - Filling up the DagBag from /opt/airflow/dags/dbt_build.py
[2025-03-09T14:10:09.593+0000] {processor.py:840} INFO - DAG(s) 'dbt_build' retrieved from /opt/airflow/dags/dbt_build.py
[2025-03-09T14:10:09.645+0000] {logging_mixin.py:188} INFO - [2025-03-09T14:10:09.645+0000] {dag.py:3096} INFO - Sync 1 DAGs
[2025-03-09T14:10:09.677+0000] {logging_mixin.py:188} INFO - [2025-03-09T14:10:09.677+0000] {dag.py:3954} INFO - Setting next_dagrun for dbt_build to 2025-03-08 23:00:00+00:00, run_after=2025-03-09 23:00:00+00:00
[2025-03-09T14:10:09.929+0000] {processor.py:183} INFO - Processing /opt/airflow/dags/dbt_build.py took 0.454 seconds
[2025-03-09T14:10:40.573+0000] {processor.py:161} INFO - Started process (PID=198) to work on /opt/airflow/dags/dbt_build.py
[2025-03-09T14:10:40.575+0000] {processor.py:830} INFO - Processing file /opt/airflow/dags/dbt_build.py for tasks to queue
[2025-03-09T14:10:40.579+0000] {logging_mixin.py:188} INFO - [2025-03-09T14:10:40.578+0000] {dagbag.py:540} INFO - Filling up the DagBag from /opt/airflow/dags/dbt_build.py
[2025-03-09T14:10:40.618+0000] {processor.py:840} INFO - DAG(s) 'dbt_build' retrieved from /opt/airflow/dags/dbt_build.py
[2025-03-09T14:10:40.671+0000] {logging_mixin.py:188} INFO - [2025-03-09T14:10:40.670+0000] {dag.py:3096} INFO - Sync 1 DAGs
[2025-03-09T14:10:40.769+0000] {logging_mixin.py:188} INFO - [2025-03-09T14:10:40.767+0000] {dag.py:3954} INFO - Setting next_dagrun for dbt_build to 2025-03-08 23:00:00+00:00, run_after=2025-03-09 23:00:00+00:00
[2025-03-09T14:10:40.869+0000] {processor.py:183} INFO - Processing /opt/airflow/dags/dbt_build.py took 0.305 seconds
[2025-03-09T14:11:11.800+0000] {processor.py:161} INFO - Started process (PID=205) to work on /opt/airflow/dags/dbt_build.py
[2025-03-09T14:11:11.802+0000] {processor.py:830} INFO - Processing file /opt/airflow/dags/dbt_build.py for tasks to queue
[2025-03-09T14:11:11.807+0000] {logging_mixin.py:188} INFO - [2025-03-09T14:11:11.806+0000] {dagbag.py:540} INFO - Filling up the DagBag from /opt/airflow/dags/dbt_build.py
[2025-03-09T14:11:11.842+0000] {processor.py:840} INFO - DAG(s) 'dbt_build' retrieved from /opt/airflow/dags/dbt_build.py
[2025-03-09T14:11:11.880+0000] {logging_mixin.py:188} INFO - [2025-03-09T14:11:11.879+0000] {dag.py:3096} INFO - Sync 1 DAGs
[2025-03-09T14:11:11.914+0000] {logging_mixin.py:188} INFO - [2025-03-09T14:11:11.913+0000] {dag.py:3954} INFO - Setting next_dagrun for dbt_build to 2025-03-08 23:00:00+00:00, run_after=2025-03-09 23:00:00+00:00
[2025-03-09T14:11:11.983+0000] {processor.py:183} INFO - Processing /opt/airflow/dags/dbt_build.py took 0.208 seconds
[2025-03-09T14:11:42.284+0000] {processor.py:161} INFO - Started process (PID=213) to work on /opt/airflow/dags/dbt_build.py
[2025-03-09T14:11:42.288+0000] {processor.py:830} INFO - Processing file /opt/airflow/dags/dbt_build.py for tasks to queue
[2025-03-09T14:11:42.294+0000] {logging_mixin.py:188} INFO - [2025-03-09T14:11:42.294+0000] {dagbag.py:540} INFO - Filling up the DagBag from /opt/airflow/dags/dbt_build.py
[2025-03-09T14:11:42.332+0000] {processor.py:840} INFO - DAG(s) 'dbt_build' retrieved from /opt/airflow/dags/dbt_build.py
[2025-03-09T14:11:42.370+0000] {logging_mixin.py:188} INFO - [2025-03-09T14:11:42.369+0000] {dag.py:3096} INFO - Sync 1 DAGs
[2025-03-09T14:11:42.404+0000] {logging_mixin.py:188} INFO - [2025-03-09T14:11:42.403+0000] {dag.py:3954} INFO - Setting next_dagrun for dbt_build to 2025-03-08 23:00:00+00:00, run_after=2025-03-09 23:00:00+00:00
[2025-03-09T14:11:42.466+0000] {processor.py:183} INFO - Processing /opt/airflow/dags/dbt_build.py took 0.206 seconds
[2025-03-09T14:12:12.794+0000] {processor.py:161} INFO - Started process (PID=219) to work on /opt/airflow/dags/dbt_build.py
[2025-03-09T14:12:12.796+0000] {processor.py:830} INFO - Processing file /opt/airflow/dags/dbt_build.py for tasks to queue
[2025-03-09T14:12:12.800+0000] {logging_mixin.py:188} INFO - [2025-03-09T14:12:12.799+0000] {dagbag.py:540} INFO - Filling up the DagBag from /opt/airflow/dags/dbt_build.py
[2025-03-09T14:12:12.829+0000] {processor.py:840} INFO - DAG(s) 'dbt_build' retrieved from /opt/airflow/dags/dbt_build.py
[2025-03-09T14:12:12.870+0000] {logging_mixin.py:188} INFO - [2025-03-09T14:12:12.870+0000] {dag.py:3096} INFO - Sync 1 DAGs
[2025-03-09T14:12:12.918+0000] {logging_mixin.py:188} INFO - [2025-03-09T14:12:12.918+0000] {dag.py:3954} INFO - Setting next_dagrun for dbt_build to 2025-03-08 23:00:00+00:00, run_after=2025-03-09 23:00:00+00:00
[2025-03-09T14:12:12.992+0000] {processor.py:183} INFO - Processing /opt/airflow/dags/dbt_build.py took 0.208 seconds
